2025-09-24 20:21:35 | INFO | Called process_message() with:
2025-09-24 20:21:35 | INFO |    message={'message': 'I just found a story! It was boring.', 'author': 'Eve', 'timestamp': '2025-09-24 20:16:22', 'category': 'other', 'sentiment': 0.15, 'keyword_mentioned': 'other', 'message_length': 36}
2025-09-24 20:21:35 | INFO | Processed message: {'message': 'I just found a story! It was boring.', 'author': 'Eve', 'timestamp': '2025-09-24 20:16:22', 'category': 'other', 'sentiment': 0.15, 'keyword_mentioned': 'other', 'message_length': 36}
2025-09-24 20:21:35 | INFO | Calling SQLite insert_message() with:
2025-09-24 20:21:35 | INFO | message={'message': 'I just found a story! It was boring.', 'author': 'Eve', 'timestamp': '2025-09-24 20:16:22', 'category': 'other', 'sentiment': 0.15, 'keyword_mentioned': 'other', 'message_length': 36}
2025-09-24 20:21:35 | INFO | db_path=PosixPath('PROJECT_ROOT/data/buzz.sqlite')
2025-09-24 20:21:37 | INFO | Inserted one message into the database.
2025-09-24 20:21:37 | INFO | Called process_message() with:
2025-09-24 20:21:37 | INFO |    message={'message': 'I just found an app! It was weird.', 'author': 'Bob', 'timestamp': '2025-09-24 20:16:27', 'category': 'other', 'sentiment': 0.92, 'keyword_mentioned': 'other', 'message_length': 34}
2025-09-24 20:21:37 | INFO | Processed message: {'message': 'I just found an app! It was weird.', 'author': 'Bob', 'timestamp': '2025-09-24 20:16:27', 'category': 'other', 'sentiment': 0.92, 'keyword_mentioned': 'other', 'message_length': 34}
2025-09-24 20:21:37 | INFO | Calling SQLite insert_message() with:
2025-09-24 20:21:37 | INFO | message={'message': 'I just found an app! It was weird.', 'author': 'Bob', 'timestamp': '2025-09-24 20:16:27', 'category': 'other', 'sentiment': 0.92, 'keyword_mentioned': 'other', 'message_length': 34}
2025-09-24 20:21:37 | INFO | db_path=PosixPath('PROJECT_ROOT/data/buzz.sqlite')
2025-09-24 20:21:37 | INFO | Inserted one message into the database.
2025-09-24 20:21:37 | INFO | Called process_message() with:
2025-09-24 20:21:37 | INFO |    message={'message': 'I just saw recipe! It was amazing.', 'author': 'Eve', 'timestamp': '2025-09-24 20:16:32', 'category': 'food', 'sentiment': 0.01, 'keyword_mentioned': 'recipe', 'message_length': 34}
2025-09-24 20:21:37 | INFO | Processed message: {'message': 'I just saw recipe! It was amazing.', 'author': 'Eve', 'timestamp': '2025-09-24 20:16:32', 'category': 'food', 'sentiment': 0.01, 'keyword_mentioned': 'recipe', 'message_length': 34}
2025-09-24 20:21:37 | INFO | Calling SQLite insert_message() with:
2025-09-24 20:21:37 | INFO | message={'message': 'I just saw recipe! It was amazing.', 'author': 'Eve', 'timestamp': '2025-09-24 20:16:32', 'category': 'food', 'sentiment': 0.01, 'keyword_mentioned': 'recipe', 'message_length': 34}
2025-09-24 20:21:37 | INFO | db_path=PosixPath('PROJECT_ROOT/data/buzz.sqlite')
2025-09-24 20:21:38 | INFO | Inserted one message into the database.
2025-09-24 20:21:38 | INFO | Called process_message() with:
2025-09-24 20:21:38 | INFO |    message={'message': 'I just saw an app! It was weird.', 'author': 'Bob', 'timestamp': '2025-09-24 20:16:38', 'category': 'other', 'sentiment': 0.24, 'keyword_mentioned': 'other', 'message_length': 32}
2025-09-24 20:21:38 | INFO | Processed message: {'message': 'I just saw an app! It was weird.', 'author': 'Bob', 'timestamp': '2025-09-24 20:16:38', 'category': 'other', 'sentiment': 0.24, 'keyword_mentioned': 'other', 'message_length': 32}
2025-09-24 20:21:38 | INFO | Calling SQLite insert_message() with:
2025-09-24 20:21:38 | INFO | message={'message': 'I just saw an app! It was weird.', 'author': 'Bob', 'timestamp': '2025-09-24 20:16:38', 'category': 'other', 'sentiment': 0.24, 'keyword_mentioned': 'other', 'message_length': 32}
2025-09-24 20:21:38 | INFO | db_path=PosixPath('PROJECT_ROOT/data/buzz.sqlite')
2025-09-24 20:21:38 | INFO | Inserted one message into the database.
2025-09-24 20:21:38 | INFO | Called process_message() with:
2025-09-24 20:21:38 | INFO |    message={'message': 'I just tried a meme! It was weird.', 'author': 'Eve', 'timestamp': '2025-09-24 20:16:43', 'category': 'humor', 'sentiment': 0.84, 'keyword_mentioned': 'meme', 'message_length': 34}
2025-09-24 20:21:38 | INFO | Processed message: {'message': 'I just tried a meme! It was weird.', 'author': 'Eve', 'timestamp': '2025-09-24 20:16:43', 'category': 'humor', 'sentiment': 0.84, 'keyword_mentioned': 'meme', 'message_length': 34}
2025-09-24 20:21:38 | INFO | Calling SQLite insert_message() with:
2025-09-24 20:21:38 | INFO | message={'message': 'I just tried a meme! It was weird.', 'author': 'Eve', 'timestamp': '2025-09-24 20:16:43', 'category': 'humor', 'sentiment': 0.84, 'keyword_mentioned': 'meme', 'message_length': 34}
2025-09-24 20:21:38 | INFO | db_path=PosixPath('PROJECT_ROOT/data/buzz.sqlite')
2025-09-24 20:21:39 | INFO | Inserted one message into the database.
2025-09-24 20:21:39 | INFO | Called process_message() with:
2025-09-24 20:21:39 | INFO |    message={'message': 'I just tried a meme! It was amazing.', 'author': 'Bob', 'timestamp': '2025-09-24 20:16:48', 'category': 'humor', 'sentiment': 0.22, 'keyword_mentioned': 'meme', 'message_length': 36}
2025-09-24 20:21:39 | INFO | Processed message: {'message': 'I just tried a meme! It was amazing.', 'author': 'Bob', 'timestamp': '2025-09-24 20:16:48', 'category': 'humor', 'sentiment': 0.22, 'keyword_mentioned': 'meme', 'message_length': 36}
2025-09-24 20:21:39 | INFO | Calling SQLite insert_message() with:
2025-09-24 20:21:39 | INFO | message={'message': 'I just tried a meme! It was amazing.', 'author': 'Bob', 'timestamp': '2025-09-24 20:16:48', 'category': 'humor', 'sentiment': 0.22, 'keyword_mentioned': 'meme', 'message_length': 36}
2025-09-24 20:21:39 | INFO | db_path=PosixPath('PROJECT_ROOT/data/buzz.sqlite')
2025-09-24 20:21:39 | INFO | Inserted one message into the database.
2025-09-24 20:21:39 | INFO | Called process_message() with:
2025-09-24 20:21:39 | INFO |    message={'message': 'I just tried a trick! It was weird.', 'author': 'Charlie', 'timestamp': '2025-09-24 20:16:53', 'category': 'other', 'sentiment': 0.07, 'keyword_mentioned': 'other', 'message_length': 35}
2025-09-24 20:21:39 | INFO | Processed message: {'message': 'I just tried a trick! It was weird.', 'author': 'Charlie', 'timestamp': '2025-09-24 20:16:53', 'category': 'other', 'sentiment': 0.07, 'keyword_mentioned': 'other', 'message_length': 35}
2025-09-24 20:21:39 | INFO | Calling SQLite insert_message() with:
2025-09-24 20:21:39 | INFO | message={'message': 'I just tried a trick! It was weird.', 'author': 'Charlie', 'timestamp': '2025-09-24 20:16:53', 'category': 'other', 'sentiment': 0.07, 'keyword_mentioned': 'other', 'message_length': 35}
2025-09-24 20:21:39 | INFO | db_path=PosixPath('PROJECT_ROOT/data/buzz.sqlite')
2025-09-24 20:21:40 | INFO | Inserted one message into the database.
2025-09-24 20:21:40 | INFO | Called process_message() with:
2025-09-24 20:21:40 | INFO |    message={'message': 'I just loved travel! It was amazing.', 'author': 'Bob', 'timestamp': '2025-09-24 20:16:58', 'category': 'travel', 'sentiment': 0.19, 'keyword_mentioned': 'travel', 'message_length': 36}
2025-09-24 20:21:40 | INFO | Processed message: {'message': 'I just loved travel! It was amazing.', 'author': 'Bob', 'timestamp': '2025-09-24 20:16:58', 'category': 'travel', 'sentiment': 0.19, 'keyword_mentioned': 'travel', 'message_length': 36}
2025-09-24 20:21:40 | INFO | Calling SQLite insert_message() with:
2025-09-24 20:21:40 | INFO | message={'message': 'I just loved travel! It was amazing.', 'author': 'Bob', 'timestamp': '2025-09-24 20:16:58', 'category': 'travel', 'sentiment': 0.19, 'keyword_mentioned': 'travel', 'message_length': 36}
2025-09-24 20:21:40 | INFO | db_path=PosixPath('PROJECT_ROOT/data/buzz.sqlite')
2025-09-24 20:21:40 | INFO | Inserted one message into the database.
2025-09-24 20:21:40 | INFO | Called process_message() with:
2025-09-24 20:21:40 | INFO |    message={'message': 'I just tried a trick! It was funny.', 'author': 'Alice', 'timestamp': '2025-09-24 20:17:03', 'category': 'other', 'sentiment': 0.73, 'keyword_mentioned': 'other', 'message_length': 35}
2025-09-24 20:21:40 | INFO | Processed message: {'message': 'I just tried a trick! It was funny.', 'author': 'Alice', 'timestamp': '2025-09-24 20:17:03', 'category': 'other', 'sentiment': 0.73, 'keyword_mentioned': 'other', 'message_length': 35}
2025-09-24 20:21:40 | INFO | Calling SQLite insert_message() with:
2025-09-24 20:21:40 | INFO | message={'message': 'I just tried a trick! It was funny.', 'author': 'Alice', 'timestamp': '2025-09-24 20:17:03', 'category': 'other', 'sentiment': 0.73, 'keyword_mentioned': 'other', 'message_length': 35}
2025-09-24 20:21:40 | INFO | db_path=PosixPath('PROJECT_ROOT/data/buzz.sqlite')
2025-09-24 20:21:40 | INFO | Inserted one message into the database.
2025-09-24 20:21:40 | INFO | Called process_message() with:
2025-09-24 20:21:40 | INFO |    message={'message': 'I just tried a story! It was funny.', 'author': 'Charlie', 'timestamp': '2025-09-24 20:17:08', 'category': 'other', 'sentiment': 0.06, 'keyword_mentioned': 'other', 'message_length': 35}
2025-09-24 20:21:40 | INFO | Processed message: {'message': 'I just tried a story! It was funny.', 'author': 'Charlie', 'timestamp': '2025-09-24 20:17:08', 'category': 'other', 'sentiment': 0.06, 'keyword_mentioned': 'other', 'message_length': 35}
2025-09-24 20:21:40 | INFO | Calling SQLite insert_message() with:
2025-09-24 20:21:40 | INFO | message={'message': 'I just tried a story! It was funny.', 'author': 'Charlie', 'timestamp': '2025-09-24 20:17:08', 'category': 'other', 'sentiment': 0.06, 'keyword_mentioned': 'other', 'message_length': 35}
2025-09-24 20:21:40 | INFO | db_path=PosixPath('PROJECT_ROOT/data/buzz.sqlite')
2025-09-24 20:21:41 | INFO | Inserted one message into the database.
2025-09-24 20:21:41 | INFO | Called process_message() with:
2025-09-24 20:21:41 | INFO |    message={'message': 'I just loved an app! It was funny.', 'author': 'Alice', 'timestamp': '2025-09-24 20:17:14', 'category': 'other', 'sentiment': 0.81, 'keyword_mentioned': 'other', 'message_length': 34}
2025-09-24 20:21:41 | INFO | Processed message: {'message': 'I just loved an app! It was funny.', 'author': 'Alice', 'timestamp': '2025-09-24 20:17:14', 'category': 'other', 'sentiment': 0.81, 'keyword_mentioned': 'other', 'message_length': 34}
2025-09-24 20:21:41 | INFO | Calling SQLite insert_message() with:
2025-09-24 20:21:41 | INFO | message={'message': 'I just loved an app! It was funny.', 'author': 'Alice', 'timestamp': '2025-09-24 20:17:14', 'category': 'other', 'sentiment': 0.81, 'keyword_mentioned': 'other', 'message_length': 34}
2025-09-24 20:21:41 | INFO | db_path=PosixPath('PROJECT_ROOT/data/buzz.sqlite')
2025-09-24 20:21:42 | INFO | Inserted one message into the database.
2025-09-24 20:21:42 | INFO | Called process_message() with:
2025-09-24 20:21:42 | INFO |    message={'message': 'I just tried a trick! It was boring.', 'author': 'Alice', 'timestamp': '2025-09-24 20:17:19', 'category': 'other', 'sentiment': 0.33, 'keyword_mentioned': 'other', 'message_length': 36}
2025-09-24 20:21:42 | INFO | Processed message: {'message': 'I just tried a trick! It was boring.', 'author': 'Alice', 'timestamp': '2025-09-24 20:17:19', 'category': 'other', 'sentiment': 0.33, 'keyword_mentioned': 'other', 'message_length': 36}
2025-09-24 20:21:42 | INFO | Calling SQLite insert_message() with:
2025-09-24 20:21:42 | INFO | message={'message': 'I just tried a trick! It was boring.', 'author': 'Alice', 'timestamp': '2025-09-24 20:17:19', 'category': 'other', 'sentiment': 0.33, 'keyword_mentioned': 'other', 'message_length': 36}
2025-09-24 20:21:42 | INFO | db_path=PosixPath('PROJECT_ROOT/data/buzz.sqlite')
2025-09-24 20:21:43 | INFO | Inserted one message into the database.
2025-09-24 20:21:43 | INFO | Called process_message() with:
2025-09-24 20:21:43 | INFO |    message={'message': 'I just found a meme! It was weird.', 'author': 'Bob', 'timestamp': '2025-09-24 20:17:24', 'category': 'humor', 'sentiment': 0.32, 'keyword_mentioned': 'meme', 'message_length': 34}
2025-09-24 20:21:43 | INFO | Processed message: {'message': 'I just found a meme! It was weird.', 'author': 'Bob', 'timestamp': '2025-09-24 20:17:24', 'category': 'humor', 'sentiment': 0.32, 'keyword_mentioned': 'meme', 'message_length': 34}
2025-09-24 20:21:43 | INFO | Calling SQLite insert_message() with:
2025-09-24 20:21:43 | INFO | message={'message': 'I just found a meme! It was weird.', 'author': 'Bob', 'timestamp': '2025-09-24 20:17:24', 'category': 'humor', 'sentiment': 0.32, 'keyword_mentioned': 'meme', 'message_length': 34}
2025-09-24 20:21:43 | INFO | db_path=PosixPath('PROJECT_ROOT/data/buzz.sqlite')
2025-09-24 20:21:43 | INFO | Inserted one message into the database.
2025-09-24 20:21:43 | INFO | Called process_message() with:
2025-09-24 20:21:43 | INFO |    message={'message': 'I just tried a trick! It was funny.', 'author': 'Eve', 'timestamp': '2025-09-24 20:17:29', 'category': 'other', 'sentiment': 0.82, 'keyword_mentioned': 'other', 'message_length': 35}
2025-09-24 20:21:43 | INFO | Processed message: {'message': 'I just tried a trick! It was funny.', 'author': 'Eve', 'timestamp': '2025-09-24 20:17:29', 'category': 'other', 'sentiment': 0.82, 'keyword_mentioned': 'other', 'message_length': 35}
2025-09-24 20:21:43 | INFO | Calling SQLite insert_message() with:
2025-09-24 20:21:43 | INFO | message={'message': 'I just tried a trick! It was funny.', 'author': 'Eve', 'timestamp': '2025-09-24 20:17:29', 'category': 'other', 'sentiment': 0.82, 'keyword_mentioned': 'other', 'message_length': 35}
2025-09-24 20:21:43 | INFO | db_path=PosixPath('PROJECT_ROOT/data/buzz.sqlite')
2025-09-24 20:21:44 | INFO | Inserted one message into the database.
2025-09-24 20:21:44 | INFO | Called process_message() with:
2025-09-24 20:21:44 | INFO |    message={'message': 'I just saw a story! It was weird.', 'author': 'Charlie', 'timestamp': '2025-09-24 20:17:34', 'category': 'other', 'sentiment': 0.38, 'keyword_mentioned': 'other', 'message_length': 33}
2025-09-24 20:21:44 | INFO | Processed message: {'message': 'I just saw a story! It was weird.', 'author': 'Charlie', 'timestamp': '2025-09-24 20:17:34', 'category': 'other', 'sentiment': 0.38, 'keyword_mentioned': 'other', 'message_length': 33}
2025-09-24 20:21:44 | INFO | Calling SQLite insert_message() with:
2025-09-24 20:21:44 | INFO | message={'message': 'I just saw a story! It was weird.', 'author': 'Charlie', 'timestamp': '2025-09-24 20:17:34', 'category': 'other', 'sentiment': 0.38, 'keyword_mentioned': 'other', 'message_length': 33}
2025-09-24 20:21:44 | INFO | db_path=PosixPath('PROJECT_ROOT/data/buzz.sqlite')
2025-09-24 20:21:45 | INFO | Inserted one message into the database.
2025-09-24 20:21:45 | INFO | Called process_message() with:
2025-09-24 20:21:45 | INFO |    message={'message': 'I just shared travel! It was exciting.', 'author': 'Alice', 'timestamp': '2025-09-24 20:17:39', 'category': 'travel', 'sentiment': 0.29, 'keyword_mentioned': 'travel', 'message_length': 38}
2025-09-24 20:21:45 | INFO | Processed message: {'message': 'I just shared travel! It was exciting.', 'author': 'Alice', 'timestamp': '2025-09-24 20:17:39', 'category': 'travel', 'sentiment': 0.29, 'keyword_mentioned': 'travel', 'message_length': 38}
2025-09-24 20:21:45 | INFO | Calling SQLite insert_message() with:
2025-09-24 20:21:45 | INFO | message={'message': 'I just shared travel! It was exciting.', 'author': 'Alice', 'timestamp': '2025-09-24 20:17:39', 'category': 'travel', 'sentiment': 0.29, 'keyword_mentioned': 'travel', 'message_length': 38}
2025-09-24 20:21:45 | INFO | db_path=PosixPath('PROJECT_ROOT/data/buzz.sqlite')
2025-09-24 20:21:45 | INFO | Inserted one message into the database.
2025-09-24 20:21:45 | INFO | Called process_message() with:
2025-09-24 20:21:45 | INFO |    message={'message': 'I just shared an app! It was funny.', 'author': 'Alice', 'timestamp': '2025-09-24 20:17:44', 'category': 'other', 'sentiment': 0.55, 'keyword_mentioned': 'other', 'message_length': 35}
2025-09-24 20:21:45 | INFO | Processed message: {'message': 'I just shared an app! It was funny.', 'author': 'Alice', 'timestamp': '2025-09-24 20:17:44', 'category': 'other', 'sentiment': 0.55, 'keyword_mentioned': 'other', 'message_length': 35}
2025-09-24 20:21:45 | INFO | Calling SQLite insert_message() with:
2025-09-24 20:21:45 | INFO | message={'message': 'I just shared an app! It was funny.', 'author': 'Alice', 'timestamp': '2025-09-24 20:17:44', 'category': 'other', 'sentiment': 0.55, 'keyword_mentioned': 'other', 'message_length': 35}
2025-09-24 20:21:45 | INFO | db_path=PosixPath('PROJECT_ROOT/data/buzz.sqlite')
2025-09-24 20:21:46 | INFO | Inserted one message into the database.
2025-09-24 20:21:46 | INFO | Called process_message() with:
2025-09-24 20:21:46 | INFO |    message={'message': 'I just saw a trick! It was funny.', 'author': 'Eve', 'timestamp': '2025-09-24 20:17:49', 'category': 'other', 'sentiment': 0.76, 'keyword_mentioned': 'other', 'message_length': 33}
2025-09-24 20:21:46 | INFO | Processed message: {'message': 'I just saw a trick! It was funny.', 'author': 'Eve', 'timestamp': '2025-09-24 20:17:49', 'category': 'other', 'sentiment': 0.76, 'keyword_mentioned': 'other', 'message_length': 33}
2025-09-24 20:21:46 | INFO | Calling SQLite insert_message() with:
2025-09-24 20:21:46 | INFO | message={'message': 'I just saw a trick! It was funny.', 'author': 'Eve', 'timestamp': '2025-09-24 20:17:49', 'category': 'other', 'sentiment': 0.76, 'keyword_mentioned': 'other', 'message_length': 33}
2025-09-24 20:21:46 | INFO | db_path=PosixPath('PROJECT_ROOT/data/buzz.sqlite')
2025-09-24 20:21:46 | INFO | Inserted one message into the database.
2025-09-24 20:21:46 | INFO | Called process_message() with:
2025-09-24 20:21:46 | INFO |    message={'message': 'I just saw an app! It was exciting.', 'author': 'Eve', 'timestamp': '2025-09-24 20:17:54', 'category': 'other', 'sentiment': 0.95, 'keyword_mentioned': 'other', 'message_length': 35}
2025-09-24 20:21:46 | INFO | Processed message: {'message': 'I just saw an app! It was exciting.', 'author': 'Eve', 'timestamp': '2025-09-24 20:17:54', 'category': 'other', 'sentiment': 0.95, 'keyword_mentioned': 'other', 'message_length': 35}
2025-09-24 20:21:46 | INFO | Calling SQLite insert_message() with:
2025-09-24 20:21:46 | INFO | message={'message': 'I just saw an app! It was exciting.', 'author': 'Eve', 'timestamp': '2025-09-24 20:17:54', 'category': 'other', 'sentiment': 0.95, 'keyword_mentioned': 'other', 'message_length': 35}
2025-09-24 20:21:46 | INFO | db_path=PosixPath('PROJECT_ROOT/data/buzz.sqlite')
2025-09-24 20:21:46 | INFO | Inserted one message into the database.
2025-09-24 20:21:46 | INFO | Called process_message() with:
2025-09-24 20:21:46 | INFO |    message={'message': 'I just loved Python! It was amazing.', 'author': 'Charlie', 'timestamp': '2025-09-24 20:17:59', 'category': 'tech', 'sentiment': 0.8, 'keyword_mentioned': 'Python', 'message_length': 36}
2025-09-24 20:21:46 | INFO | Processed message: {'message': 'I just loved Python! It was amazing.', 'author': 'Charlie', 'timestamp': '2025-09-24 20:17:59', 'category': 'tech', 'sentiment': 0.8, 'keyword_mentioned': 'Python', 'message_length': 36}
2025-09-24 20:21:46 | INFO | Calling SQLite insert_message() with:
2025-09-24 20:21:46 | INFO | message={'message': 'I just loved Python! It was amazing.', 'author': 'Charlie', 'timestamp': '2025-09-24 20:17:59', 'category': 'tech', 'sentiment': 0.8, 'keyword_mentioned': 'Python', 'message_length': 36}
2025-09-24 20:21:46 | INFO | db_path=PosixPath('PROJECT_ROOT/data/buzz.sqlite')
2025-09-24 20:21:46 | INFO | Inserted one message into the database.
2025-09-24 20:21:46 | INFO | Called process_message() with:
2025-09-24 20:21:46 | INFO |    message={'message': 'I just found a trick! It was amazing.', 'author': 'Charlie', 'timestamp': '2025-09-24 20:18:04', 'category': 'other', 'sentiment': 0.0, 'keyword_mentioned': 'other', 'message_length': 37}
2025-09-24 20:21:46 | INFO | Processed message: {'message': 'I just found a trick! It was amazing.', 'author': 'Charlie', 'timestamp': '2025-09-24 20:18:04', 'category': 'other', 'sentiment': 0.0, 'keyword_mentioned': 'other', 'message_length': 37}
2025-09-24 20:21:46 | INFO | Calling SQLite insert_message() with:
2025-09-24 20:21:46 | INFO | message={'message': 'I just found a trick! It was amazing.', 'author': 'Charlie', 'timestamp': '2025-09-24 20:18:04', 'category': 'other', 'sentiment': 0.0, 'keyword_mentioned': 'other', 'message_length': 37}
2025-09-24 20:21:46 | INFO | db_path=PosixPath('PROJECT_ROOT/data/buzz.sqlite')
2025-09-24 20:21:47 | INFO | Inserted one message into the database.
2025-09-24 20:21:47 | INFO | Called process_message() with:
2025-09-24 20:21:47 | INFO |    message={'message': 'I just loved an app! It was exciting.', 'author': 'Bob', 'timestamp': '2025-09-24 20:18:09', 'category': 'other', 'sentiment': 0.28, 'keyword_mentioned': 'other', 'message_length': 37}
2025-09-24 20:21:47 | INFO | Processed message: {'message': 'I just loved an app! It was exciting.', 'author': 'Bob', 'timestamp': '2025-09-24 20:18:09', 'category': 'other', 'sentiment': 0.28, 'keyword_mentioned': 'other', 'message_length': 37}
2025-09-24 20:21:47 | INFO | Calling SQLite insert_message() with:
2025-09-24 20:21:47 | INFO | message={'message': 'I just loved an app! It was exciting.', 'author': 'Bob', 'timestamp': '2025-09-24 20:18:09', 'category': 'other', 'sentiment': 0.28, 'keyword_mentioned': 'other', 'message_length': 37}
2025-09-24 20:21:47 | INFO | db_path=PosixPath('PROJECT_ROOT/data/buzz.sqlite')
2025-09-24 20:21:47 | INFO | Inserted one message into the database.
2025-09-24 20:21:47 | INFO | Called process_message() with:
2025-09-24 20:21:47 | INFO |    message={'message': 'I just loved a meme! It was boring.', 'author': 'Charlie', 'timestamp': '2025-09-24 20:18:14', 'category': 'humor', 'sentiment': 0.12, 'keyword_mentioned': 'meme', 'message_length': 35}
2025-09-24 20:21:47 | INFO | Processed message: {'message': 'I just loved a meme! It was boring.', 'author': 'Charlie', 'timestamp': '2025-09-24 20:18:14', 'category': 'humor', 'sentiment': 0.12, 'keyword_mentioned': 'meme', 'message_length': 35}
2025-09-24 20:21:47 | INFO | Calling SQLite insert_message() with:
2025-09-24 20:21:47 | INFO | message={'message': 'I just loved a meme! It was boring.', 'author': 'Charlie', 'timestamp': '2025-09-24 20:18:14', 'category': 'humor', 'sentiment': 0.12, 'keyword_mentioned': 'meme', 'message_length': 35}
2025-09-24 20:21:47 | INFO | db_path=PosixPath('PROJECT_ROOT/data/buzz.sqlite')
2025-09-24 20:21:48 | INFO | Inserted one message into the database.
2025-09-24 20:21:48 | INFO | Called process_message() with:
2025-09-24 20:21:48 | INFO |    message={'message': 'I just found a trick! It was exciting.', 'author': 'Bob', 'timestamp': '2025-09-24 20:18:20', 'category': 'other', 'sentiment': 0.56, 'keyword_mentioned': 'other', 'message_length': 38}
2025-09-24 20:21:48 | INFO | Processed message: {'message': 'I just found a trick! It was exciting.', 'author': 'Bob', 'timestamp': '2025-09-24 20:18:20', 'category': 'other', 'sentiment': 0.56, 'keyword_mentioned': 'other', 'message_length': 38}
2025-09-24 20:21:48 | INFO | Calling SQLite insert_message() with:
2025-09-24 20:21:48 | INFO | message={'message': 'I just found a trick! It was exciting.', 'author': 'Bob', 'timestamp': '2025-09-24 20:18:20', 'category': 'other', 'sentiment': 0.56, 'keyword_mentioned': 'other', 'message_length': 38}
2025-09-24 20:21:48 | INFO | db_path=PosixPath('PROJECT_ROOT/data/buzz.sqlite')
2025-09-24 20:21:48 | INFO | Inserted one message into the database.
2025-09-24 20:21:48 | INFO | Called process_message() with:
2025-09-24 20:21:48 | INFO |    message={'message': 'I just shared a movie! It was amazing.', 'author': 'Eve', 'timestamp': '2025-09-24 20:18:25', 'category': 'entertainment', 'sentiment': 0.18, 'keyword_mentioned': 'movie', 'message_length': 38}
2025-09-24 20:21:48 | INFO | Processed message: {'message': 'I just shared a movie! It was amazing.', 'author': 'Eve', 'timestamp': '2025-09-24 20:18:25', 'category': 'entertainment', 'sentiment': 0.18, 'keyword_mentioned': 'movie', 'message_length': 38}
2025-09-24 20:21:48 | INFO | Calling SQLite insert_message() with:
2025-09-24 20:21:48 | INFO | message={'message': 'I just shared a movie! It was amazing.', 'author': 'Eve', 'timestamp': '2025-09-24 20:18:25', 'category': 'entertainment', 'sentiment': 0.18, 'keyword_mentioned': 'movie', 'message_length': 38}
2025-09-24 20:21:48 | INFO | db_path=PosixPath('PROJECT_ROOT/data/buzz.sqlite')
2025-09-24 20:21:49 | INFO | Inserted one message into the database.
2025-09-24 20:21:49 | INFO | Called process_message() with:
2025-09-24 20:21:49 | INFO |    message={'message': 'I just saw JavaScript! It was funny.', 'author': 'Eve', 'timestamp': '2025-09-24 20:18:30', 'category': 'tech', 'sentiment': 0.89, 'keyword_mentioned': 'JavaScript', 'message_length': 36}
2025-09-24 20:21:49 | INFO | Processed message: {'message': 'I just saw JavaScript! It was funny.', 'author': 'Eve', 'timestamp': '2025-09-24 20:18:30', 'category': 'tech', 'sentiment': 0.89, 'keyword_mentioned': 'JavaScript', 'message_length': 36}
2025-09-24 20:21:49 | INFO | Calling SQLite insert_message() with:
2025-09-24 20:21:49 | INFO | message={'message': 'I just saw JavaScript! It was funny.', 'author': 'Eve', 'timestamp': '2025-09-24 20:18:30', 'category': 'tech', 'sentiment': 0.89, 'keyword_mentioned': 'JavaScript', 'message_length': 36}
2025-09-24 20:21:49 | INFO | db_path=PosixPath('PROJECT_ROOT/data/buzz.sqlite')
2025-09-24 20:21:49 | INFO | Inserted one message into the database.
2025-09-24 20:21:49 | INFO | Called process_message() with:
2025-09-24 20:21:49 | INFO |    message={'message': 'I just shared recipe! It was boring.', 'author': 'Bob', 'timestamp': '2025-09-24 20:18:35', 'category': 'food', 'sentiment': 0.49, 'keyword_mentioned': 'recipe', 'message_length': 36}
2025-09-24 20:21:49 | INFO | Processed message: {'message': 'I just shared recipe! It was boring.', 'author': 'Bob', 'timestamp': '2025-09-24 20:18:35', 'category': 'food', 'sentiment': 0.49, 'keyword_mentioned': 'recipe', 'message_length': 36}
2025-09-24 20:21:49 | INFO | Calling SQLite insert_message() with:
2025-09-24 20:21:49 | INFO | message={'message': 'I just shared recipe! It was boring.', 'author': 'Bob', 'timestamp': '2025-09-24 20:18:35', 'category': 'food', 'sentiment': 0.49, 'keyword_mentioned': 'recipe', 'message_length': 36}
2025-09-24 20:21:49 | INFO | db_path=PosixPath('PROJECT_ROOT/data/buzz.sqlite')
2025-09-24 20:21:49 | INFO | Inserted one message into the database.
2025-09-24 20:21:49 | INFO | Called process_message() with:
2025-09-24 20:21:49 | INFO |    message={'message': 'I just saw game! It was boring.', 'author': 'Charlie', 'timestamp': '2025-09-24 20:18:40', 'category': 'gaming', 'sentiment': 0.24, 'keyword_mentioned': 'game', 'message_length': 31}
2025-09-24 20:21:49 | INFO | Processed message: {'message': 'I just saw game! It was boring.', 'author': 'Charlie', 'timestamp': '2025-09-24 20:18:40', 'category': 'gaming', 'sentiment': 0.24, 'keyword_mentioned': 'game', 'message_length': 31}
2025-09-24 20:21:49 | INFO | Calling SQLite insert_message() with:
2025-09-24 20:21:49 | INFO | message={'message': 'I just saw game! It was boring.', 'author': 'Charlie', 'timestamp': '2025-09-24 20:18:40', 'category': 'gaming', 'sentiment': 0.24, 'keyword_mentioned': 'game', 'message_length': 31}
2025-09-24 20:21:49 | INFO | db_path=PosixPath('PROJECT_ROOT/data/buzz.sqlite')
2025-09-24 20:21:49 | INFO | Inserted one message into the database.
2025-09-24 20:21:49 | INFO | Called process_message() with:
2025-09-24 20:21:49 | INFO |    message={'message': 'I just found JavaScript! It was exciting.', 'author': 'Eve', 'timestamp': '2025-09-24 20:18:45', 'category': 'tech', 'sentiment': 0.22, 'keyword_mentioned': 'JavaScript', 'message_length': 41}
2025-09-24 20:21:49 | INFO | Processed message: {'message': 'I just found JavaScript! It was exciting.', 'author': 'Eve', 'timestamp': '2025-09-24 20:18:45', 'category': 'tech', 'sentiment': 0.22, 'keyword_mentioned': 'JavaScript', 'message_length': 41}
2025-09-24 20:21:49 | INFO | Calling SQLite insert_message() with:
2025-09-24 20:21:49 | INFO | message={'message': 'I just found JavaScript! It was exciting.', 'author': 'Eve', 'timestamp': '2025-09-24 20:18:45', 'category': 'tech', 'sentiment': 0.22, 'keyword_mentioned': 'JavaScript', 'message_length': 41}
2025-09-24 20:21:49 | INFO | db_path=PosixPath('PROJECT_ROOT/data/buzz.sqlite')
2025-09-24 20:21:50 | INFO | Inserted one message into the database.
2025-09-24 20:21:50 | INFO | Called process_message() with:
2025-09-24 20:21:50 | INFO |    message={'message': 'I just saw a movie! It was weird.', 'author': 'Alice', 'timestamp': '2025-09-24 20:18:50', 'category': 'entertainment', 'sentiment': 0.66, 'keyword_mentioned': 'movie', 'message_length': 33}
2025-09-24 20:21:50 | INFO | Processed message: {'message': 'I just saw a movie! It was weird.', 'author': 'Alice', 'timestamp': '2025-09-24 20:18:50', 'category': 'entertainment', 'sentiment': 0.66, 'keyword_mentioned': 'movie', 'message_length': 33}
2025-09-24 20:21:50 | INFO | Calling SQLite insert_message() with:
2025-09-24 20:21:50 | INFO | message={'message': 'I just saw a movie! It was weird.', 'author': 'Alice', 'timestamp': '2025-09-24 20:18:50', 'category': 'entertainment', 'sentiment': 0.66, 'keyword_mentioned': 'movie', 'message_length': 33}
2025-09-24 20:21:50 | INFO | db_path=PosixPath('PROJECT_ROOT/data/buzz.sqlite')
2025-09-24 20:21:50 | INFO | Inserted one message into the database.
2025-09-24 20:21:50 | INFO | Called process_message() with:
2025-09-24 20:21:50 | INFO |    message={'message': 'I just loved travel! It was weird.', 'author': 'Alice', 'timestamp': '2025-09-24 20:18:56', 'category': 'travel', 'sentiment': 0.09, 'keyword_mentioned': 'travel', 'message_length': 34}
2025-09-24 20:21:50 | INFO | Processed message: {'message': 'I just loved travel! It was weird.', 'author': 'Alice', 'timestamp': '2025-09-24 20:18:56', 'category': 'travel', 'sentiment': 0.09, 'keyword_mentioned': 'travel', 'message_length': 34}
2025-09-24 20:21:50 | INFO | Calling SQLite insert_message() with:
2025-09-24 20:21:50 | INFO | message={'message': 'I just loved travel! It was weird.', 'author': 'Alice', 'timestamp': '2025-09-24 20:18:56', 'category': 'travel', 'sentiment': 0.09, 'keyword_mentioned': 'travel', 'message_length': 34}
2025-09-24 20:21:50 | INFO | db_path=PosixPath('PROJECT_ROOT/data/buzz.sqlite')
2025-09-24 20:21:51 | INFO | Inserted one message into the database.
2025-09-24 20:21:51 | INFO | Called process_message() with:
2025-09-24 20:21:51 | INFO |    message={'message': 'I just loved travel! It was exciting.', 'author': 'Charlie', 'timestamp': '2025-09-24 20:19:01', 'category': 'travel', 'sentiment': 0.03, 'keyword_mentioned': 'travel', 'message_length': 37}
2025-09-24 20:21:51 | INFO | Processed message: {'message': 'I just loved travel! It was exciting.', 'author': 'Charlie', 'timestamp': '2025-09-24 20:19:01', 'category': 'travel', 'sentiment': 0.03, 'keyword_mentioned': 'travel', 'message_length': 37}
2025-09-24 20:21:51 | INFO | Calling SQLite insert_message() with:
2025-09-24 20:21:51 | INFO | message={'message': 'I just loved travel! It was exciting.', 'author': 'Charlie', 'timestamp': '2025-09-24 20:19:01', 'category': 'travel', 'sentiment': 0.03, 'keyword_mentioned': 'travel', 'message_length': 37}
2025-09-24 20:21:51 | INFO | db_path=PosixPath('PROJECT_ROOT/data/buzz.sqlite')
2025-09-24 20:21:51 | INFO | Inserted one message into the database.
2025-09-24 20:21:51 | INFO | Called process_message() with:
2025-09-24 20:21:51 | INFO |    message={'message': 'I just found an app! It was funny.', 'author': 'Bob', 'timestamp': '2025-09-24 20:19:06', 'category': 'other', 'sentiment': 1.0, 'keyword_mentioned': 'other', 'message_length': 34}
2025-09-24 20:21:51 | INFO | Processed message: {'message': 'I just found an app! It was funny.', 'author': 'Bob', 'timestamp': '2025-09-24 20:19:06', 'category': 'other', 'sentiment': 1.0, 'keyword_mentioned': 'other', 'message_length': 34}
2025-09-24 20:21:51 | INFO | Calling SQLite insert_message() with:
2025-09-24 20:21:51 | INFO | message={'message': 'I just found an app! It was funny.', 'author': 'Bob', 'timestamp': '2025-09-24 20:19:06', 'category': 'other', 'sentiment': 1.0, 'keyword_mentioned': 'other', 'message_length': 34}
2025-09-24 20:21:51 | INFO | db_path=PosixPath('PROJECT_ROOT/data/buzz.sqlite')
2025-09-24 20:21:52 | INFO | Inserted one message into the database.
2025-09-24 20:21:52 | INFO | Called process_message() with:
2025-09-24 20:21:52 | INFO |    message={'message': 'I just saw a movie! It was funny.', 'author': 'Bob', 'timestamp': '2025-09-24 20:19:11', 'category': 'entertainment', 'sentiment': 0.99, 'keyword_mentioned': 'movie', 'message_length': 33}
2025-09-24 20:21:52 | INFO | Processed message: {'message': 'I just saw a movie! It was funny.', 'author': 'Bob', 'timestamp': '2025-09-24 20:19:11', 'category': 'entertainment', 'sentiment': 0.99, 'keyword_mentioned': 'movie', 'message_length': 33}
2025-09-24 20:21:52 | INFO | Calling SQLite insert_message() with:
2025-09-24 20:21:52 | INFO | message={'message': 'I just saw a movie! It was funny.', 'author': 'Bob', 'timestamp': '2025-09-24 20:19:11', 'category': 'entertainment', 'sentiment': 0.99, 'keyword_mentioned': 'movie', 'message_length': 33}
2025-09-24 20:21:52 | INFO | db_path=PosixPath('PROJECT_ROOT/data/buzz.sqlite')
2025-09-24 20:21:52 | INFO | Inserted one message into the database.
2025-09-24 20:21:52 | INFO | Called process_message() with:
2025-09-24 20:21:52 | INFO |    message={'message': 'I just tried a meme! It was exciting.', 'author': 'Bob', 'timestamp': '2025-09-24 20:19:16', 'category': 'humor', 'sentiment': 0.15, 'keyword_mentioned': 'meme', 'message_length': 37}
2025-09-24 20:21:52 | INFO | Processed message: {'message': 'I just tried a meme! It was exciting.', 'author': 'Bob', 'timestamp': '2025-09-24 20:19:16', 'category': 'humor', 'sentiment': 0.15, 'keyword_mentioned': 'meme', 'message_length': 37}
2025-09-24 20:21:52 | INFO | Calling SQLite insert_message() with:
2025-09-24 20:21:52 | INFO | message={'message': 'I just tried a meme! It was exciting.', 'author': 'Bob', 'timestamp': '2025-09-24 20:19:16', 'category': 'humor', 'sentiment': 0.15, 'keyword_mentioned': 'meme', 'message_length': 37}
2025-09-24 20:21:52 | INFO | db_path=PosixPath('PROJECT_ROOT/data/buzz.sqlite')
2025-09-24 20:21:52 | INFO | Inserted one message into the database.
2025-09-24 20:21:52 | INFO | Called process_message() with:
2025-09-24 20:21:52 | INFO |    message={'message': 'I just shared a movie! It was boring.', 'author': 'Bob', 'timestamp': '2025-09-24 20:19:21', 'category': 'entertainment', 'sentiment': 0.55, 'keyword_mentioned': 'movie', 'message_length': 37}
2025-09-24 20:21:52 | INFO | Processed message: {'message': 'I just shared a movie! It was boring.', 'author': 'Bob', 'timestamp': '2025-09-24 20:19:21', 'category': 'entertainment', 'sentiment': 0.55, 'keyword_mentioned': 'movie', 'message_length': 37}
2025-09-24 20:21:52 | INFO | Calling SQLite insert_message() with:
2025-09-24 20:21:52 | INFO | message={'message': 'I just shared a movie! It was boring.', 'author': 'Bob', 'timestamp': '2025-09-24 20:19:21', 'category': 'entertainment', 'sentiment': 0.55, 'keyword_mentioned': 'movie', 'message_length': 37}
2025-09-24 20:21:52 | INFO | db_path=PosixPath('PROJECT_ROOT/data/buzz.sqlite')
2025-09-24 20:21:53 | INFO | Inserted one message into the database.
2025-09-24 20:21:53 | INFO | Called process_message() with:
2025-09-24 20:21:53 | INFO |    message={'message': 'I just tried a trick! It was exciting.', 'author': 'Charlie', 'timestamp': '2025-09-24 20:19:26', 'category': 'other', 'sentiment': 0.1, 'keyword_mentioned': 'other', 'message_length': 38}
2025-09-24 20:21:53 | INFO | Processed message: {'message': 'I just tried a trick! It was exciting.', 'author': 'Charlie', 'timestamp': '2025-09-24 20:19:26', 'category': 'other', 'sentiment': 0.1, 'keyword_mentioned': 'other', 'message_length': 38}
2025-09-24 20:21:53 | INFO | Calling SQLite insert_message() with:
2025-09-24 20:21:53 | INFO | message={'message': 'I just tried a trick! It was exciting.', 'author': 'Charlie', 'timestamp': '2025-09-24 20:19:26', 'category': 'other', 'sentiment': 0.1, 'keyword_mentioned': 'other', 'message_length': 38}
2025-09-24 20:21:53 | INFO | db_path=PosixPath('PROJECT_ROOT/data/buzz.sqlite')
2025-09-24 20:21:53 | INFO | Inserted one message into the database.
2025-09-24 20:21:53 | INFO | Called process_message() with:
2025-09-24 20:21:53 | INFO |    message={'message': 'I just found a story! It was weird.', 'author': 'Bob', 'timestamp': '2025-09-24 20:19:31', 'category': 'other', 'sentiment': 0.59, 'keyword_mentioned': 'other', 'message_length': 35}
2025-09-24 20:21:53 | INFO | Processed message: {'message': 'I just found a story! It was weird.', 'author': 'Bob', 'timestamp': '2025-09-24 20:19:31', 'category': 'other', 'sentiment': 0.59, 'keyword_mentioned': 'other', 'message_length': 35}
2025-09-24 20:21:53 | INFO | Calling SQLite insert_message() with:
2025-09-24 20:21:53 | INFO | message={'message': 'I just found a story! It was weird.', 'author': 'Bob', 'timestamp': '2025-09-24 20:19:31', 'category': 'other', 'sentiment': 0.59, 'keyword_mentioned': 'other', 'message_length': 35}
2025-09-24 20:21:53 | INFO | db_path=PosixPath('PROJECT_ROOT/data/buzz.sqlite')
2025-09-24 20:21:54 | INFO | Inserted one message into the database.
2025-09-24 20:21:54 | INFO | Called process_message() with:
2025-09-24 20:21:54 | INFO |    message={'message': 'I just found Python! It was boring.', 'author': 'Eve', 'timestamp': '2025-09-24 20:19:36', 'category': 'tech', 'sentiment': 0.54, 'keyword_mentioned': 'Python', 'message_length': 35}
2025-09-24 20:21:54 | INFO | Processed message: {'message': 'I just found Python! It was boring.', 'author': 'Eve', 'timestamp': '2025-09-24 20:19:36', 'category': 'tech', 'sentiment': 0.54, 'keyword_mentioned': 'Python', 'message_length': 35}
2025-09-24 20:21:54 | INFO | Calling SQLite insert_message() with:
2025-09-24 20:21:54 | INFO | message={'message': 'I just found Python! It was boring.', 'author': 'Eve', 'timestamp': '2025-09-24 20:19:36', 'category': 'tech', 'sentiment': 0.54, 'keyword_mentioned': 'Python', 'message_length': 35}
2025-09-24 20:21:54 | INFO | db_path=PosixPath('PROJECT_ROOT/data/buzz.sqlite')
2025-09-24 20:21:54 | INFO | Inserted one message into the database.
2025-09-24 20:21:54 | INFO | Called process_message() with:
2025-09-24 20:21:54 | INFO |    message={'message': 'I just shared recipe! It was amazing.', 'author': 'Alice', 'timestamp': '2025-09-24 20:19:41', 'category': 'food', 'sentiment': 0.15, 'keyword_mentioned': 'recipe', 'message_length': 37}
2025-09-24 20:21:54 | INFO | Processed message: {'message': 'I just shared recipe! It was amazing.', 'author': 'Alice', 'timestamp': '2025-09-24 20:19:41', 'category': 'food', 'sentiment': 0.15, 'keyword_mentioned': 'recipe', 'message_length': 37}
2025-09-24 20:21:54 | INFO | Calling SQLite insert_message() with:
2025-09-24 20:21:54 | INFO | message={'message': 'I just shared recipe! It was amazing.', 'author': 'Alice', 'timestamp': '2025-09-24 20:19:41', 'category': 'food', 'sentiment': 0.15, 'keyword_mentioned': 'recipe', 'message_length': 37}
2025-09-24 20:21:54 | INFO | db_path=PosixPath('PROJECT_ROOT/data/buzz.sqlite')
2025-09-24 20:21:54 | INFO | Inserted one message into the database.
2025-09-24 20:21:54 | INFO | Called process_message() with:
2025-09-24 20:21:54 | INFO |    message={'message': 'I just tried a story! It was weird.', 'author': 'Charlie', 'timestamp': '2025-09-24 20:19:46', 'category': 'other', 'sentiment': 0.45, 'keyword_mentioned': 'other', 'message_length': 35}
2025-09-24 20:21:54 | INFO | Processed message: {'message': 'I just tried a story! It was weird.', 'author': 'Charlie', 'timestamp': '2025-09-24 20:19:46', 'category': 'other', 'sentiment': 0.45, 'keyword_mentioned': 'other', 'message_length': 35}
2025-09-24 20:21:54 | INFO | Calling SQLite insert_message() with:
2025-09-24 20:21:54 | INFO | message={'message': 'I just tried a story! It was weird.', 'author': 'Charlie', 'timestamp': '2025-09-24 20:19:46', 'category': 'other', 'sentiment': 0.45, 'keyword_mentioned': 'other', 'message_length': 35}
2025-09-24 20:21:54 | INFO | db_path=PosixPath('PROJECT_ROOT/data/buzz.sqlite')
2025-09-24 20:21:55 | INFO | Inserted one message into the database.
2025-09-24 20:21:55 | INFO | Called process_message() with:
2025-09-24 20:21:55 | INFO |    message={'message': 'I just shared a trick! It was funny.', 'author': 'Alice', 'timestamp': '2025-09-24 20:19:51', 'category': 'other', 'sentiment': 0.28, 'keyword_mentioned': 'other', 'message_length': 36}
2025-09-24 20:21:55 | INFO | Processed message: {'message': 'I just shared a trick! It was funny.', 'author': 'Alice', 'timestamp': '2025-09-24 20:19:51', 'category': 'other', 'sentiment': 0.28, 'keyword_mentioned': 'other', 'message_length': 36}
2025-09-24 20:21:55 | INFO | Calling SQLite insert_message() with:
2025-09-24 20:21:55 | INFO | message={'message': 'I just shared a trick! It was funny.', 'author': 'Alice', 'timestamp': '2025-09-24 20:19:51', 'category': 'other', 'sentiment': 0.28, 'keyword_mentioned': 'other', 'message_length': 36}
2025-09-24 20:21:55 | INFO | db_path=PosixPath('PROJECT_ROOT/data/buzz.sqlite')
2025-09-24 20:21:55 | INFO | Inserted one message into the database.
2025-09-24 20:21:55 | INFO | Called process_message() with:
2025-09-24 20:21:55 | INFO |    message={'message': 'I just loved JavaScript! It was boring.', 'author': 'Alice', 'timestamp': '2025-09-24 20:19:56', 'category': 'tech', 'sentiment': 0.86, 'keyword_mentioned': 'JavaScript', 'message_length': 39}
2025-09-24 20:21:55 | INFO | Processed message: {'message': 'I just loved JavaScript! It was boring.', 'author': 'Alice', 'timestamp': '2025-09-24 20:19:56', 'category': 'tech', 'sentiment': 0.86, 'keyword_mentioned': 'JavaScript', 'message_length': 39}
2025-09-24 20:21:55 | INFO | Calling SQLite insert_message() with:
2025-09-24 20:21:55 | INFO | message={'message': 'I just loved JavaScript! It was boring.', 'author': 'Alice', 'timestamp': '2025-09-24 20:19:56', 'category': 'tech', 'sentiment': 0.86, 'keyword_mentioned': 'JavaScript', 'message_length': 39}
2025-09-24 20:21:55 | INFO | db_path=PosixPath('PROJECT_ROOT/data/buzz.sqlite')
2025-09-24 20:21:55 | INFO | Inserted one message into the database.
2025-09-24 20:21:55 | INFO | Called process_message() with:
2025-09-24 20:21:55 | INFO |    message={'message': 'I just saw a movie! It was amazing.', 'author': 'Charlie', 'timestamp': '2025-09-24 20:20:02', 'category': 'entertainment', 'sentiment': 0.06, 'keyword_mentioned': 'movie', 'message_length': 35}
2025-09-24 20:21:55 | INFO | Processed message: {'message': 'I just saw a movie! It was amazing.', 'author': 'Charlie', 'timestamp': '2025-09-24 20:20:02', 'category': 'entertainment', 'sentiment': 0.06, 'keyword_mentioned': 'movie', 'message_length': 35}
2025-09-24 20:21:55 | INFO | Calling SQLite insert_message() with:
2025-09-24 20:21:55 | INFO | message={'message': 'I just saw a movie! It was amazing.', 'author': 'Charlie', 'timestamp': '2025-09-24 20:20:02', 'category': 'entertainment', 'sentiment': 0.06, 'keyword_mentioned': 'movie', 'message_length': 35}
2025-09-24 20:21:55 | INFO | db_path=PosixPath('PROJECT_ROOT/data/buzz.sqlite')
2025-09-24 20:21:55 | INFO | Inserted one message into the database.
2025-09-24 20:21:55 | INFO | Called process_message() with:
2025-09-24 20:21:55 | INFO |    message={'message': 'I just tried game! It was funny.', 'author': 'Charlie', 'timestamp': '2025-09-24 20:20:07', 'category': 'gaming', 'sentiment': 0.12, 'keyword_mentioned': 'game', 'message_length': 32}
2025-09-24 20:21:55 | INFO | Processed message: {'message': 'I just tried game! It was funny.', 'author': 'Charlie', 'timestamp': '2025-09-24 20:20:07', 'category': 'gaming', 'sentiment': 0.12, 'keyword_mentioned': 'game', 'message_length': 32}
2025-09-24 20:21:55 | INFO | Calling SQLite insert_message() with:
2025-09-24 20:21:55 | INFO | message={'message': 'I just tried game! It was funny.', 'author': 'Charlie', 'timestamp': '2025-09-24 20:20:07', 'category': 'gaming', 'sentiment': 0.12, 'keyword_mentioned': 'game', 'message_length': 32}
2025-09-24 20:21:55 | INFO | db_path=PosixPath('PROJECT_ROOT/data/buzz.sqlite')
2025-09-24 20:21:56 | INFO | Inserted one message into the database.
2025-09-24 20:21:56 | INFO | Called process_message() with:
2025-09-24 20:21:56 | INFO |    message={'message': 'I just shared recipe! It was funny.', 'author': 'Alice', 'timestamp': '2025-09-24 20:20:12', 'category': 'food', 'sentiment': 0.63, 'keyword_mentioned': 'recipe', 'message_length': 35}
2025-09-24 20:21:56 | INFO | Processed message: {'message': 'I just shared recipe! It was funny.', 'author': 'Alice', 'timestamp': '2025-09-24 20:20:12', 'category': 'food', 'sentiment': 0.63, 'keyword_mentioned': 'recipe', 'message_length': 35}
2025-09-24 20:21:56 | INFO | Calling SQLite insert_message() with:
2025-09-24 20:21:56 | INFO | message={'message': 'I just shared recipe! It was funny.', 'author': 'Alice', 'timestamp': '2025-09-24 20:20:12', 'category': 'food', 'sentiment': 0.63, 'keyword_mentioned': 'recipe', 'message_length': 35}
2025-09-24 20:21:56 | INFO | db_path=PosixPath('PROJECT_ROOT/data/buzz.sqlite')
2025-09-24 20:21:56 | INFO | Inserted one message into the database.
2025-09-24 20:21:56 | INFO | Called process_message() with:
2025-09-24 20:21:56 | INFO |    message={'message': 'I just tried a meme! It was exciting.', 'author': 'Charlie', 'timestamp': '2025-09-24 20:20:17', 'category': 'humor', 'sentiment': 0.48, 'keyword_mentioned': 'meme', 'message_length': 37}
2025-09-24 20:21:56 | INFO | Processed message: {'message': 'I just tried a meme! It was exciting.', 'author': 'Charlie', 'timestamp': '2025-09-24 20:20:17', 'category': 'humor', 'sentiment': 0.48, 'keyword_mentioned': 'meme', 'message_length': 37}
2025-09-24 20:21:56 | INFO | Calling SQLite insert_message() with:
2025-09-24 20:21:56 | INFO | message={'message': 'I just tried a meme! It was exciting.', 'author': 'Charlie', 'timestamp': '2025-09-24 20:20:17', 'category': 'humor', 'sentiment': 0.48, 'keyword_mentioned': 'meme', 'message_length': 37}
2025-09-24 20:21:56 | INFO | db_path=PosixPath('PROJECT_ROOT/data/buzz.sqlite')
2025-09-24 20:21:56 | INFO | Inserted one message into the database.
2025-09-24 20:21:56 | INFO | Called process_message() with:
2025-09-24 20:21:56 | INFO |    message={'message': 'I just loved a story! It was weird.', 'author': 'Eve', 'timestamp': '2025-09-24 20:20:22', 'category': 'other', 'sentiment': 0.01, 'keyword_mentioned': 'other', 'message_length': 35}
2025-09-24 20:21:56 | INFO | Processed message: {'message': 'I just loved a story! It was weird.', 'author': 'Eve', 'timestamp': '2025-09-24 20:20:22', 'category': 'other', 'sentiment': 0.01, 'keyword_mentioned': 'other', 'message_length': 35}
2025-09-24 20:21:56 | INFO | Calling SQLite insert_message() with:
2025-09-24 20:21:56 | INFO | message={'message': 'I just loved a story! It was weird.', 'author': 'Eve', 'timestamp': '2025-09-24 20:20:22', 'category': 'other', 'sentiment': 0.01, 'keyword_mentioned': 'other', 'message_length': 35}
2025-09-24 20:21:56 | INFO | db_path=PosixPath('PROJECT_ROOT/data/buzz.sqlite')
2025-09-24 20:21:57 | INFO | Inserted one message into the database.
2025-09-24 20:21:57 | INFO | Called process_message() with:
2025-09-24 20:21:57 | INFO |    message={'message': 'I just found JavaScript! It was amazing.', 'author': 'Eve', 'timestamp': '2025-09-24 20:20:27', 'category': 'tech', 'sentiment': 0.92, 'keyword_mentioned': 'JavaScript', 'message_length': 40}
2025-09-24 20:21:57 | INFO | Processed message: {'message': 'I just found JavaScript! It was amazing.', 'author': 'Eve', 'timestamp': '2025-09-24 20:20:27', 'category': 'tech', 'sentiment': 0.92, 'keyword_mentioned': 'JavaScript', 'message_length': 40}
2025-09-24 20:21:57 | INFO | Calling SQLite insert_message() with:
2025-09-24 20:21:57 | INFO | message={'message': 'I just found JavaScript! It was amazing.', 'author': 'Eve', 'timestamp': '2025-09-24 20:20:27', 'category': 'tech', 'sentiment': 0.92, 'keyword_mentioned': 'JavaScript', 'message_length': 40}
2025-09-24 20:21:57 | INFO | db_path=PosixPath('PROJECT_ROOT/data/buzz.sqlite')
2025-09-24 20:21:57 | INFO | Inserted one message into the database.
2025-09-24 20:21:57 | INFO | Called process_message() with:
2025-09-24 20:21:57 | INFO |    message={'message': 'I just shared JavaScript! It was exciting.', 'author': 'Charlie', 'timestamp': '2025-09-24 20:20:33', 'category': 'tech', 'sentiment': 0.9, 'keyword_mentioned': 'JavaScript', 'message_length': 42}
2025-09-24 20:21:57 | INFO | Processed message: {'message': 'I just shared JavaScript! It was exciting.', 'author': 'Charlie', 'timestamp': '2025-09-24 20:20:33', 'category': 'tech', 'sentiment': 0.9, 'keyword_mentioned': 'JavaScript', 'message_length': 42}
2025-09-24 20:21:57 | INFO | Calling SQLite insert_message() with:
2025-09-24 20:21:57 | INFO | message={'message': 'I just shared JavaScript! It was exciting.', 'author': 'Charlie', 'timestamp': '2025-09-24 20:20:33', 'category': 'tech', 'sentiment': 0.9, 'keyword_mentioned': 'JavaScript', 'message_length': 42}
2025-09-24 20:21:57 | INFO | db_path=PosixPath('PROJECT_ROOT/data/buzz.sqlite')
2025-09-24 20:21:58 | INFO | Inserted one message into the database.
