2025-09-27 08:54:27 | INFO |    message={'message': 'I just shared JavaScript! It was funny.', 'author': 'Bob', 'timestamp': '2025-09-27 08:48:33', 'category': 'tech', 'sentiment': 0.25, 'keyword_mentioned': 'JavaScript', 'message_length': 39}
2025-09-27 08:54:27 | INFO | Processed message: {'message': 'I just shared JavaScript! It was funny.', 'author': 'Bob', 'timestamp': '2025-09-27 08:48:33', 'category': 'tech', 'sentiment': 0.25, 'keyword_mentioned': 'JavaScript', 'message_length': 39}
2025-09-27 08:54:27 | INFO | Calling MongoDB insert_message() with:
2025-09-27 08:54:27 | INFO | message={'message': 'I just shared JavaScript! It was funny.', 'author': 'Bob', 'timestamp': '2025-09-27 08:48:33', 'category': 'tech', 'sentiment': 0.25, 'keyword_mentioned': 'JavaScript', 'message_length': 39}
2025-09-27 08:54:27 | INFO | MONGODB_URI: mongodb://localhost:27017/
2025-09-27 08:54:27 | INFO | MONGODB_DB: mongo_buzz_database
2025-09-27 08:54:27 | INFO | Inserted message with _id: 68d7ec93eb798aaf4196a343 into collection: messages_tech
2025-09-27 08:54:27 | INFO | Called process_message() with:
2025-09-27 08:54:27 | INFO |    message={'message': 'I just found a trick! It was boring.', 'author': 'Bob', 'timestamp': '2025-09-27 08:48:38', 'category': 'other', 'sentiment': 0.23, 'keyword_mentioned': 'other', 'message_length': 36}
2025-09-27 08:54:27 | INFO | Processed message: {'message': 'I just found a trick! It was boring.', 'author': 'Bob', 'timestamp': '2025-09-27 08:48:38', 'category': 'other', 'sentiment': 0.23, 'keyword_mentioned': 'other', 'message_length': 36}
2025-09-27 08:54:27 | INFO | Calling MongoDB insert_message() with:
2025-09-27 08:54:27 | INFO | message={'message': 'I just found a trick! It was boring.', 'author': 'Bob', 'timestamp': '2025-09-27 08:48:38', 'category': 'other', 'sentiment': 0.23, 'keyword_mentioned': 'other', 'message_length': 36}
2025-09-27 08:54:27 | INFO | MONGODB_URI: mongodb://localhost:27017/
2025-09-27 08:54:27 | INFO | MONGODB_DB: mongo_buzz_database
2025-09-27 08:54:27 | INFO | Inserted message with _id: 68d7ec93eb798aaf4196a345 into collection: messages_other
2025-09-27 08:54:27 | INFO | Called process_message() with:
2025-09-27 08:54:27 | INFO |    message={'message': 'I just found Python! It was exciting.', 'author': 'Eve', 'timestamp': '2025-09-27 08:48:43', 'category': 'tech', 'sentiment': 0.64, 'keyword_mentioned': 'Python', 'message_length': 37}
2025-09-27 08:54:27 | INFO | Processed message: {'message': 'I just found Python! It was exciting.', 'author': 'Eve', 'timestamp': '2025-09-27 08:48:43', 'category': 'tech', 'sentiment': 0.64, 'keyword_mentioned': 'Python', 'message_length': 37}
2025-09-27 08:54:27 | INFO | Calling MongoDB insert_message() with:
2025-09-27 08:54:27 | INFO | message={'message': 'I just found Python! It was exciting.', 'author': 'Eve', 'timestamp': '2025-09-27 08:48:43', 'category': 'tech', 'sentiment': 0.64, 'keyword_mentioned': 'Python', 'message_length': 37}
2025-09-27 08:54:27 | INFO | MONGODB_URI: mongodb://localhost:27017/
2025-09-27 08:54:27 | INFO | MONGODB_DB: mongo_buzz_database
2025-09-27 08:54:27 | INFO | Inserted message with _id: 68d7ec93eb798aaf4196a347 into collection: messages_tech
2025-09-27 08:54:27 | INFO | Called process_message() with:
2025-09-27 08:54:27 | INFO |    message={'message': 'I just shared recipe! It was funny.', 'author': 'Bob', 'timestamp': '2025-09-27 08:48:48', 'category': 'food', 'sentiment': 0.9, 'keyword_mentioned': 'recipe', 'message_length': 35}
2025-09-27 08:54:27 | INFO | Processed message: {'message': 'I just shared recipe! It was funny.', 'author': 'Bob', 'timestamp': '2025-09-27 08:48:48', 'category': 'food', 'sentiment': 0.9, 'keyword_mentioned': 'recipe', 'message_length': 35}
2025-09-27 08:54:27 | INFO | Calling MongoDB insert_message() with:
2025-09-27 08:54:27 | INFO | message={'message': 'I just shared recipe! It was funny.', 'author': 'Bob', 'timestamp': '2025-09-27 08:48:48', 'category': 'food', 'sentiment': 0.9, 'keyword_mentioned': 'recipe', 'message_length': 35}
2025-09-27 08:54:27 | INFO | MONGODB_URI: mongodb://localhost:27017/
2025-09-27 08:54:27 | INFO | MONGODB_DB: mongo_buzz_database
2025-09-27 08:54:27 | INFO | Inserted message with _id: 68d7ec93eb798aaf4196a349 into collection: messages_food
2025-09-27 08:54:27 | INFO | Called process_message() with:
2025-09-27 08:54:27 | INFO |    message={'message': 'I just loved Python! It was weird.', 'author': 'Charlie', 'timestamp': '2025-09-27 08:48:53', 'category': 'tech', 'sentiment': 0.83, 'keyword_mentioned': 'Python', 'message_length': 34}
2025-09-27 08:54:27 | INFO | Processed message: {'message': 'I just loved Python! It was weird.', 'author': 'Charlie', 'timestamp': '2025-09-27 08:48:53', 'category': 'tech', 'sentiment': 0.83, 'keyword_mentioned': 'Python', 'message_length': 34}
2025-09-27 08:54:27 | INFO | Calling MongoDB insert_message() with:
2025-09-27 08:54:27 | INFO | message={'message': 'I just loved Python! It was weird.', 'author': 'Charlie', 'timestamp': '2025-09-27 08:48:53', 'category': 'tech', 'sentiment': 0.83, 'keyword_mentioned': 'Python', 'message_length': 34}
2025-09-27 08:54:27 | INFO | MONGODB_URI: mongodb://localhost:27017/
2025-09-27 08:54:27 | INFO | MONGODB_DB: mongo_buzz_database
2025-09-27 08:54:27 | INFO | Inserted message with _id: 68d7ec93eb798aaf4196a34b into collection: messages_tech
2025-09-27 08:54:27 | INFO | Called process_message() with:
2025-09-27 08:54:27 | INFO |    message={'message': 'I just loved a meme! It was boring.', 'author': 'Charlie', 'timestamp': '2025-09-27 08:49:03', 'category': 'humor', 'sentiment': 0.42, 'keyword_mentioned': 'meme', 'message_length': 35}
2025-09-27 08:54:27 | INFO | Processed message: {'message': 'I just loved a meme! It was boring.', 'author': 'Charlie', 'timestamp': '2025-09-27 08:49:03', 'category': 'humor', 'sentiment': 0.42, 'keyword_mentioned': 'meme', 'message_length': 35}
2025-09-27 08:54:27 | INFO | Calling MongoDB insert_message() with:
2025-09-27 08:54:27 | INFO | message={'message': 'I just loved a meme! It was boring.', 'author': 'Charlie', 'timestamp': '2025-09-27 08:49:03', 'category': 'humor', 'sentiment': 0.42, 'keyword_mentioned': 'meme', 'message_length': 35}
2025-09-27 08:54:27 | INFO | MONGODB_URI: mongodb://localhost:27017/
2025-09-27 08:54:27 | INFO | MONGODB_DB: mongo_buzz_database
2025-09-27 08:54:27 | INFO | Inserted message with _id: 68d7ec93eb798aaf4196a34d into collection: messages_humor
2025-09-27 08:54:27 | INFO | Called process_message() with:
2025-09-27 08:54:27 | INFO |    message={'message': 'I just tried a meme! It was boring.', 'author': 'Bob', 'timestamp': '2025-09-27 08:49:08', 'category': 'humor', 'sentiment': 0.97, 'keyword_mentioned': 'meme', 'message_length': 35}
2025-09-27 08:54:27 | INFO | Processed message: {'message': 'I just tried a meme! It was boring.', 'author': 'Bob', 'timestamp': '2025-09-27 08:49:08', 'category': 'humor', 'sentiment': 0.97, 'keyword_mentioned': 'meme', 'message_length': 35}
2025-09-27 08:54:27 | INFO | Calling MongoDB insert_message() with:
2025-09-27 08:54:27 | INFO | message={'message': 'I just tried a meme! It was boring.', 'author': 'Bob', 'timestamp': '2025-09-27 08:49:08', 'category': 'humor', 'sentiment': 0.97, 'keyword_mentioned': 'meme', 'message_length': 35}
2025-09-27 08:54:27 | INFO | MONGODB_URI: mongodb://localhost:27017/
2025-09-27 08:54:27 | INFO | MONGODB_DB: mongo_buzz_database
2025-09-27 08:54:27 | INFO | Inserted message with _id: 68d7ec93eb798aaf4196a34f into collection: messages_humor
2025-09-27 08:54:27 | INFO | Called process_message() with:
2025-09-27 08:54:27 | INFO |    message={'message': 'I just loved a meme! It was amazing.', 'author': 'Charlie', 'timestamp': '2025-09-27 08:49:13', 'category': 'humor', 'sentiment': 0.26, 'keyword_mentioned': 'meme', 'message_length': 36}
2025-09-27 08:54:27 | INFO | Processed message: {'message': 'I just loved a meme! It was amazing.', 'author': 'Charlie', 'timestamp': '2025-09-27 08:49:13', 'category': 'humor', 'sentiment': 0.26, 'keyword_mentioned': 'meme', 'message_length': 36}
2025-09-27 08:54:27 | INFO | Calling MongoDB insert_message() with:
2025-09-27 08:54:27 | INFO | message={'message': 'I just loved a meme! It was amazing.', 'author': 'Charlie', 'timestamp': '2025-09-27 08:49:13', 'category': 'humor', 'sentiment': 0.26, 'keyword_mentioned': 'meme', 'message_length': 36}
2025-09-27 08:54:27 | INFO | MONGODB_URI: mongodb://localhost:27017/
2025-09-27 08:54:27 | INFO | MONGODB_DB: mongo_buzz_database
2025-09-27 08:54:27 | INFO | Inserted message with _id: 68d7ec93eb798aaf4196a351 into collection: messages_humor
2025-09-27 08:54:27 | INFO | Called process_message() with:
2025-09-27 08:54:27 | INFO |    message={'message': 'I just saw a trick! It was exciting.', 'author': 'Bob', 'timestamp': '2025-09-27 08:49:18', 'category': 'other', 'sentiment': 0.96, 'keyword_mentioned': 'other', 'message_length': 36}
2025-09-27 08:54:27 | INFO | Processed message: {'message': 'I just saw a trick! It was exciting.', 'author': 'Bob', 'timestamp': '2025-09-27 08:49:18', 'category': 'other', 'sentiment': 0.96, 'keyword_mentioned': 'other', 'message_length': 36}
2025-09-27 08:54:27 | INFO | Calling MongoDB insert_message() with:
2025-09-27 08:54:27 | INFO | message={'message': 'I just saw a trick! It was exciting.', 'author': 'Bob', 'timestamp': '2025-09-27 08:49:18', 'category': 'other', 'sentiment': 0.96, 'keyword_mentioned': 'other', 'message_length': 36}
2025-09-27 08:54:27 | INFO | MONGODB_URI: mongodb://localhost:27017/
2025-09-27 08:54:27 | INFO | MONGODB_DB: mongo_buzz_database
2025-09-27 08:54:27 | INFO | Inserted message with _id: 68d7ec93eb798aaf4196a353 into collection: messages_other
2025-09-27 08:54:27 | INFO | Called process_message() with:
2025-09-27 08:54:27 | INFO |    message={'message': 'I just found game! It was weird.', 'author': 'Bob', 'timestamp': '2025-09-27 08:49:23', 'category': 'gaming', 'sentiment': 0.86, 'keyword_mentioned': 'game', 'message_length': 32}
2025-09-27 08:54:27 | INFO | Processed message: {'message': 'I just found game! It was weird.', 'author': 'Bob', 'timestamp': '2025-09-27 08:49:23', 'category': 'gaming', 'sentiment': 0.86, 'keyword_mentioned': 'game', 'message_length': 32}
2025-09-27 08:54:27 | INFO | Calling MongoDB insert_message() with:
2025-09-27 08:54:27 | INFO | message={'message': 'I just found game! It was weird.', 'author': 'Bob', 'timestamp': '2025-09-27 08:49:23', 'category': 'gaming', 'sentiment': 0.86, 'keyword_mentioned': 'game', 'message_length': 32}
2025-09-27 08:54:27 | INFO | MONGODB_URI: mongodb://localhost:27017/
2025-09-27 08:54:27 | INFO | MONGODB_DB: mongo_buzz_database
2025-09-27 08:54:27 | INFO | Inserted message with _id: 68d7ec93eb798aaf4196a355 into collection: messages_gaming
2025-09-27 08:54:27 | INFO | Called process_message() with:
2025-09-27 08:54:27 | INFO |    message={'message': 'I just found travel! It was amazing.', 'author': 'Bob', 'timestamp': '2025-09-27 08:49:28', 'category': 'travel', 'sentiment': 0.94, 'keyword_mentioned': 'travel', 'message_length': 36}
2025-09-27 08:54:27 | INFO | Processed message: {'message': 'I just found travel! It was amazing.', 'author': 'Bob', 'timestamp': '2025-09-27 08:49:28', 'category': 'travel', 'sentiment': 0.94, 'keyword_mentioned': 'travel', 'message_length': 36}
2025-09-27 08:54:27 | INFO | Calling MongoDB insert_message() with:
2025-09-27 08:54:27 | INFO | message={'message': 'I just found travel! It was amazing.', 'author': 'Bob', 'timestamp': '2025-09-27 08:49:28', 'category': 'travel', 'sentiment': 0.94, 'keyword_mentioned': 'travel', 'message_length': 36}
2025-09-27 08:54:27 | INFO | MONGODB_URI: mongodb://localhost:27017/
2025-09-27 08:54:27 | INFO | MONGODB_DB: mongo_buzz_database
2025-09-27 08:54:27 | INFO | Inserted message with _id: 68d7ec93eb798aaf4196a357 into collection: messages_travel
2025-09-27 08:54:27 | INFO | Called process_message() with:
2025-09-27 08:54:27 | INFO |    message={'message': 'I just shared recipe! It was funny.', 'author': 'Eve', 'timestamp': '2025-09-27 08:49:33', 'category': 'food', 'sentiment': 0.45, 'keyword_mentioned': 'recipe', 'message_length': 35}
2025-09-27 08:54:27 | INFO | Processed message: {'message': 'I just shared recipe! It was funny.', 'author': 'Eve', 'timestamp': '2025-09-27 08:49:33', 'category': 'food', 'sentiment': 0.45, 'keyword_mentioned': 'recipe', 'message_length': 35}
2025-09-27 08:54:27 | INFO | Calling MongoDB insert_message() with:
2025-09-27 08:54:27 | INFO | message={'message': 'I just shared recipe! It was funny.', 'author': 'Eve', 'timestamp': '2025-09-27 08:49:33', 'category': 'food', 'sentiment': 0.45, 'keyword_mentioned': 'recipe', 'message_length': 35}
2025-09-27 08:54:27 | INFO | MONGODB_URI: mongodb://localhost:27017/
2025-09-27 08:54:27 | INFO | MONGODB_DB: mongo_buzz_database
2025-09-27 08:54:27 | INFO | Inserted message with _id: 68d7ec93eb798aaf4196a359 into collection: messages_food
2025-09-27 08:54:27 | INFO | Called process_message() with:
2025-09-27 08:54:27 | INFO |    message={'message': 'I just tried a trick! It was weird.', 'author': 'Eve', 'timestamp': '2025-09-27 08:49:38', 'category': 'other', 'sentiment': 0.76, 'keyword_mentioned': 'other', 'message_length': 35}
2025-09-27 08:54:27 | INFO | Processed message: {'message': 'I just tried a trick! It was weird.', 'author': 'Eve', 'timestamp': '2025-09-27 08:49:38', 'category': 'other', 'sentiment': 0.76, 'keyword_mentioned': 'other', 'message_length': 35}
2025-09-27 08:54:27 | INFO | Calling MongoDB insert_message() with:
2025-09-27 08:54:27 | INFO | message={'message': 'I just tried a trick! It was weird.', 'author': 'Eve', 'timestamp': '2025-09-27 08:49:38', 'category': 'other', 'sentiment': 0.76, 'keyword_mentioned': 'other', 'message_length': 35}
2025-09-27 08:54:27 | INFO | MONGODB_URI: mongodb://localhost:27017/
2025-09-27 08:54:27 | INFO | MONGODB_DB: mongo_buzz_database
2025-09-27 08:54:27 | INFO | Inserted message with _id: 68d7ec93eb798aaf4196a35b into collection: messages_other
2025-09-27 08:54:27 | INFO | Called process_message() with:
2025-09-27 08:54:27 | INFO |    message={'message': 'I just tried Python! It was exciting.', 'author': 'Charlie', 'timestamp': '2025-09-27 08:49:43', 'category': 'tech', 'sentiment': 0.03, 'keyword_mentioned': 'Python', 'message_length': 37}
2025-09-27 08:54:27 | INFO | Processed message: {'message': 'I just tried Python! It was exciting.', 'author': 'Charlie', 'timestamp': '2025-09-27 08:49:43', 'category': 'tech', 'sentiment': 0.03, 'keyword_mentioned': 'Python', 'message_length': 37}
2025-09-27 08:54:27 | INFO | Calling MongoDB insert_message() with:
2025-09-27 08:54:27 | INFO | message={'message': 'I just tried Python! It was exciting.', 'author': 'Charlie', 'timestamp': '2025-09-27 08:49:43', 'category': 'tech', 'sentiment': 0.03, 'keyword_mentioned': 'Python', 'message_length': 37}
2025-09-27 08:54:27 | INFO | MONGODB_URI: mongodb://localhost:27017/
2025-09-27 08:54:27 | INFO | MONGODB_DB: mongo_buzz_database
2025-09-27 08:54:27 | INFO | Inserted message with _id: 68d7ec93eb798aaf4196a35d into collection: messages_tech
2025-09-27 08:54:27 | INFO | Called process_message() with:
2025-09-27 08:54:27 | INFO |    message={'message': 'I just found a meme! It was exciting.', 'author': 'Eve', 'timestamp': '2025-09-27 08:49:48', 'category': 'humor', 'sentiment': 0.7, 'keyword_mentioned': 'meme', 'message_length': 37}
2025-09-27 08:54:27 | INFO | Processed message: {'message': 'I just found a meme! It was exciting.', 'author': 'Eve', 'timestamp': '2025-09-27 08:49:48', 'category': 'humor', 'sentiment': 0.7, 'keyword_mentioned': 'meme', 'message_length': 37}
2025-09-27 08:54:27 | INFO | Calling MongoDB insert_message() with:
2025-09-27 08:54:27 | INFO | message={'message': 'I just found a meme! It was exciting.', 'author': 'Eve', 'timestamp': '2025-09-27 08:49:48', 'category': 'humor', 'sentiment': 0.7, 'keyword_mentioned': 'meme', 'message_length': 37}
2025-09-27 08:54:27 | INFO | MONGODB_URI: mongodb://localhost:27017/
2025-09-27 08:54:27 | INFO | MONGODB_DB: mongo_buzz_database
2025-09-27 08:54:27 | INFO | Inserted message with _id: 68d7ec93eb798aaf4196a35f into collection: messages_humor
2025-09-27 08:54:27 | INFO | Called process_message() with:
2025-09-27 08:54:27 | INFO |    message={'message': 'I just shared Python! It was exciting.', 'author': 'Bob', 'timestamp': '2025-09-27 08:49:53', 'category': 'tech', 'sentiment': 0.73, 'keyword_mentioned': 'Python', 'message_length': 38}
2025-09-27 08:54:27 | INFO | Processed message: {'message': 'I just shared Python! It was exciting.', 'author': 'Bob', 'timestamp': '2025-09-27 08:49:53', 'category': 'tech', 'sentiment': 0.73, 'keyword_mentioned': 'Python', 'message_length': 38}
2025-09-27 08:54:27 | INFO | Calling MongoDB insert_message() with:
2025-09-27 08:54:27 | INFO | message={'message': 'I just shared Python! It was exciting.', 'author': 'Bob', 'timestamp': '2025-09-27 08:49:53', 'category': 'tech', 'sentiment': 0.73, 'keyword_mentioned': 'Python', 'message_length': 38}
2025-09-27 08:54:27 | INFO | MONGODB_URI: mongodb://localhost:27017/
2025-09-27 08:54:27 | INFO | MONGODB_DB: mongo_buzz_database
2025-09-27 08:54:27 | INFO | Inserted message with _id: 68d7ec93eb798aaf4196a361 into collection: messages_tech
2025-09-27 08:54:27 | INFO | Called process_message() with:
2025-09-27 08:54:27 | INFO |    message={'message': 'I just saw an app! It was weird.', 'author': 'Bob', 'timestamp': '2025-09-27 08:49:58', 'category': 'other', 'sentiment': 0.98, 'keyword_mentioned': 'other', 'message_length': 32}
2025-09-27 08:54:27 | INFO | Processed message: {'message': 'I just saw an app! It was weird.', 'author': 'Bob', 'timestamp': '2025-09-27 08:49:58', 'category': 'other', 'sentiment': 0.98, 'keyword_mentioned': 'other', 'message_length': 32}
2025-09-27 08:54:27 | INFO | Calling MongoDB insert_message() with:
2025-09-27 08:54:27 | INFO | message={'message': 'I just saw an app! It was weird.', 'author': 'Bob', 'timestamp': '2025-09-27 08:49:58', 'category': 'other', 'sentiment': 0.98, 'keyword_mentioned': 'other', 'message_length': 32}
2025-09-27 08:54:27 | INFO | MONGODB_URI: mongodb://localhost:27017/
2025-09-27 08:54:27 | INFO | MONGODB_DB: mongo_buzz_database
2025-09-27 08:54:27 | INFO | Inserted message with _id: 68d7ec93eb798aaf4196a363 into collection: messages_other
2025-09-27 08:54:27 | INFO | Called process_message() with:
2025-09-27 08:54:27 | INFO |    message={'message': 'I just tried game! It was boring.', 'author': 'Eve', 'timestamp': '2025-09-27 08:50:03', 'category': 'gaming', 'sentiment': 0.99, 'keyword_mentioned': 'game', 'message_length': 33}
2025-09-27 08:54:27 | INFO | Processed message: {'message': 'I just tried game! It was boring.', 'author': 'Eve', 'timestamp': '2025-09-27 08:50:03', 'category': 'gaming', 'sentiment': 0.99, 'keyword_mentioned': 'game', 'message_length': 33}
2025-09-27 08:54:27 | INFO | Calling MongoDB insert_message() with:
2025-09-27 08:54:27 | INFO | message={'message': 'I just tried game! It was boring.', 'author': 'Eve', 'timestamp': '2025-09-27 08:50:03', 'category': 'gaming', 'sentiment': 0.99, 'keyword_mentioned': 'game', 'message_length': 33}
2025-09-27 08:54:27 | INFO | MONGODB_URI: mongodb://localhost:27017/
2025-09-27 08:54:27 | INFO | MONGODB_DB: mongo_buzz_database
2025-09-27 08:54:27 | INFO | Inserted message with _id: 68d7ec93eb798aaf4196a365 into collection: messages_gaming
2025-09-27 08:54:27 | INFO | Called process_message() with:
2025-09-27 08:54:27 | INFO |    message={'message': 'I just found an app! It was boring.', 'author': 'Alice', 'timestamp': '2025-09-27 08:50:08', 'category': 'other', 'sentiment': 0.93, 'keyword_mentioned': 'other', 'message_length': 35}
2025-09-27 08:54:27 | INFO | Processed message: {'message': 'I just found an app! It was boring.', 'author': 'Alice', 'timestamp': '2025-09-27 08:50:08', 'category': 'other', 'sentiment': 0.93, 'keyword_mentioned': 'other', 'message_length': 35}
2025-09-27 08:54:27 | INFO | Calling MongoDB insert_message() with:
2025-09-27 08:54:27 | INFO | message={'message': 'I just found an app! It was boring.', 'author': 'Alice', 'timestamp': '2025-09-27 08:50:08', 'category': 'other', 'sentiment': 0.93, 'keyword_mentioned': 'other', 'message_length': 35}
2025-09-27 08:54:27 | INFO | MONGODB_URI: mongodb://localhost:27017/
2025-09-27 08:54:27 | INFO | MONGODB_DB: mongo_buzz_database
2025-09-27 08:54:27 | INFO | Inserted message with _id: 68d7ec93eb798aaf4196a367 into collection: messages_other
2025-09-27 08:54:27 | INFO | Called process_message() with:
2025-09-27 08:54:27 | INFO |    message={'message': 'I just found a meme! It was boring.', 'author': 'Bob', 'timestamp': '2025-09-27 08:50:13', 'category': 'humor', 'sentiment': 0.06, 'keyword_mentioned': 'meme', 'message_length': 35}
2025-09-27 08:54:27 | INFO | Processed message: {'message': 'I just found a meme! It was boring.', 'author': 'Bob', 'timestamp': '2025-09-27 08:50:13', 'category': 'humor', 'sentiment': 0.06, 'keyword_mentioned': 'meme', 'message_length': 35}
2025-09-27 08:54:27 | INFO | Calling MongoDB insert_message() with:
2025-09-27 08:54:27 | INFO | message={'message': 'I just found a meme! It was boring.', 'author': 'Bob', 'timestamp': '2025-09-27 08:50:13', 'category': 'humor', 'sentiment': 0.06, 'keyword_mentioned': 'meme', 'message_length': 35}
2025-09-27 08:54:27 | INFO | MONGODB_URI: mongodb://localhost:27017/
2025-09-27 08:54:27 | INFO | MONGODB_DB: mongo_buzz_database
2025-09-27 08:54:27 | INFO | Inserted message with _id: 68d7ec93eb798aaf4196a369 into collection: messages_humor
2025-09-27 08:54:27 | INFO | Called process_message() with:
2025-09-27 08:54:27 | INFO |    message={'message': 'I just shared a meme! It was exciting.', 'author': 'Bob', 'timestamp': '2025-09-27 08:50:18', 'category': 'humor', 'sentiment': 0.58, 'keyword_mentioned': 'meme', 'message_length': 38}
2025-09-27 08:54:27 | INFO | Processed message: {'message': 'I just shared a meme! It was exciting.', 'author': 'Bob', 'timestamp': '2025-09-27 08:50:18', 'category': 'humor', 'sentiment': 0.58, 'keyword_mentioned': 'meme', 'message_length': 38}
2025-09-27 08:54:27 | INFO | Calling MongoDB insert_message() with:
2025-09-27 08:54:27 | INFO | message={'message': 'I just shared a meme! It was exciting.', 'author': 'Bob', 'timestamp': '2025-09-27 08:50:18', 'category': 'humor', 'sentiment': 0.58, 'keyword_mentioned': 'meme', 'message_length': 38}
2025-09-27 08:54:27 | INFO | MONGODB_URI: mongodb://localhost:27017/
2025-09-27 08:54:27 | INFO | MONGODB_DB: mongo_buzz_database
2025-09-27 08:54:27 | INFO | Inserted message with _id: 68d7ec93eb798aaf4196a36b into collection: messages_humor
2025-09-27 08:54:27 | INFO | Called process_message() with:
2025-09-27 08:54:27 | INFO |    message={'message': 'I just found recipe! It was funny.', 'author': 'Charlie', 'timestamp': '2025-09-27 08:50:23', 'category': 'food', 'sentiment': 0.79, 'keyword_mentioned': 'recipe', 'message_length': 34}
2025-09-27 08:54:27 | INFO | Processed message: {'message': 'I just found recipe! It was funny.', 'author': 'Charlie', 'timestamp': '2025-09-27 08:50:23', 'category': 'food', 'sentiment': 0.79, 'keyword_mentioned': 'recipe', 'message_length': 34}
2025-09-27 08:54:27 | INFO | Calling MongoDB insert_message() with:
2025-09-27 08:54:27 | INFO | message={'message': 'I just found recipe! It was funny.', 'author': 'Charlie', 'timestamp': '2025-09-27 08:50:23', 'category': 'food', 'sentiment': 0.79, 'keyword_mentioned': 'recipe', 'message_length': 34}
2025-09-27 08:54:27 | INFO | MONGODB_URI: mongodb://localhost:27017/
2025-09-27 08:54:27 | INFO | MONGODB_DB: mongo_buzz_database
2025-09-27 08:54:27 | INFO | Inserted message with _id: 68d7ec93eb798aaf4196a36d into collection: messages_food
2025-09-27 08:54:27 | INFO | Called process_message() with:
2025-09-27 08:54:27 | INFO |    message={'message': 'I just shared a movie! It was boring.', 'author': 'Charlie', 'timestamp': '2025-09-27 08:50:28', 'category': 'entertainment', 'sentiment': 0.31, 'keyword_mentioned': 'movie', 'message_length': 37}
2025-09-27 08:54:27 | INFO | Processed message: {'message': 'I just shared a movie! It was boring.', 'author': 'Charlie', 'timestamp': '2025-09-27 08:50:28', 'category': 'entertainment', 'sentiment': 0.31, 'keyword_mentioned': 'movie', 'message_length': 37}
2025-09-27 08:54:27 | INFO | Calling MongoDB insert_message() with:
2025-09-27 08:54:28 | INFO | message={'message': 'I just shared a movie! It was boring.', 'author': 'Charlie', 'timestamp': '2025-09-27 08:50:28', 'category': 'entertainment', 'sentiment': 0.31, 'keyword_mentioned': 'movie', 'message_length': 37}
2025-09-27 08:54:28 | INFO | MONGODB_URI: mongodb://localhost:27017/
2025-09-27 08:54:28 | INFO | MONGODB_DB: mongo_buzz_database
2025-09-27 08:54:28 | INFO | Inserted message with _id: 68d7ec94eb798aaf4196a36f into collection: messages_entertainment
2025-09-27 08:54:28 | INFO | Called process_message() with:
2025-09-27 08:54:28 | INFO |    message={'message': 'I just shared a meme! It was boring.', 'author': 'Alice', 'timestamp': '2025-09-27 08:50:33', 'category': 'humor', 'sentiment': 0.38, 'keyword_mentioned': 'meme', 'message_length': 36}
2025-09-27 08:54:28 | INFO | Processed message: {'message': 'I just shared a meme! It was boring.', 'author': 'Alice', 'timestamp': '2025-09-27 08:50:33', 'category': 'humor', 'sentiment': 0.38, 'keyword_mentioned': 'meme', 'message_length': 36}
2025-09-27 08:54:28 | INFO | Calling MongoDB insert_message() with:
2025-09-27 08:54:28 | INFO | message={'message': 'I just shared a meme! It was boring.', 'author': 'Alice', 'timestamp': '2025-09-27 08:50:33', 'category': 'humor', 'sentiment': 0.38, 'keyword_mentioned': 'meme', 'message_length': 36}
2025-09-27 08:54:28 | INFO | MONGODB_URI: mongodb://localhost:27017/
2025-09-27 08:54:28 | INFO | MONGODB_DB: mongo_buzz_database
2025-09-27 08:54:28 | INFO | Inserted message with _id: 68d7ec94eb798aaf4196a371 into collection: messages_humor
2025-09-27 08:54:28 | INFO | Called process_message() with:
2025-09-27 08:54:28 | INFO |    message={'message': 'I just saw a trick! It was boring.', 'author': 'Charlie', 'timestamp': '2025-09-27 08:50:38', 'category': 'other', 'sentiment': 0.26, 'keyword_mentioned': 'other', 'message_length': 34}
2025-09-27 08:54:28 | INFO | Processed message: {'message': 'I just saw a trick! It was boring.', 'author': 'Charlie', 'timestamp': '2025-09-27 08:50:38', 'category': 'other', 'sentiment': 0.26, 'keyword_mentioned': 'other', 'message_length': 34}
2025-09-27 08:54:28 | INFO | Calling MongoDB insert_message() with:
2025-09-27 08:54:28 | INFO | message={'message': 'I just saw a trick! It was boring.', 'author': 'Charlie', 'timestamp': '2025-09-27 08:50:38', 'category': 'other', 'sentiment': 0.26, 'keyword_mentioned': 'other', 'message_length': 34}
2025-09-27 08:54:28 | INFO | MONGODB_URI: mongodb://localhost:27017/
2025-09-27 08:54:28 | INFO | MONGODB_DB: mongo_buzz_database
2025-09-27 08:54:28 | INFO | Inserted message with _id: 68d7ec94eb798aaf4196a373 into collection: messages_other
2025-09-27 08:54:28 | INFO | Called process_message() with:
2025-09-27 08:54:28 | INFO |    message={'message': 'I just shared JavaScript! It was funny.', 'author': 'Bob', 'timestamp': '2025-09-27 08:50:43', 'category': 'tech', 'sentiment': 0.42, 'keyword_mentioned': 'JavaScript', 'message_length': 39}
2025-09-27 08:54:28 | INFO | Processed message: {'message': 'I just shared JavaScript! It was funny.', 'author': 'Bob', 'timestamp': '2025-09-27 08:50:43', 'category': 'tech', 'sentiment': 0.42, 'keyword_mentioned': 'JavaScript', 'message_length': 39}
2025-09-27 08:54:28 | INFO | Calling MongoDB insert_message() with:
2025-09-27 08:54:28 | INFO | message={'message': 'I just shared JavaScript! It was funny.', 'author': 'Bob', 'timestamp': '2025-09-27 08:50:43', 'category': 'tech', 'sentiment': 0.42, 'keyword_mentioned': 'JavaScript', 'message_length': 39}
2025-09-27 08:54:28 | INFO | MONGODB_URI: mongodb://localhost:27017/
2025-09-27 08:54:28 | INFO | MONGODB_DB: mongo_buzz_database
2025-09-27 08:54:28 | INFO | Inserted message with _id: 68d7ec94eb798aaf4196a375 into collection: messages_tech
2025-09-27 08:54:28 | INFO | Called process_message() with:
2025-09-27 08:54:28 | INFO |    message={'message': 'I just saw Python! It was funny.', 'author': 'Bob', 'timestamp': '2025-09-27 08:50:48', 'category': 'tech', 'sentiment': 0.32, 'keyword_mentioned': 'Python', 'message_length': 32}
2025-09-27 08:54:28 | INFO | Processed message: {'message': 'I just saw Python! It was funny.', 'author': 'Bob', 'timestamp': '2025-09-27 08:50:48', 'category': 'tech', 'sentiment': 0.32, 'keyword_mentioned': 'Python', 'message_length': 32}
2025-09-27 08:54:28 | INFO | Calling MongoDB insert_message() with:
2025-09-27 08:54:28 | INFO | message={'message': 'I just saw Python! It was funny.', 'author': 'Bob', 'timestamp': '2025-09-27 08:50:48', 'category': 'tech', 'sentiment': 0.32, 'keyword_mentioned': 'Python', 'message_length': 32}
2025-09-27 08:54:28 | INFO | MONGODB_URI: mongodb://localhost:27017/
2025-09-27 08:54:28 | INFO | MONGODB_DB: mongo_buzz_database
2025-09-27 08:54:28 | INFO | Inserted message with _id: 68d7ec94eb798aaf4196a377 into collection: messages_tech
2025-09-27 08:54:28 | INFO | Called process_message() with:
2025-09-27 08:54:28 | INFO |    message={'message': 'I just tried a trick! It was exciting.', 'author': 'Eve', 'timestamp': '2025-09-27 08:50:53', 'category': 'other', 'sentiment': 0.12, 'keyword_mentioned': 'other', 'message_length': 38}
2025-09-27 08:54:28 | INFO | Processed message: {'message': 'I just tried a trick! It was exciting.', 'author': 'Eve', 'timestamp': '2025-09-27 08:50:53', 'category': 'other', 'sentiment': 0.12, 'keyword_mentioned': 'other', 'message_length': 38}
2025-09-27 08:54:28 | INFO | Calling MongoDB insert_message() with:
2025-09-27 08:54:28 | INFO | message={'message': 'I just tried a trick! It was exciting.', 'author': 'Eve', 'timestamp': '2025-09-27 08:50:53', 'category': 'other', 'sentiment': 0.12, 'keyword_mentioned': 'other', 'message_length': 38}
2025-09-27 08:54:28 | INFO | MONGODB_URI: mongodb://localhost:27017/
2025-09-27 08:54:28 | INFO | MONGODB_DB: mongo_buzz_database
2025-09-27 08:54:28 | INFO | Inserted message with _id: 68d7ec94eb798aaf4196a379 into collection: messages_other
2025-09-27 08:54:28 | INFO | Called process_message() with:
2025-09-27 08:54:28 | INFO |    message={'message': 'I just shared JavaScript! It was weird.', 'author': 'Charlie', 'timestamp': '2025-09-27 08:50:58', 'category': 'tech', 'sentiment': 0.17, 'keyword_mentioned': 'JavaScript', 'message_length': 39}
2025-09-27 08:54:28 | INFO | Processed message: {'message': 'I just shared JavaScript! It was weird.', 'author': 'Charlie', 'timestamp': '2025-09-27 08:50:58', 'category': 'tech', 'sentiment': 0.17, 'keyword_mentioned': 'JavaScript', 'message_length': 39}
2025-09-27 08:54:28 | INFO | Calling MongoDB insert_message() with:
2025-09-27 08:54:28 | INFO | message={'message': 'I just shared JavaScript! It was weird.', 'author': 'Charlie', 'timestamp': '2025-09-27 08:50:58', 'category': 'tech', 'sentiment': 0.17, 'keyword_mentioned': 'JavaScript', 'message_length': 39}
2025-09-27 08:54:28 | INFO | MONGODB_URI: mongodb://localhost:27017/
2025-09-27 08:54:28 | INFO | MONGODB_DB: mongo_buzz_database
2025-09-27 08:54:28 | INFO | Inserted message with _id: 68d7ec94eb798aaf4196a37b into collection: messages_tech
2025-09-27 08:54:28 | INFO | Called process_message() with:
2025-09-27 08:54:28 | INFO |    message={'message': 'I just loved game! It was weird.', 'author': 'Alice', 'timestamp': '2025-09-27 08:51:03', 'category': 'gaming', 'sentiment': 0.72, 'keyword_mentioned': 'game', 'message_length': 32}
2025-09-27 08:54:28 | INFO | Processed message: {'message': 'I just loved game! It was weird.', 'author': 'Alice', 'timestamp': '2025-09-27 08:51:03', 'category': 'gaming', 'sentiment': 0.72, 'keyword_mentioned': 'game', 'message_length': 32}
2025-09-27 08:54:28 | INFO | Calling MongoDB insert_message() with:
2025-09-27 08:54:28 | INFO | message={'message': 'I just loved game! It was weird.', 'author': 'Alice', 'timestamp': '2025-09-27 08:51:03', 'category': 'gaming', 'sentiment': 0.72, 'keyword_mentioned': 'game', 'message_length': 32}
2025-09-27 08:54:28 | INFO | MONGODB_URI: mongodb://localhost:27017/
2025-09-27 08:54:28 | INFO | MONGODB_DB: mongo_buzz_database
2025-09-27 08:54:28 | INFO | Inserted message with _id: 68d7ec94eb798aaf4196a37d into collection: messages_gaming
2025-09-27 08:54:28 | INFO | Called process_message() with:
2025-09-27 08:54:28 | INFO |    message={'message': 'I just shared a story! It was exciting.', 'author': 'Alice', 'timestamp': '2025-09-27 08:51:08', 'category': 'other', 'sentiment': 0.51, 'keyword_mentioned': 'other', 'message_length': 39}
2025-09-27 08:54:28 | INFO | Processed message: {'message': 'I just shared a story! It was exciting.', 'author': 'Alice', 'timestamp': '2025-09-27 08:51:08', 'category': 'other', 'sentiment': 0.51, 'keyword_mentioned': 'other', 'message_length': 39}
2025-09-27 08:54:28 | INFO | Calling MongoDB insert_message() with:
2025-09-27 08:54:28 | INFO | message={'message': 'I just shared a story! It was exciting.', 'author': 'Alice', 'timestamp': '2025-09-27 08:51:08', 'category': 'other', 'sentiment': 0.51, 'keyword_mentioned': 'other', 'message_length': 39}
2025-09-27 08:54:28 | INFO | MONGODB_URI: mongodb://localhost:27017/
2025-09-27 08:54:28 | INFO | MONGODB_DB: mongo_buzz_database
2025-09-27 08:54:28 | INFO | Inserted message with _id: 68d7ec94eb798aaf4196a37f into collection: messages_other
2025-09-27 08:54:28 | INFO | Called process_message() with:
2025-09-27 08:54:28 | INFO |    message={'message': 'I just found a movie! It was weird.', 'author': 'Alice', 'timestamp': '2025-09-27 08:51:13', 'category': 'entertainment', 'sentiment': 0.01, 'keyword_mentioned': 'movie', 'message_length': 35}
2025-09-27 08:54:28 | INFO | Processed message: {'message': 'I just found a movie! It was weird.', 'author': 'Alice', 'timestamp': '2025-09-27 08:51:13', 'category': 'entertainment', 'sentiment': 0.01, 'keyword_mentioned': 'movie', 'message_length': 35}
2025-09-27 08:54:28 | INFO | Calling MongoDB insert_message() with:
2025-09-27 08:54:28 | INFO | message={'message': 'I just found a movie! It was weird.', 'author': 'Alice', 'timestamp': '2025-09-27 08:51:13', 'category': 'entertainment', 'sentiment': 0.01, 'keyword_mentioned': 'movie', 'message_length': 35}
2025-09-27 08:54:28 | INFO | MONGODB_URI: mongodb://localhost:27017/
2025-09-27 08:54:28 | INFO | MONGODB_DB: mongo_buzz_database
2025-09-27 08:54:28 | INFO | Inserted message with _id: 68d7ec94eb798aaf4196a381 into collection: messages_entertainment
2025-09-27 08:54:28 | INFO | Called process_message() with:
2025-09-27 08:54:28 | INFO |    message={'message': 'I just saw JavaScript! It was funny.', 'author': 'Bob', 'timestamp': '2025-09-27 08:51:18', 'category': 'tech', 'sentiment': 0.92, 'keyword_mentioned': 'JavaScript', 'message_length': 36}
2025-09-27 08:54:28 | INFO | Processed message: {'message': 'I just saw JavaScript! It was funny.', 'author': 'Bob', 'timestamp': '2025-09-27 08:51:18', 'category': 'tech', 'sentiment': 0.92, 'keyword_mentioned': 'JavaScript', 'message_length': 36}
2025-09-27 08:54:28 | INFO | Calling MongoDB insert_message() with:
2025-09-27 08:54:28 | INFO | message={'message': 'I just saw JavaScript! It was funny.', 'author': 'Bob', 'timestamp': '2025-09-27 08:51:18', 'category': 'tech', 'sentiment': 0.92, 'keyword_mentioned': 'JavaScript', 'message_length': 36}
2025-09-27 08:54:28 | INFO | MONGODB_URI: mongodb://localhost:27017/
2025-09-27 08:54:28 | INFO | MONGODB_DB: mongo_buzz_database
2025-09-27 08:54:28 | INFO | Inserted message with _id: 68d7ec94eb798aaf4196a383 into collection: messages_tech
2025-09-27 08:54:28 | INFO | Called process_message() with:
2025-09-27 08:54:28 | INFO |    message={'message': 'I just loved JavaScript! It was amazing.', 'author': 'Alice', 'timestamp': '2025-09-27 08:51:23', 'category': 'tech', 'sentiment': 0.1, 'keyword_mentioned': 'JavaScript', 'message_length': 40}
2025-09-27 08:54:28 | INFO | Processed message: {'message': 'I just loved JavaScript! It was amazing.', 'author': 'Alice', 'timestamp': '2025-09-27 08:51:23', 'category': 'tech', 'sentiment': 0.1, 'keyword_mentioned': 'JavaScript', 'message_length': 40}
2025-09-27 08:54:28 | INFO | Calling MongoDB insert_message() with:
2025-09-27 08:54:28 | INFO | message={'message': 'I just loved JavaScript! It was amazing.', 'author': 'Alice', 'timestamp': '2025-09-27 08:51:23', 'category': 'tech', 'sentiment': 0.1, 'keyword_mentioned': 'JavaScript', 'message_length': 40}
2025-09-27 08:54:28 | INFO | MONGODB_URI: mongodb://localhost:27017/
2025-09-27 08:54:28 | INFO | MONGODB_DB: mongo_buzz_database
2025-09-27 08:54:28 | INFO | Inserted message with _id: 68d7ec94eb798aaf4196a385 into collection: messages_tech
2025-09-27 08:54:28 | INFO | Called process_message() with:
2025-09-27 08:54:28 | INFO |    message={'message': 'I just tried Python! It was weird.', 'author': 'Bob', 'timestamp': '2025-09-27 08:51:28', 'category': 'tech', 'sentiment': 0.56, 'keyword_mentioned': 'Python', 'message_length': 34}
2025-09-27 08:54:28 | INFO | Processed message: {'message': 'I just tried Python! It was weird.', 'author': 'Bob', 'timestamp': '2025-09-27 08:51:28', 'category': 'tech', 'sentiment': 0.56, 'keyword_mentioned': 'Python', 'message_length': 34}
2025-09-27 08:54:28 | INFO | Calling MongoDB insert_message() with:
2025-09-27 08:54:28 | INFO | message={'message': 'I just tried Python! It was weird.', 'author': 'Bob', 'timestamp': '2025-09-27 08:51:28', 'category': 'tech', 'sentiment': 0.56, 'keyword_mentioned': 'Python', 'message_length': 34}
2025-09-27 08:54:28 | INFO | MONGODB_URI: mongodb://localhost:27017/
2025-09-27 08:54:28 | INFO | MONGODB_DB: mongo_buzz_database
2025-09-27 08:54:28 | INFO | Inserted message with _id: 68d7ec94eb798aaf4196a387 into collection: messages_tech
2025-09-27 08:54:28 | INFO | Called process_message() with:
2025-09-27 08:54:28 | INFO |    message={'message': 'I just shared JavaScript! It was weird.', 'author': 'Bob', 'timestamp': '2025-09-27 08:51:33', 'category': 'tech', 'sentiment': 0.8, 'keyword_mentioned': 'JavaScript', 'message_length': 39}
2025-09-27 08:54:28 | INFO | Processed message: {'message': 'I just shared JavaScript! It was weird.', 'author': 'Bob', 'timestamp': '2025-09-27 08:51:33', 'category': 'tech', 'sentiment': 0.8, 'keyword_mentioned': 'JavaScript', 'message_length': 39}
2025-09-27 08:54:28 | INFO | Calling MongoDB insert_message() with:
2025-09-27 08:54:28 | INFO | message={'message': 'I just shared JavaScript! It was weird.', 'author': 'Bob', 'timestamp': '2025-09-27 08:51:33', 'category': 'tech', 'sentiment': 0.8, 'keyword_mentioned': 'JavaScript', 'message_length': 39}
2025-09-27 08:54:28 | INFO | MONGODB_URI: mongodb://localhost:27017/
2025-09-27 08:54:28 | INFO | MONGODB_DB: mongo_buzz_database
2025-09-27 08:54:28 | INFO | Inserted message with _id: 68d7ec94eb798aaf4196a389 into collection: messages_tech
2025-09-27 08:54:28 | INFO | Called process_message() with:
2025-09-27 08:54:28 | INFO |    message={'message': 'I just loved game! It was exciting.', 'author': 'Alice', 'timestamp': '2025-09-27 08:51:38', 'category': 'gaming', 'sentiment': 0.03, 'keyword_mentioned': 'game', 'message_length': 35}
2025-09-27 08:54:28 | INFO | Processed message: {'message': 'I just loved game! It was exciting.', 'author': 'Alice', 'timestamp': '2025-09-27 08:51:38', 'category': 'gaming', 'sentiment': 0.03, 'keyword_mentioned': 'game', 'message_length': 35}
2025-09-27 08:54:28 | INFO | Calling MongoDB insert_message() with:
2025-09-27 08:54:28 | INFO | message={'message': 'I just loved game! It was exciting.', 'author': 'Alice', 'timestamp': '2025-09-27 08:51:38', 'category': 'gaming', 'sentiment': 0.03, 'keyword_mentioned': 'game', 'message_length': 35}
2025-09-27 08:54:28 | INFO | MONGODB_URI: mongodb://localhost:27017/
2025-09-27 08:54:28 | INFO | MONGODB_DB: mongo_buzz_database
2025-09-27 08:54:28 | INFO | Inserted message with _id: 68d7ec94eb798aaf4196a38b into collection: messages_gaming
2025-09-27 08:54:28 | INFO | Called process_message() with:
2025-09-27 08:54:28 | INFO |    message={'message': 'I just tried a meme! It was amazing.', 'author': 'Bob', 'timestamp': '2025-09-27 08:51:43', 'category': 'humor', 'sentiment': 0.06, 'keyword_mentioned': 'meme', 'message_length': 36}
2025-09-27 08:54:28 | INFO | Processed message: {'message': 'I just tried a meme! It was amazing.', 'author': 'Bob', 'timestamp': '2025-09-27 08:51:43', 'category': 'humor', 'sentiment': 0.06, 'keyword_mentioned': 'meme', 'message_length': 36}
2025-09-27 08:54:28 | INFO | Calling MongoDB insert_message() with:
2025-09-27 08:54:28 | INFO | message={'message': 'I just tried a meme! It was amazing.', 'author': 'Bob', 'timestamp': '2025-09-27 08:51:43', 'category': 'humor', 'sentiment': 0.06, 'keyword_mentioned': 'meme', 'message_length': 36}
2025-09-27 08:54:28 | INFO | MONGODB_URI: mongodb://localhost:27017/
2025-09-27 08:54:28 | INFO | MONGODB_DB: mongo_buzz_database
2025-09-27 08:54:28 | INFO | Inserted message with _id: 68d7ec94eb798aaf4196a38d into collection: messages_humor
2025-09-27 08:54:28 | INFO | Called process_message() with:
2025-09-27 08:54:28 | INFO |    message={'message': 'I just shared a story! It was boring.', 'author': 'Alice', 'timestamp': '2025-09-27 08:51:48', 'category': 'other', 'sentiment': 0.52, 'keyword_mentioned': 'other', 'message_length': 37}
2025-09-27 08:54:28 | INFO | Processed message: {'message': 'I just shared a story! It was boring.', 'author': 'Alice', 'timestamp': '2025-09-27 08:51:48', 'category': 'other', 'sentiment': 0.52, 'keyword_mentioned': 'other', 'message_length': 37}
2025-09-27 08:54:28 | INFO | Calling MongoDB insert_message() with:
2025-09-27 08:54:28 | INFO | message={'message': 'I just shared a story! It was boring.', 'author': 'Alice', 'timestamp': '2025-09-27 08:51:48', 'category': 'other', 'sentiment': 0.52, 'keyword_mentioned': 'other', 'message_length': 37}
2025-09-27 08:54:28 | INFO | MONGODB_URI: mongodb://localhost:27017/
2025-09-27 08:54:28 | INFO | MONGODB_DB: mongo_buzz_database
2025-09-27 08:54:28 | INFO | Inserted message with _id: 68d7ec94eb798aaf4196a38f into collection: messages_other
2025-09-27 08:54:28 | INFO | Called process_message() with:
2025-09-27 08:54:28 | INFO |    message={'message': 'I just loved a trick! It was amazing.', 'author': 'Eve', 'timestamp': '2025-09-27 08:51:53', 'category': 'other', 'sentiment': 0.72, 'keyword_mentioned': 'other', 'message_length': 37}
2025-09-27 08:54:28 | INFO | Processed message: {'message': 'I just loved a trick! It was amazing.', 'author': 'Eve', 'timestamp': '2025-09-27 08:51:53', 'category': 'other', 'sentiment': 0.72, 'keyword_mentioned': 'other', 'message_length': 37}
2025-09-27 08:54:28 | INFO | Calling MongoDB insert_message() with:
2025-09-27 08:54:28 | INFO | message={'message': 'I just loved a trick! It was amazing.', 'author': 'Eve', 'timestamp': '2025-09-27 08:51:53', 'category': 'other', 'sentiment': 0.72, 'keyword_mentioned': 'other', 'message_length': 37}
2025-09-27 08:54:28 | INFO | MONGODB_URI: mongodb://localhost:27017/
2025-09-27 08:54:28 | INFO | MONGODB_DB: mongo_buzz_database
2025-09-27 08:54:28 | INFO | Inserted message with _id: 68d7ec94eb798aaf4196a391 into collection: messages_other
2025-09-27 08:54:28 | INFO | Called process_message() with:
2025-09-27 08:54:28 | INFO |    message={'message': 'I just tried recipe! It was boring.', 'author': 'Eve', 'timestamp': '2025-09-27 08:51:58', 'category': 'food', 'sentiment': 0.31, 'keyword_mentioned': 'recipe', 'message_length': 35}
2025-09-27 08:54:28 | INFO | Processed message: {'message': 'I just tried recipe! It was boring.', 'author': 'Eve', 'timestamp': '2025-09-27 08:51:58', 'category': 'food', 'sentiment': 0.31, 'keyword_mentioned': 'recipe', 'message_length': 35}
2025-09-27 08:54:28 | INFO | Calling MongoDB insert_message() with:
2025-09-27 08:54:28 | INFO | message={'message': 'I just tried recipe! It was boring.', 'author': 'Eve', 'timestamp': '2025-09-27 08:51:58', 'category': 'food', 'sentiment': 0.31, 'keyword_mentioned': 'recipe', 'message_length': 35}
2025-09-27 08:54:28 | INFO | MONGODB_URI: mongodb://localhost:27017/
2025-09-27 08:54:28 | INFO | MONGODB_DB: mongo_buzz_database
2025-09-27 08:54:28 | INFO | Inserted message with _id: 68d7ec94eb798aaf4196a393 into collection: messages_food
2025-09-27 08:54:28 | INFO | Called process_message() with:
2025-09-27 08:54:28 | INFO |    message={'message': 'I just found Python! It was funny.', 'author': 'Charlie', 'timestamp': '2025-09-27 08:52:03', 'category': 'tech', 'sentiment': 0.77, 'keyword_mentioned': 'Python', 'message_length': 34}
2025-09-27 08:54:28 | INFO | Processed message: {'message': 'I just found Python! It was funny.', 'author': 'Charlie', 'timestamp': '2025-09-27 08:52:03', 'category': 'tech', 'sentiment': 0.77, 'keyword_mentioned': 'Python', 'message_length': 34}
2025-09-27 08:54:28 | INFO | Calling MongoDB insert_message() with:
2025-09-27 08:54:28 | INFO | message={'message': 'I just found Python! It was funny.', 'author': 'Charlie', 'timestamp': '2025-09-27 08:52:03', 'category': 'tech', 'sentiment': 0.77, 'keyword_mentioned': 'Python', 'message_length': 34}
2025-09-27 08:54:28 | INFO | MONGODB_URI: mongodb://localhost:27017/
2025-09-27 08:54:28 | INFO | MONGODB_DB: mongo_buzz_database
2025-09-27 08:54:28 | INFO | Inserted message with _id: 68d7ec94eb798aaf4196a395 into collection: messages_tech
2025-09-27 08:54:28 | INFO | Called process_message() with:
2025-09-27 08:54:28 | INFO |    message={'message': 'I just shared an app! It was weird.', 'author': 'Bob', 'timestamp': '2025-09-27 08:52:08', 'category': 'other', 'sentiment': 0.08, 'keyword_mentioned': 'other', 'message_length': 35}
2025-09-27 08:54:28 | INFO | Processed message: {'message': 'I just shared an app! It was weird.', 'author': 'Bob', 'timestamp': '2025-09-27 08:52:08', 'category': 'other', 'sentiment': 0.08, 'keyword_mentioned': 'other', 'message_length': 35}
2025-09-27 08:54:28 | INFO | Calling MongoDB insert_message() with:
2025-09-27 08:54:28 | INFO | message={'message': 'I just shared an app! It was weird.', 'author': 'Bob', 'timestamp': '2025-09-27 08:52:08', 'category': 'other', 'sentiment': 0.08, 'keyword_mentioned': 'other', 'message_length': 35}
2025-09-27 08:54:28 | INFO | MONGODB_URI: mongodb://localhost:27017/
2025-09-27 08:54:28 | INFO | MONGODB_DB: mongo_buzz_database
2025-09-27 08:54:28 | INFO | Inserted message with _id: 68d7ec94eb798aaf4196a397 into collection: messages_other
2025-09-27 08:54:28 | INFO | Called process_message() with:
2025-09-27 08:54:28 | INFO |    message={'message': 'I just found JavaScript! It was weird.', 'author': 'Alice', 'timestamp': '2025-09-27 08:52:13', 'category': 'tech', 'sentiment': 0.12, 'keyword_mentioned': 'JavaScript', 'message_length': 38}
2025-09-27 08:54:28 | INFO | Processed message: {'message': 'I just found JavaScript! It was weird.', 'author': 'Alice', 'timestamp': '2025-09-27 08:52:13', 'category': 'tech', 'sentiment': 0.12, 'keyword_mentioned': 'JavaScript', 'message_length': 38}
2025-09-27 08:54:28 | INFO | Calling MongoDB insert_message() with:
2025-09-27 08:54:28 | INFO | message={'message': 'I just found JavaScript! It was weird.', 'author': 'Alice', 'timestamp': '2025-09-27 08:52:13', 'category': 'tech', 'sentiment': 0.12, 'keyword_mentioned': 'JavaScript', 'message_length': 38}
2025-09-27 08:54:28 | INFO | MONGODB_URI: mongodb://localhost:27017/
2025-09-27 08:54:28 | INFO | MONGODB_DB: mongo_buzz_database
2025-09-27 08:54:29 | INFO | Inserted message with _id: 68d7ec95eb798aaf4196a399 into collection: messages_tech
2025-09-27 08:54:29 | INFO | Called process_message() with:
2025-09-27 08:54:29 | INFO |    message={'message': 'I just saw JavaScript! It was weird.', 'author': 'Alice', 'timestamp': '2025-09-27 08:52:18', 'category': 'tech', 'sentiment': 0.59, 'keyword_mentioned': 'JavaScript', 'message_length': 36}
2025-09-27 08:54:29 | INFO | Processed message: {'message': 'I just saw JavaScript! It was weird.', 'author': 'Alice', 'timestamp': '2025-09-27 08:52:18', 'category': 'tech', 'sentiment': 0.59, 'keyword_mentioned': 'JavaScript', 'message_length': 36}
2025-09-27 08:54:29 | INFO | Calling MongoDB insert_message() with:
2025-09-27 08:54:29 | INFO | message={'message': 'I just saw JavaScript! It was weird.', 'author': 'Alice', 'timestamp': '2025-09-27 08:52:18', 'category': 'tech', 'sentiment': 0.59, 'keyword_mentioned': 'JavaScript', 'message_length': 36}
2025-09-27 08:54:29 | INFO | MONGODB_URI: mongodb://localhost:27017/
2025-09-27 08:54:29 | INFO | MONGODB_DB: mongo_buzz_database
2025-09-27 08:54:29 | INFO | Inserted message with _id: 68d7ec95eb798aaf4196a39b into collection: messages_tech
2025-09-27 08:54:29 | INFO | Called process_message() with:
2025-09-27 08:54:29 | INFO |    message={'message': 'I just loved a story! It was amazing.', 'author': 'Bob', 'timestamp': '2025-09-27 08:52:23', 'category': 'other', 'sentiment': 0.07, 'keyword_mentioned': 'other', 'message_length': 37}
2025-09-27 08:54:29 | INFO | Processed message: {'message': 'I just loved a story! It was amazing.', 'author': 'Bob', 'timestamp': '2025-09-27 08:52:23', 'category': 'other', 'sentiment': 0.07, 'keyword_mentioned': 'other', 'message_length': 37}
2025-09-27 08:54:29 | INFO | Calling MongoDB insert_message() with:
2025-09-27 08:54:29 | INFO | message={'message': 'I just loved a story! It was amazing.', 'author': 'Bob', 'timestamp': '2025-09-27 08:52:23', 'category': 'other', 'sentiment': 0.07, 'keyword_mentioned': 'other', 'message_length': 37}
