2025-09-25 19:37:56 | INFO | message={'message': 'I just tried travel! It was weird.', 'author': 'Alice', 'timestamp': '2025-09-25 19:37:56', 'category': 'travel', 'sentiment': 0.13, 'keyword_mentioned': 'travel', 'message_length': 34}
2025-09-25 19:37:56 | INFO | db_path=PosixPath('PROJECT_ROOT/data/buzz.sqlite')
2025-09-25 19:37:57 | INFO | Inserted one message into table: messages_travel
2025-09-25 19:38:01 | INFO | Called process_message() with:
2025-09-25 19:38:01 | INFO |    message={'message': 'I just tried JavaScript! It was weird.', 'author': 'Charlie', 'timestamp': '2025-09-25 19:38:01', 'category': 'tech', 'sentiment': 0.5, 'keyword_mentioned': 'JavaScript', 'message_length': 38}
2025-09-25 19:38:01 | INFO | Processed message: {'message': 'I just tried JavaScript! It was weird.', 'author': 'Charlie', 'timestamp': '2025-09-25 19:38:01', 'category': 'tech', 'sentiment': 0.5, 'keyword_mentioned': 'JavaScript', 'message_length': 38}
2025-09-25 19:38:01 | INFO | Calling SQLite insert_message() with:
2025-09-25 19:38:01 | INFO | message={'message': 'I just tried JavaScript! It was weird.', 'author': 'Charlie', 'timestamp': '2025-09-25 19:38:01', 'category': 'tech', 'sentiment': 0.5, 'keyword_mentioned': 'JavaScript', 'message_length': 38}
2025-09-25 19:38:01 | INFO | db_path=PosixPath('PROJECT_ROOT/data/buzz.sqlite')
2025-09-25 19:38:02 | INFO | Inserted one message into table: messages_tech
2025-09-25 19:38:06 | INFO | Called process_message() with:
2025-09-25 19:38:06 | INFO |    message={'message': 'I just shared JavaScript! It was weird.', 'author': 'Bob', 'timestamp': '2025-09-25 19:38:06', 'category': 'tech', 'sentiment': 0.01, 'keyword_mentioned': 'JavaScript', 'message_length': 39}
2025-09-25 19:38:06 | INFO | Processed message: {'message': 'I just shared JavaScript! It was weird.', 'author': 'Bob', 'timestamp': '2025-09-25 19:38:06', 'category': 'tech', 'sentiment': 0.01, 'keyword_mentioned': 'JavaScript', 'message_length': 39}
2025-09-25 19:38:06 | INFO | Calling SQLite insert_message() with:
2025-09-25 19:38:06 | INFO | message={'message': 'I just shared JavaScript! It was weird.', 'author': 'Bob', 'timestamp': '2025-09-25 19:38:06', 'category': 'tech', 'sentiment': 0.01, 'keyword_mentioned': 'JavaScript', 'message_length': 39}
2025-09-25 19:38:06 | INFO | db_path=PosixPath('PROJECT_ROOT/data/buzz.sqlite')
2025-09-25 19:38:06 | INFO | Inserted one message into table: messages_tech
2025-09-25 19:38:11 | INFO | Called process_message() with:
2025-09-25 19:38:11 | INFO |    message={'message': 'I just found a trick! It was funny.', 'author': 'Bob', 'timestamp': '2025-09-25 19:38:11', 'category': 'other', 'sentiment': 0.34, 'keyword_mentioned': 'other', 'message_length': 35}
2025-09-25 19:38:11 | INFO | Processed message: {'message': 'I just found a trick! It was funny.', 'author': 'Bob', 'timestamp': '2025-09-25 19:38:11', 'category': 'other', 'sentiment': 0.34, 'keyword_mentioned': 'other', 'message_length': 35}
2025-09-25 19:38:11 | INFO | Calling SQLite insert_message() with:
2025-09-25 19:38:11 | INFO | message={'message': 'I just found a trick! It was funny.', 'author': 'Bob', 'timestamp': '2025-09-25 19:38:11', 'category': 'other', 'sentiment': 0.34, 'keyword_mentioned': 'other', 'message_length': 35}
2025-09-25 19:38:11 | INFO | db_path=PosixPath('PROJECT_ROOT/data/buzz.sqlite')
2025-09-25 19:38:11 | INFO | Inserted one message into table: messages_other
2025-09-25 19:38:17 | INFO | Called process_message() with:
2025-09-25 19:38:17 | INFO |    message={'message': 'I just saw a story! It was boring.', 'author': 'Alice', 'timestamp': '2025-09-25 19:38:17', 'category': 'other', 'sentiment': 0.89, 'keyword_mentioned': 'other', 'message_length': 34}
2025-09-25 19:38:17 | INFO | Processed message: {'message': 'I just saw a story! It was boring.', 'author': 'Alice', 'timestamp': '2025-09-25 19:38:17', 'category': 'other', 'sentiment': 0.89, 'keyword_mentioned': 'other', 'message_length': 34}
2025-09-25 19:38:17 | INFO | Calling SQLite insert_message() with:
2025-09-25 19:38:17 | INFO | message={'message': 'I just saw a story! It was boring.', 'author': 'Alice', 'timestamp': '2025-09-25 19:38:17', 'category': 'other', 'sentiment': 0.89, 'keyword_mentioned': 'other', 'message_length': 34}
2025-09-25 19:38:17 | INFO | db_path=PosixPath('PROJECT_ROOT/data/buzz.sqlite')
2025-09-25 19:38:17 | INFO | Inserted one message into table: messages_other
2025-09-25 19:38:22 | INFO | Called process_message() with:
2025-09-25 19:38:22 | INFO |    message={'message': 'I just shared travel! It was amazing.', 'author': 'Bob', 'timestamp': '2025-09-25 19:38:22', 'category': 'travel', 'sentiment': 0.0, 'keyword_mentioned': 'travel', 'message_length': 37}
2025-09-25 19:38:22 | INFO | Processed message: {'message': 'I just shared travel! It was amazing.', 'author': 'Bob', 'timestamp': '2025-09-25 19:38:22', 'category': 'travel', 'sentiment': 0.0, 'keyword_mentioned': 'travel', 'message_length': 37}
2025-09-25 19:38:22 | INFO | Calling SQLite insert_message() with:
2025-09-25 19:38:22 | INFO | message={'message': 'I just shared travel! It was amazing.', 'author': 'Bob', 'timestamp': '2025-09-25 19:38:22', 'category': 'travel', 'sentiment': 0.0, 'keyword_mentioned': 'travel', 'message_length': 37}
2025-09-25 19:38:22 | INFO | db_path=PosixPath('PROJECT_ROOT/data/buzz.sqlite')
2025-09-25 19:38:22 | INFO | Inserted one message into table: messages_travel
2025-09-25 19:38:27 | INFO | Called process_message() with:
2025-09-25 19:38:27 | INFO |    message={'message': 'I just saw recipe! It was boring.', 'author': 'Bob', 'timestamp': '2025-09-25 19:38:27', 'category': 'food', 'sentiment': 0.34, 'keyword_mentioned': 'recipe', 'message_length': 33}
2025-09-25 19:38:27 | INFO | Processed message: {'message': 'I just saw recipe! It was boring.', 'author': 'Bob', 'timestamp': '2025-09-25 19:38:27', 'category': 'food', 'sentiment': 0.34, 'keyword_mentioned': 'recipe', 'message_length': 33}
2025-09-25 19:38:27 | INFO | Calling SQLite insert_message() with:
2025-09-25 19:38:27 | INFO | message={'message': 'I just saw recipe! It was boring.', 'author': 'Bob', 'timestamp': '2025-09-25 19:38:27', 'category': 'food', 'sentiment': 0.34, 'keyword_mentioned': 'recipe', 'message_length': 33}
2025-09-25 19:38:27 | INFO | db_path=PosixPath('PROJECT_ROOT/data/buzz.sqlite')
2025-09-25 19:38:27 | INFO | Inserted one message into table: messages_food
2025-09-25 19:38:32 | INFO | Called process_message() with:
2025-09-25 19:38:32 | INFO |    message={'message': 'I just loved recipe! It was boring.', 'author': 'Bob', 'timestamp': '2025-09-25 19:38:32', 'category': 'food', 'sentiment': 0.09, 'keyword_mentioned': 'recipe', 'message_length': 35}
2025-09-25 19:38:32 | INFO | Processed message: {'message': 'I just loved recipe! It was boring.', 'author': 'Bob', 'timestamp': '2025-09-25 19:38:32', 'category': 'food', 'sentiment': 0.09, 'keyword_mentioned': 'recipe', 'message_length': 35}
2025-09-25 19:38:32 | INFO | Calling SQLite insert_message() with:
2025-09-25 19:38:32 | INFO | message={'message': 'I just loved recipe! It was boring.', 'author': 'Bob', 'timestamp': '2025-09-25 19:38:32', 'category': 'food', 'sentiment': 0.09, 'keyword_mentioned': 'recipe', 'message_length': 35}
2025-09-25 19:38:32 | INFO | db_path=PosixPath('PROJECT_ROOT/data/buzz.sqlite')
2025-09-25 19:38:32 | INFO | Inserted one message into table: messages_food
2025-09-25 19:38:37 | INFO | Called process_message() with:
2025-09-25 19:38:37 | INFO |    message={'message': 'I just shared Python! It was weird.', 'author': 'Alice', 'timestamp': '2025-09-25 19:38:37', 'category': 'tech', 'sentiment': 0.35, 'keyword_mentioned': 'Python', 'message_length': 35}
2025-09-25 19:38:37 | INFO | Processed message: {'message': 'I just shared Python! It was weird.', 'author': 'Alice', 'timestamp': '2025-09-25 19:38:37', 'category': 'tech', 'sentiment': 0.35, 'keyword_mentioned': 'Python', 'message_length': 35}
2025-09-25 19:38:37 | INFO | Calling SQLite insert_message() with:
2025-09-25 19:38:37 | INFO | message={'message': 'I just shared Python! It was weird.', 'author': 'Alice', 'timestamp': '2025-09-25 19:38:37', 'category': 'tech', 'sentiment': 0.35, 'keyword_mentioned': 'Python', 'message_length': 35}
2025-09-25 19:38:37 | INFO | db_path=PosixPath('PROJECT_ROOT/data/buzz.sqlite')
2025-09-25 19:38:37 | INFO | Inserted one message into table: messages_tech
2025-09-25 19:38:42 | INFO | Called process_message() with:
2025-09-25 19:38:42 | INFO |    message={'message': 'I just found game! It was weird.', 'author': 'Bob', 'timestamp': '2025-09-25 19:38:42', 'category': 'gaming', 'sentiment': 0.98, 'keyword_mentioned': 'game', 'message_length': 32}
2025-09-25 19:38:42 | INFO | Processed message: {'message': 'I just found game! It was weird.', 'author': 'Bob', 'timestamp': '2025-09-25 19:38:42', 'category': 'gaming', 'sentiment': 0.98, 'keyword_mentioned': 'game', 'message_length': 32}
2025-09-25 19:38:42 | INFO | Calling SQLite insert_message() with:
2025-09-25 19:38:42 | INFO | message={'message': 'I just found game! It was weird.', 'author': 'Bob', 'timestamp': '2025-09-25 19:38:42', 'category': 'gaming', 'sentiment': 0.98, 'keyword_mentioned': 'game', 'message_length': 32}
2025-09-25 19:38:42 | INFO | db_path=PosixPath('PROJECT_ROOT/data/buzz.sqlite')
2025-09-25 19:38:43 | INFO | Inserted one message into table: messages_gaming
2025-09-25 19:38:48 | INFO | Called process_message() with:
2025-09-25 19:38:48 | INFO |    message={'message': 'I just tried recipe! It was weird.', 'author': 'Charlie', 'timestamp': '2025-09-25 19:38:48', 'category': 'food', 'sentiment': 0.57, 'keyword_mentioned': 'recipe', 'message_length': 34}
2025-09-25 19:38:48 | INFO | Processed message: {'message': 'I just tried recipe! It was weird.', 'author': 'Charlie', 'timestamp': '2025-09-25 19:38:48', 'category': 'food', 'sentiment': 0.57, 'keyword_mentioned': 'recipe', 'message_length': 34}
2025-09-25 19:38:48 | INFO | Calling SQLite insert_message() with:
2025-09-25 19:38:48 | INFO | message={'message': 'I just tried recipe! It was weird.', 'author': 'Charlie', 'timestamp': '2025-09-25 19:38:48', 'category': 'food', 'sentiment': 0.57, 'keyword_mentioned': 'recipe', 'message_length': 34}
2025-09-25 19:38:48 | INFO | db_path=PosixPath('PROJECT_ROOT/data/buzz.sqlite')
2025-09-25 19:38:48 | INFO | Inserted one message into table: messages_food
2025-09-25 19:38:53 | INFO | Called process_message() with:
2025-09-25 19:38:53 | INFO |    message={'message': 'I just found JavaScript! It was boring.', 'author': 'Bob', 'timestamp': '2025-09-25 19:38:53', 'category': 'tech', 'sentiment': 0.58, 'keyword_mentioned': 'JavaScript', 'message_length': 39}
2025-09-25 19:38:53 | INFO | Processed message: {'message': 'I just found JavaScript! It was boring.', 'author': 'Bob', 'timestamp': '2025-09-25 19:38:53', 'category': 'tech', 'sentiment': 0.58, 'keyword_mentioned': 'JavaScript', 'message_length': 39}
2025-09-25 19:38:53 | INFO | Calling SQLite insert_message() with:
2025-09-25 19:38:53 | INFO | message={'message': 'I just found JavaScript! It was boring.', 'author': 'Bob', 'timestamp': '2025-09-25 19:38:53', 'category': 'tech', 'sentiment': 0.58, 'keyword_mentioned': 'JavaScript', 'message_length': 39}
2025-09-25 19:38:53 | INFO | db_path=PosixPath('PROJECT_ROOT/data/buzz.sqlite')
2025-09-25 19:38:53 | INFO | Inserted one message into table: messages_tech
2025-09-25 19:38:58 | INFO | Called process_message() with:
2025-09-25 19:38:58 | INFO |    message={'message': 'I just saw JavaScript! It was amazing.', 'author': 'Charlie', 'timestamp': '2025-09-25 19:38:58', 'category': 'tech', 'sentiment': 0.92, 'keyword_mentioned': 'JavaScript', 'message_length': 38}
2025-09-25 19:38:58 | INFO | Processed message: {'message': 'I just saw JavaScript! It was amazing.', 'author': 'Charlie', 'timestamp': '2025-09-25 19:38:58', 'category': 'tech', 'sentiment': 0.92, 'keyword_mentioned': 'JavaScript', 'message_length': 38}
2025-09-25 19:38:58 | INFO | Calling SQLite insert_message() with:
2025-09-25 19:38:58 | INFO | message={'message': 'I just saw JavaScript! It was amazing.', 'author': 'Charlie', 'timestamp': '2025-09-25 19:38:58', 'category': 'tech', 'sentiment': 0.92, 'keyword_mentioned': 'JavaScript', 'message_length': 38}
2025-09-25 19:38:58 | INFO | db_path=PosixPath('PROJECT_ROOT/data/buzz.sqlite')
2025-09-25 19:38:58 | INFO | Inserted one message into table: messages_tech
2025-09-25 19:39:03 | INFO | Called process_message() with:
2025-09-25 19:39:03 | INFO |    message={'message': 'I just shared a meme! It was weird.', 'author': 'Bob', 'timestamp': '2025-09-25 19:39:03', 'category': 'humor', 'sentiment': 0.74, 'keyword_mentioned': 'meme', 'message_length': 35}
2025-09-25 19:39:03 | INFO | Processed message: {'message': 'I just shared a meme! It was weird.', 'author': 'Bob', 'timestamp': '2025-09-25 19:39:03', 'category': 'humor', 'sentiment': 0.74, 'keyword_mentioned': 'meme', 'message_length': 35}
2025-09-25 19:39:03 | INFO | Calling SQLite insert_message() with:
2025-09-25 19:39:03 | INFO | message={'message': 'I just shared a meme! It was weird.', 'author': 'Bob', 'timestamp': '2025-09-25 19:39:03', 'category': 'humor', 'sentiment': 0.74, 'keyword_mentioned': 'meme', 'message_length': 35}
2025-09-25 19:39:03 | INFO | db_path=PosixPath('PROJECT_ROOT/data/buzz.sqlite')
2025-09-25 19:39:03 | INFO | Inserted one message into table: messages_humor
2025-09-25 19:39:08 | INFO | Called process_message() with:
2025-09-25 19:39:08 | INFO |    message={'message': 'I just shared JavaScript! It was exciting.', 'author': 'Bob', 'timestamp': '2025-09-25 19:39:08', 'category': 'tech', 'sentiment': 0.03, 'keyword_mentioned': 'JavaScript', 'message_length': 42}
2025-09-25 19:39:08 | INFO | Processed message: {'message': 'I just shared JavaScript! It was exciting.', 'author': 'Bob', 'timestamp': '2025-09-25 19:39:08', 'category': 'tech', 'sentiment': 0.03, 'keyword_mentioned': 'JavaScript', 'message_length': 42}
2025-09-25 19:39:08 | INFO | Calling SQLite insert_message() with:
2025-09-25 19:39:08 | INFO | message={'message': 'I just shared JavaScript! It was exciting.', 'author': 'Bob', 'timestamp': '2025-09-25 19:39:08', 'category': 'tech', 'sentiment': 0.03, 'keyword_mentioned': 'JavaScript', 'message_length': 42}
2025-09-25 19:39:08 | INFO | db_path=PosixPath('PROJECT_ROOT/data/buzz.sqlite')
2025-09-25 19:39:08 | INFO | Inserted one message into table: messages_tech
2025-09-25 19:39:13 | INFO | Called process_message() with:
2025-09-25 19:39:13 | INFO |    message={'message': 'I just shared a story! It was funny.', 'author': 'Bob', 'timestamp': '2025-09-25 19:39:13', 'category': 'other', 'sentiment': 0.11, 'keyword_mentioned': 'other', 'message_length': 36}
2025-09-25 19:39:13 | INFO | Processed message: {'message': 'I just shared a story! It was funny.', 'author': 'Bob', 'timestamp': '2025-09-25 19:39:13', 'category': 'other', 'sentiment': 0.11, 'keyword_mentioned': 'other', 'message_length': 36}
2025-09-25 19:39:13 | INFO | Calling SQLite insert_message() with:
2025-09-25 19:39:13 | INFO | message={'message': 'I just shared a story! It was funny.', 'author': 'Bob', 'timestamp': '2025-09-25 19:39:13', 'category': 'other', 'sentiment': 0.11, 'keyword_mentioned': 'other', 'message_length': 36}
2025-09-25 19:39:13 | INFO | db_path=PosixPath('PROJECT_ROOT/data/buzz.sqlite')
2025-09-25 19:39:13 | INFO | Inserted one message into table: messages_other
2025-09-25 19:39:18 | INFO | Called process_message() with:
2025-09-25 19:39:18 | INFO |    message={'message': 'I just loved a meme! It was weird.', 'author': 'Eve', 'timestamp': '2025-09-25 19:39:18', 'category': 'humor', 'sentiment': 0.77, 'keyword_mentioned': 'meme', 'message_length': 34}
2025-09-25 19:39:18 | INFO | Processed message: {'message': 'I just loved a meme! It was weird.', 'author': 'Eve', 'timestamp': '2025-09-25 19:39:18', 'category': 'humor', 'sentiment': 0.77, 'keyword_mentioned': 'meme', 'message_length': 34}
2025-09-25 19:39:18 | INFO | Calling SQLite insert_message() with:
2025-09-25 19:39:18 | INFO | message={'message': 'I just loved a meme! It was weird.', 'author': 'Eve', 'timestamp': '2025-09-25 19:39:18', 'category': 'humor', 'sentiment': 0.77, 'keyword_mentioned': 'meme', 'message_length': 34}
2025-09-25 19:39:18 | INFO | db_path=PosixPath('PROJECT_ROOT/data/buzz.sqlite')
2025-09-25 19:39:19 | INFO | Inserted one message into table: messages_humor
2025-09-25 19:39:23 | INFO | Called process_message() with:
2025-09-25 19:39:23 | INFO |    message={'message': 'I just saw Python! It was weird.', 'author': 'Eve', 'timestamp': '2025-09-25 19:39:23', 'category': 'tech', 'sentiment': 0.31, 'keyword_mentioned': 'Python', 'message_length': 32}
2025-09-25 19:39:23 | INFO | Processed message: {'message': 'I just saw Python! It was weird.', 'author': 'Eve', 'timestamp': '2025-09-25 19:39:23', 'category': 'tech', 'sentiment': 0.31, 'keyword_mentioned': 'Python', 'message_length': 32}
2025-09-25 19:39:23 | INFO | Calling SQLite insert_message() with:
2025-09-25 19:39:23 | INFO | message={'message': 'I just saw Python! It was weird.', 'author': 'Eve', 'timestamp': '2025-09-25 19:39:23', 'category': 'tech', 'sentiment': 0.31, 'keyword_mentioned': 'Python', 'message_length': 32}
2025-09-25 19:39:23 | INFO | db_path=PosixPath('PROJECT_ROOT/data/buzz.sqlite')
2025-09-25 19:39:24 | INFO | Inserted one message into table: messages_tech
2025-09-25 19:39:29 | INFO | Called process_message() with:
2025-09-25 19:39:29 | INFO |    message={'message': 'I just loved a trick! It was amazing.', 'author': 'Charlie', 'timestamp': '2025-09-25 19:39:28', 'category': 'other', 'sentiment': 0.74, 'keyword_mentioned': 'other', 'message_length': 37}
2025-09-25 19:39:29 | INFO | Processed message: {'message': 'I just loved a trick! It was amazing.', 'author': 'Charlie', 'timestamp': '2025-09-25 19:39:28', 'category': 'other', 'sentiment': 0.74, 'keyword_mentioned': 'other', 'message_length': 37}
2025-09-25 19:39:29 | INFO | Calling SQLite insert_message() with:
2025-09-25 19:39:29 | INFO | message={'message': 'I just loved a trick! It was amazing.', 'author': 'Charlie', 'timestamp': '2025-09-25 19:39:28', 'category': 'other', 'sentiment': 0.74, 'keyword_mentioned': 'other', 'message_length': 37}
2025-09-25 19:39:29 | INFO | db_path=PosixPath('PROJECT_ROOT/data/buzz.sqlite')
2025-09-25 19:39:30 | INFO | Inserted one message into table: messages_other
2025-09-25 19:39:34 | INFO | Called process_message() with:
2025-09-25 19:39:34 | INFO |    message={'message': 'I just saw Python! It was weird.', 'author': 'Eve', 'timestamp': '2025-09-25 19:39:34', 'category': 'tech', 'sentiment': 0.22, 'keyword_mentioned': 'Python', 'message_length': 32}
2025-09-25 19:39:34 | INFO | Processed message: {'message': 'I just saw Python! It was weird.', 'author': 'Eve', 'timestamp': '2025-09-25 19:39:34', 'category': 'tech', 'sentiment': 0.22, 'keyword_mentioned': 'Python', 'message_length': 32}
2025-09-25 19:39:34 | INFO | Calling SQLite insert_message() with:
2025-09-25 19:39:34 | INFO | message={'message': 'I just saw Python! It was weird.', 'author': 'Eve', 'timestamp': '2025-09-25 19:39:34', 'category': 'tech', 'sentiment': 0.22, 'keyword_mentioned': 'Python', 'message_length': 32}
2025-09-25 19:39:34 | INFO | db_path=PosixPath('PROJECT_ROOT/data/buzz.sqlite')
2025-09-25 19:39:35 | INFO | Inserted one message into table: messages_tech
2025-09-25 19:39:39 | INFO | Called process_message() with:
2025-09-25 19:39:39 | INFO |    message={'message': 'I just shared a trick! It was funny.', 'author': 'Charlie', 'timestamp': '2025-09-25 19:39:39', 'category': 'other', 'sentiment': 0.07, 'keyword_mentioned': 'other', 'message_length': 36}
2025-09-25 19:39:39 | INFO | Processed message: {'message': 'I just shared a trick! It was funny.', 'author': 'Charlie', 'timestamp': '2025-09-25 19:39:39', 'category': 'other', 'sentiment': 0.07, 'keyword_mentioned': 'other', 'message_length': 36}
2025-09-25 19:39:39 | INFO | Calling SQLite insert_message() with:
2025-09-25 19:39:39 | INFO | message={'message': 'I just shared a trick! It was funny.', 'author': 'Charlie', 'timestamp': '2025-09-25 19:39:39', 'category': 'other', 'sentiment': 0.07, 'keyword_mentioned': 'other', 'message_length': 36}
2025-09-25 19:39:39 | INFO | db_path=PosixPath('PROJECT_ROOT/data/buzz.sqlite')
2025-09-25 19:39:39 | INFO | Inserted one message into table: messages_other
2025-09-25 19:39:44 | INFO | Called process_message() with:
2025-09-25 19:39:44 | INFO |    message={'message': 'I just shared a story! It was boring.', 'author': 'Eve', 'timestamp': '2025-09-25 19:39:44', 'category': 'other', 'sentiment': 0.89, 'keyword_mentioned': 'other', 'message_length': 37}
2025-09-25 19:39:44 | INFO | Processed message: {'message': 'I just shared a story! It was boring.', 'author': 'Eve', 'timestamp': '2025-09-25 19:39:44', 'category': 'other', 'sentiment': 0.89, 'keyword_mentioned': 'other', 'message_length': 37}
2025-09-25 19:39:44 | INFO | Calling SQLite insert_message() with:
2025-09-25 19:39:44 | INFO | message={'message': 'I just shared a story! It was boring.', 'author': 'Eve', 'timestamp': '2025-09-25 19:39:44', 'category': 'other', 'sentiment': 0.89, 'keyword_mentioned': 'other', 'message_length': 37}
2025-09-25 19:39:44 | INFO | db_path=PosixPath('PROJECT_ROOT/data/buzz.sqlite')
2025-09-25 19:39:44 | INFO | Inserted one message into table: messages_other
2025-09-25 19:39:49 | INFO | Called process_message() with:
2025-09-25 19:39:49 | INFO |    message={'message': 'I just loved an app! It was funny.', 'author': 'Eve', 'timestamp': '2025-09-25 19:39:49', 'category': 'other', 'sentiment': 0.32, 'keyword_mentioned': 'other', 'message_length': 34}
2025-09-25 19:39:49 | INFO | Processed message: {'message': 'I just loved an app! It was funny.', 'author': 'Eve', 'timestamp': '2025-09-25 19:39:49', 'category': 'other', 'sentiment': 0.32, 'keyword_mentioned': 'other', 'message_length': 34}
2025-09-25 19:39:49 | INFO | Calling SQLite insert_message() with:
2025-09-25 19:39:49 | INFO | message={'message': 'I just loved an app! It was funny.', 'author': 'Eve', 'timestamp': '2025-09-25 19:39:49', 'category': 'other', 'sentiment': 0.32, 'keyword_mentioned': 'other', 'message_length': 34}
2025-09-25 19:39:49 | INFO | db_path=PosixPath('PROJECT_ROOT/data/buzz.sqlite')
2025-09-25 19:39:49 | INFO | Inserted one message into table: messages_other
2025-09-25 19:39:55 | INFO | Called process_message() with:
2025-09-25 19:39:55 | INFO |    message={'message': 'I just tried a meme! It was weird.', 'author': 'Eve', 'timestamp': '2025-09-25 19:39:55', 'category': 'humor', 'sentiment': 0.89, 'keyword_mentioned': 'meme', 'message_length': 34}
2025-09-25 19:39:55 | INFO | Processed message: {'message': 'I just tried a meme! It was weird.', 'author': 'Eve', 'timestamp': '2025-09-25 19:39:55', 'category': 'humor', 'sentiment': 0.89, 'keyword_mentioned': 'meme', 'message_length': 34}
2025-09-25 19:39:55 | INFO | Calling SQLite insert_message() with:
2025-09-25 19:39:55 | INFO | message={'message': 'I just tried a meme! It was weird.', 'author': 'Eve', 'timestamp': '2025-09-25 19:39:55', 'category': 'humor', 'sentiment': 0.89, 'keyword_mentioned': 'meme', 'message_length': 34}
2025-09-25 19:39:55 | INFO | db_path=PosixPath('PROJECT_ROOT/data/buzz.sqlite')
2025-09-25 19:39:55 | INFO | Inserted one message into table: messages_humor
2025-09-25 19:40:00 | INFO | Called process_message() with:
2025-09-25 19:40:00 | INFO |    message={'message': 'I just shared game! It was amazing.', 'author': 'Bob', 'timestamp': '2025-09-25 19:40:00', 'category': 'gaming', 'sentiment': 0.86, 'keyword_mentioned': 'game', 'message_length': 35}
2025-09-25 19:40:00 | INFO | Processed message: {'message': 'I just shared game! It was amazing.', 'author': 'Bob', 'timestamp': '2025-09-25 19:40:00', 'category': 'gaming', 'sentiment': 0.86, 'keyword_mentioned': 'game', 'message_length': 35}
2025-09-25 19:40:00 | INFO | Calling SQLite insert_message() with:
2025-09-25 19:40:00 | INFO | message={'message': 'I just shared game! It was amazing.', 'author': 'Bob', 'timestamp': '2025-09-25 19:40:00', 'category': 'gaming', 'sentiment': 0.86, 'keyword_mentioned': 'game', 'message_length': 35}
2025-09-25 19:40:00 | INFO | db_path=PosixPath('PROJECT_ROOT/data/buzz.sqlite')
2025-09-25 19:40:00 | INFO | Inserted one message into table: messages_gaming
2025-09-25 19:40:05 | INFO | Called process_message() with:
2025-09-25 19:40:05 | INFO |    message={'message': 'I just saw a trick! It was amazing.', 'author': 'Bob', 'timestamp': '2025-09-25 19:40:05', 'category': 'other', 'sentiment': 0.41, 'keyword_mentioned': 'other', 'message_length': 35}
2025-09-25 19:40:05 | INFO | Processed message: {'message': 'I just saw a trick! It was amazing.', 'author': 'Bob', 'timestamp': '2025-09-25 19:40:05', 'category': 'other', 'sentiment': 0.41, 'keyword_mentioned': 'other', 'message_length': 35}
2025-09-25 19:40:05 | INFO | Calling SQLite insert_message() with:
2025-09-25 19:40:05 | INFO | message={'message': 'I just saw a trick! It was amazing.', 'author': 'Bob', 'timestamp': '2025-09-25 19:40:05', 'category': 'other', 'sentiment': 0.41, 'keyword_mentioned': 'other', 'message_length': 35}
2025-09-25 19:40:05 | INFO | db_path=PosixPath('PROJECT_ROOT/data/buzz.sqlite')
2025-09-25 19:40:05 | INFO | Inserted one message into table: messages_other
2025-09-25 19:40:10 | INFO | Called process_message() with:
2025-09-25 19:40:10 | INFO |    message={'message': 'I just saw a meme! It was funny.', 'author': 'Eve', 'timestamp': '2025-09-25 19:40:10', 'category': 'humor', 'sentiment': 0.89, 'keyword_mentioned': 'meme', 'message_length': 32}
2025-09-25 19:40:10 | INFO | Processed message: {'message': 'I just saw a meme! It was funny.', 'author': 'Eve', 'timestamp': '2025-09-25 19:40:10', 'category': 'humor', 'sentiment': 0.89, 'keyword_mentioned': 'meme', 'message_length': 32}
2025-09-25 19:40:10 | INFO | Calling SQLite insert_message() with:
2025-09-25 19:40:10 | INFO | message={'message': 'I just saw a meme! It was funny.', 'author': 'Eve', 'timestamp': '2025-09-25 19:40:10', 'category': 'humor', 'sentiment': 0.89, 'keyword_mentioned': 'meme', 'message_length': 32}
2025-09-25 19:40:10 | INFO | db_path=PosixPath('PROJECT_ROOT/data/buzz.sqlite')
2025-09-25 19:40:10 | INFO | Inserted one message into table: messages_humor
2025-09-25 19:40:15 | INFO | Called process_message() with:
2025-09-25 19:40:15 | INFO |    message={'message': 'I just saw a trick! It was funny.', 'author': 'Eve', 'timestamp': '2025-09-25 19:40:15', 'category': 'other', 'sentiment': 0.22, 'keyword_mentioned': 'other', 'message_length': 33}
2025-09-25 19:40:15 | INFO | Processed message: {'message': 'I just saw a trick! It was funny.', 'author': 'Eve', 'timestamp': '2025-09-25 19:40:15', 'category': 'other', 'sentiment': 0.22, 'keyword_mentioned': 'other', 'message_length': 33}
2025-09-25 19:40:15 | INFO | Calling SQLite insert_message() with:
2025-09-25 19:40:15 | INFO | message={'message': 'I just saw a trick! It was funny.', 'author': 'Eve', 'timestamp': '2025-09-25 19:40:15', 'category': 'other', 'sentiment': 0.22, 'keyword_mentioned': 'other', 'message_length': 33}
2025-09-25 19:40:15 | INFO | db_path=PosixPath('PROJECT_ROOT/data/buzz.sqlite')
2025-09-25 19:40:15 | INFO | Inserted one message into table: messages_other
2025-09-25 19:40:20 | INFO | Called process_message() with:
2025-09-25 19:40:20 | INFO |    message={'message': 'I just saw recipe! It was weird.', 'author': 'Bob', 'timestamp': '2025-09-25 19:40:20', 'category': 'food', 'sentiment': 0.38, 'keyword_mentioned': 'recipe', 'message_length': 32}
2025-09-25 19:40:20 | INFO | Processed message: {'message': 'I just saw recipe! It was weird.', 'author': 'Bob', 'timestamp': '2025-09-25 19:40:20', 'category': 'food', 'sentiment': 0.38, 'keyword_mentioned': 'recipe', 'message_length': 32}
2025-09-25 19:40:20 | INFO | Calling SQLite insert_message() with:
2025-09-25 19:40:20 | INFO | message={'message': 'I just saw recipe! It was weird.', 'author': 'Bob', 'timestamp': '2025-09-25 19:40:20', 'category': 'food', 'sentiment': 0.38, 'keyword_mentioned': 'recipe', 'message_length': 32}
2025-09-25 19:40:20 | INFO | db_path=PosixPath('PROJECT_ROOT/data/buzz.sqlite')
2025-09-25 19:40:20 | INFO | Inserted one message into table: messages_food
2025-09-25 19:40:25 | INFO | Called process_message() with:
2025-09-25 19:40:25 | INFO |    message={'message': 'I just loved an app! It was exciting.', 'author': 'Alice', 'timestamp': '2025-09-25 19:40:25', 'category': 'other', 'sentiment': 0.66, 'keyword_mentioned': 'other', 'message_length': 37}
2025-09-25 19:40:25 | INFO | Processed message: {'message': 'I just loved an app! It was exciting.', 'author': 'Alice', 'timestamp': '2025-09-25 19:40:25', 'category': 'other', 'sentiment': 0.66, 'keyword_mentioned': 'other', 'message_length': 37}
2025-09-25 19:40:25 | INFO | Calling SQLite insert_message() with:
2025-09-25 19:40:25 | INFO | message={'message': 'I just loved an app! It was exciting.', 'author': 'Alice', 'timestamp': '2025-09-25 19:40:25', 'category': 'other', 'sentiment': 0.66, 'keyword_mentioned': 'other', 'message_length': 37}
2025-09-25 19:40:25 | INFO | db_path=PosixPath('PROJECT_ROOT/data/buzz.sqlite')
2025-09-25 19:40:27 | INFO | Inserted one message into table: messages_other
2025-09-25 19:40:30 | INFO | Called process_message() with:
2025-09-25 19:40:30 | INFO |    message={'message': 'I just shared Python! It was exciting.', 'author': 'Eve', 'timestamp': '2025-09-25 19:40:30', 'category': 'tech', 'sentiment': 0.68, 'keyword_mentioned': 'Python', 'message_length': 38}
2025-09-25 19:40:30 | INFO | Processed message: {'message': 'I just shared Python! It was exciting.', 'author': 'Eve', 'timestamp': '2025-09-25 19:40:30', 'category': 'tech', 'sentiment': 0.68, 'keyword_mentioned': 'Python', 'message_length': 38}
2025-09-25 19:40:30 | INFO | Calling SQLite insert_message() with:
2025-09-25 19:40:30 | INFO | message={'message': 'I just shared Python! It was exciting.', 'author': 'Eve', 'timestamp': '2025-09-25 19:40:30', 'category': 'tech', 'sentiment': 0.68, 'keyword_mentioned': 'Python', 'message_length': 38}
2025-09-25 19:40:30 | INFO | db_path=PosixPath('PROJECT_ROOT/data/buzz.sqlite')
2025-09-25 19:40:31 | INFO | Inserted one message into table: messages_tech
2025-09-25 19:40:35 | INFO | Called process_message() with:
2025-09-25 19:40:35 | INFO |    message={'message': 'I just loved game! It was weird.', 'author': 'Charlie', 'timestamp': '2025-09-25 19:40:35', 'category': 'gaming', 'sentiment': 0.18, 'keyword_mentioned': 'game', 'message_length': 32}
2025-09-25 19:40:35 | INFO | Processed message: {'message': 'I just loved game! It was weird.', 'author': 'Charlie', 'timestamp': '2025-09-25 19:40:35', 'category': 'gaming', 'sentiment': 0.18, 'keyword_mentioned': 'game', 'message_length': 32}
2025-09-25 19:40:35 | INFO | Calling SQLite insert_message() with:
2025-09-25 19:40:35 | INFO | message={'message': 'I just loved game! It was weird.', 'author': 'Charlie', 'timestamp': '2025-09-25 19:40:35', 'category': 'gaming', 'sentiment': 0.18, 'keyword_mentioned': 'game', 'message_length': 32}
2025-09-25 19:40:35 | INFO | db_path=PosixPath('PROJECT_ROOT/data/buzz.sqlite')
2025-09-25 19:40:36 | INFO | Inserted one message into table: messages_gaming
2025-09-25 19:40:40 | INFO | Called process_message() with:
2025-09-25 19:40:40 | INFO |    message={'message': 'I just found a trick! It was funny.', 'author': 'Bob', 'timestamp': '2025-09-25 19:40:40', 'category': 'other', 'sentiment': 0.36, 'keyword_mentioned': 'other', 'message_length': 35}
2025-09-25 19:40:40 | INFO | Processed message: {'message': 'I just found a trick! It was funny.', 'author': 'Bob', 'timestamp': '2025-09-25 19:40:40', 'category': 'other', 'sentiment': 0.36, 'keyword_mentioned': 'other', 'message_length': 35}
2025-09-25 19:40:40 | INFO | Calling SQLite insert_message() with:
2025-09-25 19:40:40 | INFO | message={'message': 'I just found a trick! It was funny.', 'author': 'Bob', 'timestamp': '2025-09-25 19:40:40', 'category': 'other', 'sentiment': 0.36, 'keyword_mentioned': 'other', 'message_length': 35}
2025-09-25 19:40:40 | INFO | db_path=PosixPath('PROJECT_ROOT/data/buzz.sqlite')
2025-09-25 19:40:41 | INFO | Inserted one message into table: messages_other
2025-09-25 19:40:45 | INFO | Called process_message() with:
2025-09-25 19:40:45 | INFO |    message={'message': 'I just shared JavaScript! It was weird.', 'author': 'Bob', 'timestamp': '2025-09-25 19:40:45', 'category': 'tech', 'sentiment': 0.24, 'keyword_mentioned': 'JavaScript', 'message_length': 39}
2025-09-25 19:40:45 | INFO | Processed message: {'message': 'I just shared JavaScript! It was weird.', 'author': 'Bob', 'timestamp': '2025-09-25 19:40:45', 'category': 'tech', 'sentiment': 0.24, 'keyword_mentioned': 'JavaScript', 'message_length': 39}
2025-09-25 19:40:45 | INFO | Calling SQLite insert_message() with:
2025-09-25 19:40:45 | INFO | message={'message': 'I just shared JavaScript! It was weird.', 'author': 'Bob', 'timestamp': '2025-09-25 19:40:45', 'category': 'tech', 'sentiment': 0.24, 'keyword_mentioned': 'JavaScript', 'message_length': 39}
2025-09-25 19:40:45 | INFO | db_path=PosixPath('PROJECT_ROOT/data/buzz.sqlite')
2025-09-25 19:40:46 | INFO | Inserted one message into table: messages_tech
2025-09-25 19:40:50 | INFO | Called process_message() with:
2025-09-25 19:40:50 | INFO |    message={'message': 'I just shared a trick! It was boring.', 'author': 'Bob', 'timestamp': '2025-09-25 19:40:50', 'category': 'other', 'sentiment': 0.91, 'keyword_mentioned': 'other', 'message_length': 37}
2025-09-25 19:40:50 | INFO | Processed message: {'message': 'I just shared a trick! It was boring.', 'author': 'Bob', 'timestamp': '2025-09-25 19:40:50', 'category': 'other', 'sentiment': 0.91, 'keyword_mentioned': 'other', 'message_length': 37}
2025-09-25 19:40:50 | INFO | Calling SQLite insert_message() with:
2025-09-25 19:40:50 | INFO | message={'message': 'I just shared a trick! It was boring.', 'author': 'Bob', 'timestamp': '2025-09-25 19:40:50', 'category': 'other', 'sentiment': 0.91, 'keyword_mentioned': 'other', 'message_length': 37}
2025-09-25 19:40:50 | INFO | db_path=PosixPath('PROJECT_ROOT/data/buzz.sqlite')
2025-09-25 19:40:51 | INFO | Inserted one message into table: messages_other
2025-09-25 19:40:55 | INFO | Called process_message() with:
2025-09-25 19:40:55 | INFO |    message={'message': 'I just tried travel! It was exciting.', 'author': 'Alice', 'timestamp': '2025-09-25 19:40:55', 'category': 'travel', 'sentiment': 0.01, 'keyword_mentioned': 'travel', 'message_length': 37}
2025-09-25 19:40:55 | INFO | Processed message: {'message': 'I just tried travel! It was exciting.', 'author': 'Alice', 'timestamp': '2025-09-25 19:40:55', 'category': 'travel', 'sentiment': 0.01, 'keyword_mentioned': 'travel', 'message_length': 37}
2025-09-25 19:40:55 | INFO | Calling SQLite insert_message() with:
2025-09-25 19:40:55 | INFO | message={'message': 'I just tried travel! It was exciting.', 'author': 'Alice', 'timestamp': '2025-09-25 19:40:55', 'category': 'travel', 'sentiment': 0.01, 'keyword_mentioned': 'travel', 'message_length': 37}
2025-09-25 19:40:55 | INFO | db_path=PosixPath('PROJECT_ROOT/data/buzz.sqlite')
2025-09-25 19:40:56 | INFO | Inserted one message into table: messages_travel
2025-09-25 19:41:01 | INFO | Called process_message() with:
2025-09-25 19:41:01 | INFO |    message={'message': 'I just found travel! It was funny.', 'author': 'Eve', 'timestamp': '2025-09-25 19:41:01', 'category': 'travel', 'sentiment': 0.34, 'keyword_mentioned': 'travel', 'message_length': 34}
2025-09-25 19:41:01 | INFO | Processed message: {'message': 'I just found travel! It was funny.', 'author': 'Eve', 'timestamp': '2025-09-25 19:41:01', 'category': 'travel', 'sentiment': 0.34, 'keyword_mentioned': 'travel', 'message_length': 34}
2025-09-25 19:41:01 | INFO | Calling SQLite insert_message() with:
2025-09-25 19:41:01 | INFO | message={'message': 'I just found travel! It was funny.', 'author': 'Eve', 'timestamp': '2025-09-25 19:41:01', 'category': 'travel', 'sentiment': 0.34, 'keyword_mentioned': 'travel', 'message_length': 34}
2025-09-25 19:41:01 | INFO | db_path=PosixPath('PROJECT_ROOT/data/buzz.sqlite')
2025-09-25 19:41:02 | INFO | Inserted one message into table: messages_travel
2025-09-25 19:41:06 | INFO | Called process_message() with:
2025-09-25 19:41:06 | INFO |    message={'message': 'I just loved a movie! It was amazing.', 'author': 'Alice', 'timestamp': '2025-09-25 19:41:06', 'category': 'entertainment', 'sentiment': 0.04, 'keyword_mentioned': 'movie', 'message_length': 37}
2025-09-25 19:41:06 | INFO | Processed message: {'message': 'I just loved a movie! It was amazing.', 'author': 'Alice', 'timestamp': '2025-09-25 19:41:06', 'category': 'entertainment', 'sentiment': 0.04, 'keyword_mentioned': 'movie', 'message_length': 37}
2025-09-25 19:41:06 | INFO | Calling SQLite insert_message() with:
2025-09-25 19:41:06 | INFO | message={'message': 'I just loved a movie! It was amazing.', 'author': 'Alice', 'timestamp': '2025-09-25 19:41:06', 'category': 'entertainment', 'sentiment': 0.04, 'keyword_mentioned': 'movie', 'message_length': 37}
2025-09-25 19:41:06 | INFO | db_path=PosixPath('PROJECT_ROOT/data/buzz.sqlite')
2025-09-25 19:41:07 | INFO | Inserted one message into table: messages_entertainment
2025-09-25 19:41:11 | INFO | Called process_message() with:
2025-09-25 19:41:11 | INFO |    message={'message': 'I just found travel! It was boring.', 'author': 'Eve', 'timestamp': '2025-09-25 19:41:11', 'category': 'travel', 'sentiment': 0.94, 'keyword_mentioned': 'travel', 'message_length': 35}
2025-09-25 19:41:11 | INFO | Processed message: {'message': 'I just found travel! It was boring.', 'author': 'Eve', 'timestamp': '2025-09-25 19:41:11', 'category': 'travel', 'sentiment': 0.94, 'keyword_mentioned': 'travel', 'message_length': 35}
2025-09-25 19:41:11 | INFO | Calling SQLite insert_message() with:
2025-09-25 19:41:11 | INFO | message={'message': 'I just found travel! It was boring.', 'author': 'Eve', 'timestamp': '2025-09-25 19:41:11', 'category': 'travel', 'sentiment': 0.94, 'keyword_mentioned': 'travel', 'message_length': 35}
2025-09-25 19:41:11 | INFO | db_path=PosixPath('PROJECT_ROOT/data/buzz.sqlite')
2025-09-25 19:41:13 | INFO | Inserted one message into table: messages_travel
2025-09-25 19:41:16 | INFO | Called process_message() with:
2025-09-25 19:41:16 | INFO |    message={'message': 'I just tried a movie! It was weird.', 'author': 'Charlie', 'timestamp': '2025-09-25 19:41:16', 'category': 'entertainment', 'sentiment': 0.81, 'keyword_mentioned': 'movie', 'message_length': 35}
2025-09-25 19:41:16 | INFO | Processed message: {'message': 'I just tried a movie! It was weird.', 'author': 'Charlie', 'timestamp': '2025-09-25 19:41:16', 'category': 'entertainment', 'sentiment': 0.81, 'keyword_mentioned': 'movie', 'message_length': 35}
2025-09-25 19:41:16 | INFO | Calling SQLite insert_message() with:
2025-09-25 19:41:16 | INFO | message={'message': 'I just tried a movie! It was weird.', 'author': 'Charlie', 'timestamp': '2025-09-25 19:41:16', 'category': 'entertainment', 'sentiment': 0.81, 'keyword_mentioned': 'movie', 'message_length': 35}
2025-09-25 19:41:16 | INFO | db_path=PosixPath('PROJECT_ROOT/data/buzz.sqlite')
2025-09-25 19:41:17 | INFO | Inserted one message into table: messages_entertainment
2025-09-25 19:41:21 | INFO | Called process_message() with:
2025-09-25 19:41:21 | INFO |    message={'message': 'I just tried travel! It was weird.', 'author': 'Eve', 'timestamp': '2025-09-25 19:41:21', 'category': 'travel', 'sentiment': 0.98, 'keyword_mentioned': 'travel', 'message_length': 34}
2025-09-25 19:41:21 | INFO | Processed message: {'message': 'I just tried travel! It was weird.', 'author': 'Eve', 'timestamp': '2025-09-25 19:41:21', 'category': 'travel', 'sentiment': 0.98, 'keyword_mentioned': 'travel', 'message_length': 34}
2025-09-25 19:41:21 | INFO | Calling SQLite insert_message() with:
2025-09-25 19:41:21 | INFO | message={'message': 'I just tried travel! It was weird.', 'author': 'Eve', 'timestamp': '2025-09-25 19:41:21', 'category': 'travel', 'sentiment': 0.98, 'keyword_mentioned': 'travel', 'message_length': 34}
2025-09-25 19:41:21 | INFO | db_path=PosixPath('PROJECT_ROOT/data/buzz.sqlite')
2025-09-25 19:41:22 | INFO | Inserted one message into table: messages_travel
2025-09-25 19:41:26 | INFO | Called process_message() with:
2025-09-25 19:41:26 | INFO |    message={'message': 'I just found Python! It was boring.', 'author': 'Charlie', 'timestamp': '2025-09-25 19:41:26', 'category': 'tech', 'sentiment': 0.86, 'keyword_mentioned': 'Python', 'message_length': 35}
2025-09-25 19:41:26 | INFO | Processed message: {'message': 'I just found Python! It was boring.', 'author': 'Charlie', 'timestamp': '2025-09-25 19:41:26', 'category': 'tech', 'sentiment': 0.86, 'keyword_mentioned': 'Python', 'message_length': 35}
2025-09-25 19:41:26 | INFO | Calling SQLite insert_message() with:
2025-09-25 19:41:26 | INFO | message={'message': 'I just found Python! It was boring.', 'author': 'Charlie', 'timestamp': '2025-09-25 19:41:26', 'category': 'tech', 'sentiment': 0.86, 'keyword_mentioned': 'Python', 'message_length': 35}
2025-09-25 19:41:26 | INFO | db_path=PosixPath('PROJECT_ROOT/data/buzz.sqlite')
2025-09-25 19:41:28 | INFO | Inserted one message into table: messages_tech
2025-09-25 19:41:32 | INFO | Called process_message() with:
2025-09-25 19:41:32 | INFO |    message={'message': 'I just loved recipe! It was funny.', 'author': 'Eve', 'timestamp': '2025-09-25 19:41:32', 'category': 'food', 'sentiment': 0.42, 'keyword_mentioned': 'recipe', 'message_length': 34}
2025-09-25 19:41:32 | INFO | Processed message: {'message': 'I just loved recipe! It was funny.', 'author': 'Eve', 'timestamp': '2025-09-25 19:41:32', 'category': 'food', 'sentiment': 0.42, 'keyword_mentioned': 'recipe', 'message_length': 34}
2025-09-25 19:41:32 | INFO | Calling SQLite insert_message() with:
2025-09-25 19:41:32 | INFO | message={'message': 'I just loved recipe! It was funny.', 'author': 'Eve', 'timestamp': '2025-09-25 19:41:32', 'category': 'food', 'sentiment': 0.42, 'keyword_mentioned': 'recipe', 'message_length': 34}
2025-09-25 19:41:32 | INFO | db_path=PosixPath('PROJECT_ROOT/data/buzz.sqlite')
2025-09-25 19:41:33 | INFO | Inserted one message into table: messages_food
2025-09-25 19:41:37 | INFO | Called process_message() with:
2025-09-25 19:41:37 | INFO |    message={'message': 'I just tried an app! It was exciting.', 'author': 'Charlie', 'timestamp': '2025-09-25 19:41:37', 'category': 'other', 'sentiment': 0.23, 'keyword_mentioned': 'other', 'message_length': 37}
2025-09-25 19:41:37 | INFO | Processed message: {'message': 'I just tried an app! It was exciting.', 'author': 'Charlie', 'timestamp': '2025-09-25 19:41:37', 'category': 'other', 'sentiment': 0.23, 'keyword_mentioned': 'other', 'message_length': 37}
2025-09-25 19:41:37 | INFO | Calling SQLite insert_message() with:
2025-09-25 19:41:37 | INFO | message={'message': 'I just tried an app! It was exciting.', 'author': 'Charlie', 'timestamp': '2025-09-25 19:41:37', 'category': 'other', 'sentiment': 0.23, 'keyword_mentioned': 'other', 'message_length': 37}
2025-09-25 19:41:37 | INFO | db_path=PosixPath('PROJECT_ROOT/data/buzz.sqlite')
2025-09-25 19:41:37 | INFO | Inserted one message into table: messages_other
2025-09-25 19:41:42 | INFO | Called process_message() with:
2025-09-25 19:41:42 | INFO |    message={'message': 'I just tried recipe! It was boring.', 'author': 'Alice', 'timestamp': '2025-09-25 19:41:42', 'category': 'food', 'sentiment': 0.68, 'keyword_mentioned': 'recipe', 'message_length': 35}
2025-09-25 19:41:42 | INFO | Processed message: {'message': 'I just tried recipe! It was boring.', 'author': 'Alice', 'timestamp': '2025-09-25 19:41:42', 'category': 'food', 'sentiment': 0.68, 'keyword_mentioned': 'recipe', 'message_length': 35}
2025-09-25 19:41:42 | INFO | Calling SQLite insert_message() with:
2025-09-25 19:41:42 | INFO | message={'message': 'I just tried recipe! It was boring.', 'author': 'Alice', 'timestamp': '2025-09-25 19:41:42', 'category': 'food', 'sentiment': 0.68, 'keyword_mentioned': 'recipe', 'message_length': 35}
2025-09-25 19:41:42 | INFO | db_path=PosixPath('PROJECT_ROOT/data/buzz.sqlite')
2025-09-25 19:41:42 | INFO | Inserted one message into table: messages_food
2025-09-25 19:41:47 | INFO | Called process_message() with:
2025-09-25 19:41:47 | INFO |    message={'message': 'I just saw game! It was amazing.', 'author': 'Charlie', 'timestamp': '2025-09-25 19:41:47', 'category': 'gaming', 'sentiment': 0.71, 'keyword_mentioned': 'game', 'message_length': 32}
2025-09-25 19:41:47 | INFO | Processed message: {'message': 'I just saw game! It was amazing.', 'author': 'Charlie', 'timestamp': '2025-09-25 19:41:47', 'category': 'gaming', 'sentiment': 0.71, 'keyword_mentioned': 'game', 'message_length': 32}
2025-09-25 19:41:47 | INFO | Calling SQLite insert_message() with:
2025-09-25 19:41:47 | INFO | message={'message': 'I just saw game! It was amazing.', 'author': 'Charlie', 'timestamp': '2025-09-25 19:41:47', 'category': 'gaming', 'sentiment': 0.71, 'keyword_mentioned': 'game', 'message_length': 32}
2025-09-25 19:41:47 | INFO | db_path=PosixPath('PROJECT_ROOT/data/buzz.sqlite')
2025-09-25 19:41:47 | INFO | Inserted one message into table: messages_gaming
2025-09-25 19:41:52 | INFO | Called process_message() with:
2025-09-25 19:41:52 | INFO |    message={'message': 'I just saw Python! It was weird.', 'author': 'Eve', 'timestamp': '2025-09-25 19:41:52', 'category': 'tech', 'sentiment': 0.23, 'keyword_mentioned': 'Python', 'message_length': 32}
2025-09-25 19:41:52 | INFO | Processed message: {'message': 'I just saw Python! It was weird.', 'author': 'Eve', 'timestamp': '2025-09-25 19:41:52', 'category': 'tech', 'sentiment': 0.23, 'keyword_mentioned': 'Python', 'message_length': 32}
2025-09-25 19:41:52 | INFO | Calling SQLite insert_message() with:
2025-09-25 19:41:52 | INFO | message={'message': 'I just saw Python! It was weird.', 'author': 'Eve', 'timestamp': '2025-09-25 19:41:52', 'category': 'tech', 'sentiment': 0.23, 'keyword_mentioned': 'Python', 'message_length': 32}
2025-09-25 19:41:52 | INFO | db_path=PosixPath('PROJECT_ROOT/data/buzz.sqlite')
2025-09-25 19:41:52 | INFO | Inserted one message into table: messages_tech
2025-09-25 19:41:57 | INFO | Called process_message() with:
2025-09-25 19:41:57 | INFO |    message={'message': 'I just shared game! It was boring.', 'author': 'Bob', 'timestamp': '2025-09-25 19:41:57', 'category': 'gaming', 'sentiment': 0.65, 'keyword_mentioned': 'game', 'message_length': 34}
2025-09-25 19:41:57 | INFO | Processed message: {'message': 'I just shared game! It was boring.', 'author': 'Bob', 'timestamp': '2025-09-25 19:41:57', 'category': 'gaming', 'sentiment': 0.65, 'keyword_mentioned': 'game', 'message_length': 34}
2025-09-25 19:41:57 | INFO | Calling SQLite insert_message() with:
2025-09-25 19:41:57 | INFO | message={'message': 'I just shared game! It was boring.', 'author': 'Bob', 'timestamp': '2025-09-25 19:41:57', 'category': 'gaming', 'sentiment': 0.65, 'keyword_mentioned': 'game', 'message_length': 34}
2025-09-25 19:41:57 | INFO | db_path=PosixPath('PROJECT_ROOT/data/buzz.sqlite')
2025-09-25 19:41:57 | INFO | Inserted one message into table: messages_gaming
2025-09-25 19:42:02 | INFO | Called process_message() with:
2025-09-25 19:42:02 | INFO |    message={'message': 'I just found a story! It was boring.', 'author': 'Bob', 'timestamp': '2025-09-25 19:42:02', 'category': 'other', 'sentiment': 0.01, 'keyword_mentioned': 'other', 'message_length': 36}
2025-09-25 19:42:02 | INFO | Processed message: {'message': 'I just found a story! It was boring.', 'author': 'Bob', 'timestamp': '2025-09-25 19:42:02', 'category': 'other', 'sentiment': 0.01, 'keyword_mentioned': 'other', 'message_length': 36}
2025-09-25 19:42:02 | INFO | Calling SQLite insert_message() with:
2025-09-25 19:42:02 | INFO | message={'message': 'I just found a story! It was boring.', 'author': 'Bob', 'timestamp': '2025-09-25 19:42:02', 'category': 'other', 'sentiment': 0.01, 'keyword_mentioned': 'other', 'message_length': 36}
2025-09-25 19:42:02 | INFO | db_path=PosixPath('PROJECT_ROOT/data/buzz.sqlite')
2025-09-25 19:42:02 | INFO | Inserted one message into table: messages_other
2025-09-25 19:42:08 | INFO | Called process_message() with:
2025-09-25 19:42:08 | INFO |    message={'message': 'I just shared recipe! It was weird.', 'author': 'Alice', 'timestamp': '2025-09-25 19:42:08', 'category': 'food', 'sentiment': 0.45, 'keyword_mentioned': 'recipe', 'message_length': 35}
2025-09-25 19:42:08 | INFO | Processed message: {'message': 'I just shared recipe! It was weird.', 'author': 'Alice', 'timestamp': '2025-09-25 19:42:08', 'category': 'food', 'sentiment': 0.45, 'keyword_mentioned': 'recipe', 'message_length': 35}
2025-09-25 19:42:08 | INFO | Calling SQLite insert_message() with:
2025-09-25 19:42:08 | INFO | message={'message': 'I just shared recipe! It was weird.', 'author': 'Alice', 'timestamp': '2025-09-25 19:42:08', 'category': 'food', 'sentiment': 0.45, 'keyword_mentioned': 'recipe', 'message_length': 35}
2025-09-25 19:42:08 | INFO | db_path=PosixPath('PROJECT_ROOT/data/buzz.sqlite')
2025-09-25 19:42:09 | INFO | Inserted one message into table: messages_food
2025-09-25 19:42:13 | INFO | Called process_message() with:
2025-09-25 19:42:13 | INFO |    message={'message': 'I just shared a trick! It was weird.', 'author': 'Eve', 'timestamp': '2025-09-25 19:42:13', 'category': 'other', 'sentiment': 0.14, 'keyword_mentioned': 'other', 'message_length': 36}
