2025-09-26 18:11:55 | INFO | {'message': 'I just saw game! It was exciting.', 'author': 'Eve', 'timestamp': '2025-09-26 18:11:55', 'category': 'gaming', 'sentiment': 0.71, 'keyword_mentioned': 'game', 'message_length': 33}
2025-09-26 18:12:00 | INFO | {'message': 'I just saw travel! It was amazing.', 'author': 'Charlie', 'timestamp': '2025-09-26 18:12:00', 'category': 'travel', 'sentiment': 0.68, 'keyword_mentioned': 'travel', 'message_length': 34}
2025-09-26 18:12:05 | INFO | {'message': 'I just tried a trick! It was amazing.', 'author': 'Charlie', 'timestamp': '2025-09-26 18:12:05', 'category': 'other', 'sentiment': 0.41, 'keyword_mentioned': 'other', 'message_length': 37}
2025-09-26 18:12:12 | INFO | {'message': 'I just saw a story! It was exciting.', 'author': 'Eve', 'timestamp': '2025-09-26 18:12:12', 'category': 'other', 'sentiment': 0.63, 'keyword_mentioned': 'other', 'message_length': 36}
2025-09-26 18:12:17 | INFO | {'message': 'I just saw a movie! It was boring.', 'author': 'Charlie', 'timestamp': '2025-09-26 18:12:17', 'category': 'entertainment', 'sentiment': 0.87, 'keyword_mentioned': 'movie', 'message_length': 34}
2025-09-26 18:12:22 | INFO | {'message': 'I just loved a story! It was exciting.', 'author': 'Eve', 'timestamp': '2025-09-26 18:12:22', 'category': 'other', 'sentiment': 0.18, 'keyword_mentioned': 'other', 'message_length': 38}
2025-09-26 18:12:27 | INFO | {'message': 'I just tried JavaScript! It was boring.', 'author': 'Eve', 'timestamp': '2025-09-26 18:12:27', 'category': 'tech', 'sentiment': 0.19, 'keyword_mentioned': 'JavaScript', 'message_length': 39}
2025-09-26 18:12:32 | INFO | {'message': 'I just tried a movie! It was weird.', 'author': 'Charlie', 'timestamp': '2025-09-26 18:12:32', 'category': 'entertainment', 'sentiment': 0.28, 'keyword_mentioned': 'movie', 'message_length': 35}
2025-09-26 18:12:37 | INFO | {'message': 'I just found recipe! It was exciting.', 'author': 'Eve', 'timestamp': '2025-09-26 18:12:37', 'category': 'food', 'sentiment': 0.9, 'keyword_mentioned': 'recipe', 'message_length': 37}
2025-09-26 18:12:42 | INFO | {'message': 'I just shared a trick! It was amazing.', 'author': 'Charlie', 'timestamp': '2025-09-26 18:12:42', 'category': 'other', 'sentiment': 0.73, 'keyword_mentioned': 'other', 'message_length': 38}
2025-09-26 18:12:48 | INFO | {'message': 'I just shared game! It was weird.', 'author': 'Bob', 'timestamp': '2025-09-26 18:12:48', 'category': 'gaming', 'sentiment': 0.97, 'keyword_mentioned': 'game', 'message_length': 33}
2025-09-26 18:12:53 | INFO | {'message': 'I just saw a movie! It was funny.', 'author': 'Alice', 'timestamp': '2025-09-26 18:12:53', 'category': 'entertainment', 'sentiment': 0.46, 'keyword_mentioned': 'movie', 'message_length': 33}
2025-09-26 18:12:58 | INFO | {'message': 'I just shared an app! It was amazing.', 'author': 'Alice', 'timestamp': '2025-09-26 18:12:58', 'category': 'other', 'sentiment': 0.91, 'keyword_mentioned': 'other', 'message_length': 37}
2025-09-26 18:13:03 | INFO | {'message': 'I just tried a movie! It was weird.', 'author': 'Eve', 'timestamp': '2025-09-26 18:13:03', 'category': 'entertainment', 'sentiment': 0.04, 'keyword_mentioned': 'movie', 'message_length': 35}
2025-09-26 18:13:08 | INFO | {'message': 'I just saw a story! It was funny.', 'author': 'Charlie', 'timestamp': '2025-09-26 18:13:08', 'category': 'other', 'sentiment': 0.16, 'keyword_mentioned': 'other', 'message_length': 33}
2025-09-26 18:13:13 | INFO | {'message': 'I just saw recipe! It was exciting.', 'author': 'Bob', 'timestamp': '2025-09-26 18:13:13', 'category': 'food', 'sentiment': 0.97, 'keyword_mentioned': 'recipe', 'message_length': 35}
2025-09-26 18:13:20 | INFO | {'message': 'I just loved game! It was boring.', 'author': 'Charlie', 'timestamp': '2025-09-26 18:13:20', 'category': 'gaming', 'sentiment': 0.71, 'keyword_mentioned': 'game', 'message_length': 33}
2025-09-26 18:13:25 | INFO | {'message': 'I just loved a story! It was boring.', 'author': 'Alice', 'timestamp': '2025-09-26 18:13:25', 'category': 'other', 'sentiment': 0.55, 'keyword_mentioned': 'other', 'message_length': 36}
2025-09-26 18:13:30 | INFO | {'message': 'I just tried an app! It was boring.', 'author': 'Bob', 'timestamp': '2025-09-26 18:13:30', 'category': 'other', 'sentiment': 0.51, 'keyword_mentioned': 'other', 'message_length': 35}
2025-09-26 18:13:35 | INFO | {'message': 'I just tried a trick! It was funny.', 'author': 'Alice', 'timestamp': '2025-09-26 18:13:35', 'category': 'other', 'sentiment': 0.77, 'keyword_mentioned': 'other', 'message_length': 35}
2025-09-26 18:13:40 | INFO | {'message': 'I just loved recipe! It was funny.', 'author': 'Bob', 'timestamp': '2025-09-26 18:13:40', 'category': 'food', 'sentiment': 0.88, 'keyword_mentioned': 'recipe', 'message_length': 34}
2025-09-26 18:13:45 | INFO | {'message': 'I just tried recipe! It was exciting.', 'author': 'Charlie', 'timestamp': '2025-09-26 18:13:45', 'category': 'food', 'sentiment': 0.77, 'keyword_mentioned': 'recipe', 'message_length': 37}
2025-09-26 18:13:50 | INFO | {'message': 'I just tried Python! It was weird.', 'author': 'Bob', 'timestamp': '2025-09-26 18:13:50', 'category': 'tech', 'sentiment': 0.93, 'keyword_mentioned': 'Python', 'message_length': 34}
2025-09-26 18:13:57 | INFO | {'message': 'I just found game! It was weird.', 'author': 'Bob', 'timestamp': '2025-09-26 18:13:57', 'category': 'gaming', 'sentiment': 0.77, 'keyword_mentioned': 'game', 'message_length': 32}
2025-09-26 18:14:02 | INFO | {'message': 'I just found a story! It was weird.', 'author': 'Alice', 'timestamp': '2025-09-26 18:14:02', 'category': 'other', 'sentiment': 0.89, 'keyword_mentioned': 'other', 'message_length': 35}
2025-09-26 18:14:07 | INFO | {'message': 'I just found a story! It was weird.', 'author': 'Charlie', 'timestamp': '2025-09-26 18:14:07', 'category': 'other', 'sentiment': 0.89, 'keyword_mentioned': 'other', 'message_length': 35}
2025-09-26 18:14:12 | INFO | {'message': 'I just found game! It was weird.', 'author': 'Eve', 'timestamp': '2025-09-26 18:14:12', 'category': 'gaming', 'sentiment': 0.54, 'keyword_mentioned': 'game', 'message_length': 32}
2025-09-26 18:14:17 | INFO | {'message': 'I just loved recipe! It was amazing.', 'author': 'Charlie', 'timestamp': '2025-09-26 18:14:17', 'category': 'food', 'sentiment': 0.85, 'keyword_mentioned': 'recipe', 'message_length': 36}
2025-09-26 18:14:22 | INFO | {'message': 'I just saw a story! It was funny.', 'author': 'Charlie', 'timestamp': '2025-09-26 18:14:22', 'category': 'other', 'sentiment': 0.93, 'keyword_mentioned': 'other', 'message_length': 33}
2025-09-26 18:14:29 | INFO | {'message': 'I just saw game! It was exciting.', 'author': 'Charlie', 'timestamp': '2025-09-26 18:14:29', 'category': 'gaming', 'sentiment': 0.89, 'keyword_mentioned': 'game', 'message_length': 33}
2025-09-26 18:14:34 | INFO | {'message': 'I just found Python! It was boring.', 'author': 'Eve', 'timestamp': '2025-09-26 18:14:34', 'category': 'tech', 'sentiment': 0.45, 'keyword_mentioned': 'Python', 'message_length': 35}
2025-09-26 18:14:39 | INFO | {'message': 'I just saw a story! It was exciting.', 'author': 'Bob', 'timestamp': '2025-09-26 18:14:39', 'category': 'other', 'sentiment': 0.89, 'keyword_mentioned': 'other', 'message_length': 36}
2025-09-26 18:14:44 | INFO | {'message': 'I just saw an app! It was boring.', 'author': 'Alice', 'timestamp': '2025-09-26 18:14:44', 'category': 'other', 'sentiment': 0.24, 'keyword_mentioned': 'other', 'message_length': 33}
2025-09-26 18:14:49 | INFO | {'message': 'I just loved travel! It was exciting.', 'author': 'Bob', 'timestamp': '2025-09-26 18:14:49', 'category': 'travel', 'sentiment': 0.41, 'keyword_mentioned': 'travel', 'message_length': 37}
2025-09-26 18:14:54 | INFO | {'message': 'I just loved JavaScript! It was weird.', 'author': 'Alice', 'timestamp': '2025-09-26 18:14:54', 'category': 'tech', 'sentiment': 0.57, 'keyword_mentioned': 'JavaScript', 'message_length': 38}
2025-09-26 18:14:59 | INFO | {'message': 'I just shared a movie! It was weird.', 'author': 'Eve', 'timestamp': '2025-09-26 18:14:59', 'category': 'entertainment', 'sentiment': 0.57, 'keyword_mentioned': 'movie', 'message_length': 36}
2025-09-26 18:15:06 | INFO | {'message': 'I just found a meme! It was weird.', 'author': 'Alice', 'timestamp': '2025-09-26 18:15:06', 'category': 'humor', 'sentiment': 0.94, 'keyword_mentioned': 'meme', 'message_length': 34}
2025-09-26 18:15:11 | INFO | {'message': 'I just tried game! It was amazing.', 'author': 'Charlie', 'timestamp': '2025-09-26 18:15:11', 'category': 'gaming', 'sentiment': 0.65, 'keyword_mentioned': 'game', 'message_length': 34}
2025-09-26 18:15:16 | INFO | {'message': 'I just shared Python! It was boring.', 'author': 'Bob', 'timestamp': '2025-09-26 18:15:16', 'category': 'tech', 'sentiment': 0.47, 'keyword_mentioned': 'Python', 'message_length': 36}
2025-09-26 18:15:21 | INFO | {'message': 'I just loved a story! It was funny.', 'author': 'Bob', 'timestamp': '2025-09-26 18:15:21', 'category': 'other', 'sentiment': 0.68, 'keyword_mentioned': 'other', 'message_length': 35}
2025-09-26 18:15:26 | INFO | {'message': 'I just saw game! It was exciting.', 'author': 'Eve', 'timestamp': '2025-09-26 18:15:26', 'category': 'gaming', 'sentiment': 0.67, 'keyword_mentioned': 'game', 'message_length': 33}
2025-09-26 18:15:31 | INFO | {'message': 'I just loved travel! It was weird.', 'author': 'Bob', 'timestamp': '2025-09-26 18:15:31', 'category': 'travel', 'sentiment': 0.07, 'keyword_mentioned': 'travel', 'message_length': 34}
2025-09-26 18:15:38 | INFO | {'message': 'I just tried travel! It was amazing.', 'author': 'Bob', 'timestamp': '2025-09-26 18:15:38', 'category': 'travel', 'sentiment': 0.14, 'keyword_mentioned': 'travel', 'message_length': 36}
2025-09-26 18:15:43 | INFO | {'message': 'I just found a movie! It was amazing.', 'author': 'Eve', 'timestamp': '2025-09-26 18:15:43', 'category': 'entertainment', 'sentiment': 0.36, 'keyword_mentioned': 'movie', 'message_length': 37}
2025-09-26 18:15:48 | INFO | {'message': 'I just saw travel! It was amazing.', 'author': 'Bob', 'timestamp': '2025-09-26 18:15:48', 'category': 'travel', 'sentiment': 0.3, 'keyword_mentioned': 'travel', 'message_length': 34}
2025-09-26 18:15:53 | INFO | {'message': 'I just found recipe! It was exciting.', 'author': 'Charlie', 'timestamp': '2025-09-26 18:15:53', 'category': 'food', 'sentiment': 0.61, 'keyword_mentioned': 'recipe', 'message_length': 37}
2025-09-26 18:15:58 | INFO | {'message': 'I just found a trick! It was exciting.', 'author': 'Charlie', 'timestamp': '2025-09-26 18:15:58', 'category': 'other', 'sentiment': 0.91, 'keyword_mentioned': 'other', 'message_length': 38}
2025-09-26 18:16:03 | INFO | {'message': 'I just shared recipe! It was boring.', 'author': 'Bob', 'timestamp': '2025-09-26 18:16:03', 'category': 'food', 'sentiment': 0.66, 'keyword_mentioned': 'recipe', 'message_length': 36}
2025-09-26 18:16:10 | INFO | {'message': 'I just loved a movie! It was boring.', 'author': 'Charlie', 'timestamp': '2025-09-26 18:16:10', 'category': 'entertainment', 'sentiment': 0.22, 'keyword_mentioned': 'movie', 'message_length': 36}
2025-09-26 18:16:15 | INFO | {'message': 'I just loved JavaScript! It was exciting.', 'author': 'Eve', 'timestamp': '2025-09-26 18:16:15', 'category': 'tech', 'sentiment': 0.89, 'keyword_mentioned': 'JavaScript', 'message_length': 41}
2025-09-26 18:16:20 | INFO | {'message': 'I just saw JavaScript! It was exciting.', 'author': 'Charlie', 'timestamp': '2025-09-26 18:16:20', 'category': 'tech', 'sentiment': 0.29, 'keyword_mentioned': 'JavaScript', 'message_length': 39}
2025-09-26 18:16:25 | INFO | {'message': 'I just shared game! It was boring.', 'author': 'Eve', 'timestamp': '2025-09-26 18:16:25', 'category': 'gaming', 'sentiment': 0.25, 'keyword_mentioned': 'game', 'message_length': 34}
2025-09-26 18:16:27 | WARNING | Producer interrupted by user.
2025-09-26 18:16:27 | INFO | Kafka producer closed.
2025-09-26 18:16:27 | INFO | Producer shutting down.
2025-09-26 19:16:21 | INFO | Logging to file: logs/project_log.log
2025-09-26 19:16:21 | INFO | Log sanitization enabled, personal info removed
2025-09-26 19:16:29 | INFO | Starting Producer to run continuously.
2025-09-26 19:16:29 | INFO | Use Ctrl+C to stop.
2025-09-26 19:16:29 | INFO | MESSAGE_INTERVAL_SECONDS: 5
2025-09-26 19:16:29 | INFO | BUZZ_TOPIC: buzzline
2025-09-26 19:16:29 | INFO | KAFKA_BROKER_ADDRESS: 127.0.0.1:9092
2025-09-26 19:16:29 | INFO | BASE_DATA_DIR: PROJECT_ROOT/data
2025-09-26 19:16:29 | INFO | LIVE_DATA_PATH: PROJECT_ROOT/data/project_live.json
2025-09-26 19:16:29 | INFO | BASE_DATA_DIR: PROJECT_ROOT/data
2025-09-26 19:16:29 | INFO | SQLITE_PATH: PROJECT_ROOT/data/buzz.sqlite
2025-09-26 19:16:29 | INFO | Deleted existing live data file.
2025-09-26 19:16:29 | INFO | Kafka broker address: localhost:9092
2025-09-26 19:16:30 | INFO | Kafka is ready. Brokers: {'throttle_time_ms': 0, 'brokers': [{'node_id': 1, 'host': 'localhost', 'port': 9092, 'rack': None}], 'cluster_id': '_b0fBNnAThO1cKY76tE__g', 'controller_id': 1}
2025-09-26 19:16:30 | INFO | Kafka producer connected to 127.0.0.1:9092
2025-09-26 19:16:30 | INFO | Kafka broker address: localhost:9092
2025-09-26 19:16:30 | INFO | Topic 'buzzline' already exists. Recreating fresh...
2025-09-26 19:16:30 | INFO | Requested deletion of topic 'buzzline'.
2025-09-26 19:16:30 | INFO | Topic 'buzzline' created successfully.
2025-09-26 19:16:30 | INFO | Kafka topic 'buzzline' is ready.
2025-09-26 19:16:30 | INFO | {'message': 'I just found JavaScript! It was exciting.', 'author': 'Charlie', 'timestamp': '2025-09-26 19:16:30', 'category': 'tech', 'sentiment': 0.82, 'keyword_mentioned': 'JavaScript', 'message_length': 41}
2025-09-26 19:16:35 | INFO | {'message': 'I just tried travel! It was exciting.', 'author': 'Bob', 'timestamp': '2025-09-26 19:16:35', 'category': 'travel', 'sentiment': 0.08, 'keyword_mentioned': 'travel', 'message_length': 37}
2025-09-26 19:16:40 | INFO | {'message': 'I just tried a meme! It was weird.', 'author': 'Alice', 'timestamp': '2025-09-26 19:16:40', 'category': 'humor', 'sentiment': 0.7, 'keyword_mentioned': 'meme', 'message_length': 34}
2025-09-26 19:16:46 | INFO | {'message': 'I just saw Python! It was exciting.', 'author': 'Eve', 'timestamp': '2025-09-26 19:16:46', 'category': 'tech', 'sentiment': 0.9, 'keyword_mentioned': 'Python', 'message_length': 35}
2025-09-26 19:16:51 | INFO | {'message': 'I just saw JavaScript! It was exciting.', 'author': 'Charlie', 'timestamp': '2025-09-26 19:16:51', 'category': 'tech', 'sentiment': 0.23, 'keyword_mentioned': 'JavaScript', 'message_length': 39}
2025-09-26 19:16:52 | INFO | Logging to file: logs/project_log.log
2025-09-26 19:16:52 | INFO | Log sanitization enabled, personal info removed
2025-09-26 19:16:52 | INFO | Starting MongoDB db testing.
2025-09-26 19:16:52 | INFO | Connected to MongoDB at mongodb://localhost:27017/, DB: buzz_test_db
2025-09-26 19:16:52 | INFO | Calling MongoDB insert_message() with:
2025-09-26 19:16:52 | INFO | message={'message': 'I just shared a meme! It was amazing.', 'author': 'Charlie', 'timestamp': '2025-01-29 14:35:20', 'category': 'humor', 'sentiment': 0.87, 'keyword_mentioned': 'meme', 'message_length': 42}
2025-09-26 19:16:52 | INFO | config={'MONGO_URI': 'mongodb://localhost:27017/', 'DB_NAME': 'buzz_test_db'}
2025-09-26 19:16:53 | INFO | Inserted message with _id: 68d72cf45895aad8296f02b7 into collection: messages_humor
2025-09-26 19:16:53 | ERROR | ERROR: Failed to retrieve or delete test message: name 'delete_message' is not defined
2025-09-26 19:16:53 | INFO | Finished MongoDB testing.
2025-09-26 19:16:56 | INFO | {'message': 'I just tried travel! It was exciting.', 'author': 'Charlie', 'timestamp': '2025-09-26 19:16:56', 'category': 'travel', 'sentiment': 0.11, 'keyword_mentioned': 'travel', 'message_length': 37}
2025-09-26 19:17:01 | INFO | {'message': 'I just found a trick! It was boring.', 'author': 'Bob', 'timestamp': '2025-09-26 19:17:01', 'category': 'other', 'sentiment': 0.51, 'keyword_mentioned': 'other', 'message_length': 36}
2025-09-26 19:17:06 | INFO | {'message': 'I just loved a story! It was exciting.', 'author': 'Bob', 'timestamp': '2025-09-26 19:17:06', 'category': 'other', 'sentiment': 0.28, 'keyword_mentioned': 'other', 'message_length': 38}
2025-09-26 19:17:11 | INFO | {'message': 'I just tried recipe! It was exciting.', 'author': 'Charlie', 'timestamp': '2025-09-26 19:17:11', 'category': 'food', 'sentiment': 0.68, 'keyword_mentioned': 'recipe', 'message_length': 37}
2025-09-26 19:17:16 | INFO | {'message': 'I just found recipe! It was amazing.', 'author': 'Alice', 'timestamp': '2025-09-26 19:17:16', 'category': 'food', 'sentiment': 0.17, 'keyword_mentioned': 'recipe', 'message_length': 36}
2025-09-26 19:17:21 | INFO | {'message': 'I just saw JavaScript! It was weird.', 'author': 'Bob', 'timestamp': '2025-09-26 19:17:21', 'category': 'tech', 'sentiment': 0.88, 'keyword_mentioned': 'JavaScript', 'message_length': 36}
2025-09-26 19:17:26 | INFO | {'message': 'I just tried JavaScript! It was exciting.', 'author': 'Charlie', 'timestamp': '2025-09-26 19:17:26', 'category': 'tech', 'sentiment': 0.0, 'keyword_mentioned': 'JavaScript', 'message_length': 41}
2025-09-26 19:17:31 | INFO | {'message': 'I just loved JavaScript! It was boring.', 'author': 'Eve', 'timestamp': '2025-09-26 19:17:31', 'category': 'tech', 'sentiment': 0.2, 'keyword_mentioned': 'JavaScript', 'message_length': 39}
2025-09-26 19:17:36 | INFO | {'message': 'I just loved a trick! It was amazing.', 'author': 'Bob', 'timestamp': '2025-09-26 19:17:36', 'category': 'other', 'sentiment': 0.46, 'keyword_mentioned': 'other', 'message_length': 37}
2025-09-26 19:17:41 | INFO | {'message': 'I just saw a trick! It was funny.', 'author': 'Bob', 'timestamp': '2025-09-26 19:17:41', 'category': 'other', 'sentiment': 0.06, 'keyword_mentioned': 'other', 'message_length': 33}
2025-09-26 19:17:47 | INFO | {'message': 'I just loved a story! It was exciting.', 'author': 'Bob', 'timestamp': '2025-09-26 19:17:47', 'category': 'other', 'sentiment': 0.7, 'keyword_mentioned': 'other', 'message_length': 38}
2025-09-26 19:17:52 | INFO | {'message': 'I just tried a meme! It was weird.', 'author': 'Charlie', 'timestamp': '2025-09-26 19:17:52', 'category': 'humor', 'sentiment': 0.92, 'keyword_mentioned': 'meme', 'message_length': 34}
2025-09-26 19:17:57 | INFO | {'message': 'I just shared a trick! It was funny.', 'author': 'Charlie', 'timestamp': '2025-09-26 19:17:57', 'category': 'other', 'sentiment': 0.86, 'keyword_mentioned': 'other', 'message_length': 36}
2025-09-26 19:18:02 | INFO | {'message': 'I just saw game! It was boring.', 'author': 'Bob', 'timestamp': '2025-09-26 19:18:02', 'category': 'gaming', 'sentiment': 0.38, 'keyword_mentioned': 'game', 'message_length': 31}
2025-09-26 19:18:07 | INFO | {'message': 'I just saw a trick! It was funny.', 'author': 'Charlie', 'timestamp': '2025-09-26 19:18:07', 'category': 'other', 'sentiment': 0.89, 'keyword_mentioned': 'other', 'message_length': 33}
2025-09-26 19:18:12 | INFO | {'message': 'I just tried a movie! It was boring.', 'author': 'Charlie', 'timestamp': '2025-09-26 19:18:12', 'category': 'entertainment', 'sentiment': 0.76, 'keyword_mentioned': 'movie', 'message_length': 36}
2025-09-26 19:18:17 | INFO | {'message': 'I just loved travel! It was weird.', 'author': 'Bob', 'timestamp': '2025-09-26 19:18:17', 'category': 'travel', 'sentiment': 0.79, 'keyword_mentioned': 'travel', 'message_length': 34}
2025-09-26 19:18:22 | INFO | {'message': 'I just saw a story! It was amazing.', 'author': 'Bob', 'timestamp': '2025-09-26 19:18:22', 'category': 'other', 'sentiment': 0.76, 'keyword_mentioned': 'other', 'message_length': 35}
2025-09-26 19:18:27 | INFO | {'message': 'I just saw game! It was exciting.', 'author': 'Eve', 'timestamp': '2025-09-26 19:18:27', 'category': 'gaming', 'sentiment': 0.73, 'keyword_mentioned': 'game', 'message_length': 33}
2025-09-26 19:18:32 | INFO | {'message': 'I just shared a movie! It was boring.', 'author': 'Charlie', 'timestamp': '2025-09-26 19:18:32', 'category': 'entertainment', 'sentiment': 1.0, 'keyword_mentioned': 'movie', 'message_length': 37}
2025-09-26 19:18:37 | INFO | {'message': 'I just tried game! It was weird.', 'author': 'Charlie', 'timestamp': '2025-09-26 19:18:37', 'category': 'gaming', 'sentiment': 0.57, 'keyword_mentioned': 'game', 'message_length': 32}
2025-09-26 19:18:42 | INFO | {'message': 'I just saw Python! It was exciting.', 'author': 'Bob', 'timestamp': '2025-09-26 19:18:42', 'category': 'tech', 'sentiment': 0.54, 'keyword_mentioned': 'Python', 'message_length': 35}
2025-09-26 19:18:47 | INFO | {'message': 'I just tried recipe! It was weird.', 'author': 'Alice', 'timestamp': '2025-09-26 19:18:47', 'category': 'food', 'sentiment': 0.62, 'keyword_mentioned': 'recipe', 'message_length': 34}
2025-09-26 19:18:52 | INFO | {'message': 'I just saw travel! It was boring.', 'author': 'Eve', 'timestamp': '2025-09-26 19:18:52', 'category': 'travel', 'sentiment': 0.52, 'keyword_mentioned': 'travel', 'message_length': 33}
2025-09-26 19:18:57 | INFO | {'message': 'I just saw travel! It was weird.', 'author': 'Alice', 'timestamp': '2025-09-26 19:18:57', 'category': 'travel', 'sentiment': 0.85, 'keyword_mentioned': 'travel', 'message_length': 32}
2025-09-26 19:19:02 | INFO | {'message': 'I just found Python! It was weird.', 'author': 'Alice', 'timestamp': '2025-09-26 19:19:02', 'category': 'tech', 'sentiment': 0.48, 'keyword_mentioned': 'Python', 'message_length': 34}
2025-09-26 19:19:07 | INFO | {'message': 'I just found Python! It was weird.', 'author': 'Bob', 'timestamp': '2025-09-26 19:19:07', 'category': 'tech', 'sentiment': 0.99, 'keyword_mentioned': 'Python', 'message_length': 34}
2025-09-26 19:19:12 | INFO | {'message': 'I just loved a meme! It was funny.', 'author': 'Bob', 'timestamp': '2025-09-26 19:19:12', 'category': 'humor', 'sentiment': 0.25, 'keyword_mentioned': 'meme', 'message_length': 34}
2025-09-26 19:19:17 | INFO | {'message': 'I just loved a trick! It was amazing.', 'author': 'Alice', 'timestamp': '2025-09-26 19:19:17', 'category': 'other', 'sentiment': 0.4, 'keyword_mentioned': 'other', 'message_length': 37}
2025-09-26 19:19:22 | INFO | {'message': 'I just shared an app! It was weird.', 'author': 'Bob', 'timestamp': '2025-09-26 19:19:22', 'category': 'other', 'sentiment': 0.67, 'keyword_mentioned': 'other', 'message_length': 35}
2025-09-26 19:19:27 | INFO | {'message': 'I just tried a meme! It was weird.', 'author': 'Eve', 'timestamp': '2025-09-26 19:19:27', 'category': 'humor', 'sentiment': 0.16, 'keyword_mentioned': 'meme', 'message_length': 34}
2025-09-26 19:19:32 | INFO | {'message': 'I just saw a movie! It was amazing.', 'author': 'Charlie', 'timestamp': '2025-09-26 19:19:32', 'category': 'entertainment', 'sentiment': 0.51, 'keyword_mentioned': 'movie', 'message_length': 35}
2025-09-26 19:19:37 | INFO | {'message': 'I just loved JavaScript! It was exciting.', 'author': 'Charlie', 'timestamp': '2025-09-26 19:19:37', 'category': 'tech', 'sentiment': 0.65, 'keyword_mentioned': 'JavaScript', 'message_length': 41}
2025-09-26 19:19:42 | INFO | {'message': 'I just saw JavaScript! It was weird.', 'author': 'Eve', 'timestamp': '2025-09-26 19:19:42', 'category': 'tech', 'sentiment': 0.33, 'keyword_mentioned': 'JavaScript', 'message_length': 36}
2025-09-26 19:19:47 | INFO | {'message': 'I just saw JavaScript! It was exciting.', 'author': 'Alice', 'timestamp': '2025-09-26 19:19:47', 'category': 'tech', 'sentiment': 0.72, 'keyword_mentioned': 'JavaScript', 'message_length': 39}
2025-09-26 19:19:52 | INFO | {'message': 'I just tried an app! It was funny.', 'author': 'Eve', 'timestamp': '2025-09-26 19:19:52', 'category': 'other', 'sentiment': 0.91, 'keyword_mentioned': 'other', 'message_length': 34}
2025-09-26 19:19:57 | INFO | {'message': 'I just loved an app! It was exciting.', 'author': 'Charlie', 'timestamp': '2025-09-26 19:19:57', 'category': 'other', 'sentiment': 0.71, 'keyword_mentioned': 'other', 'message_length': 37}
2025-09-26 19:20:02 | INFO | {'message': 'I just found JavaScript! It was exciting.', 'author': 'Charlie', 'timestamp': '2025-09-26 19:20:02', 'category': 'tech', 'sentiment': 0.96, 'keyword_mentioned': 'JavaScript', 'message_length': 41}
2025-09-26 19:20:07 | INFO | {'message': 'I just loved JavaScript! It was boring.', 'author': 'Bob', 'timestamp': '2025-09-26 19:20:07', 'category': 'tech', 'sentiment': 0.52, 'keyword_mentioned': 'JavaScript', 'message_length': 39}
2025-09-26 19:20:12 | INFO | {'message': 'I just saw a movie! It was amazing.', 'author': 'Bob', 'timestamp': '2025-09-26 19:20:12', 'category': 'entertainment', 'sentiment': 0.72, 'keyword_mentioned': 'movie', 'message_length': 35}
2025-09-26 19:20:17 | INFO | {'message': 'I just tried a meme! It was amazing.', 'author': 'Bob', 'timestamp': '2025-09-26 19:20:17', 'category': 'humor', 'sentiment': 0.31, 'keyword_mentioned': 'meme', 'message_length': 36}
2025-09-26 19:20:22 | INFO | {'message': 'I just tried a movie! It was boring.', 'author': 'Alice', 'timestamp': '2025-09-26 19:20:22', 'category': 'entertainment', 'sentiment': 0.5, 'keyword_mentioned': 'movie', 'message_length': 36}
2025-09-26 19:20:27 | INFO | {'message': 'I just saw Python! It was amazing.', 'author': 'Bob', 'timestamp': '2025-09-26 19:20:27', 'category': 'tech', 'sentiment': 0.42, 'keyword_mentioned': 'Python', 'message_length': 34}
2025-09-26 19:20:32 | INFO | {'message': 'I just tried travel! It was funny.', 'author': 'Bob', 'timestamp': '2025-09-26 19:20:32', 'category': 'travel', 'sentiment': 0.97, 'keyword_mentioned': 'travel', 'message_length': 34}
2025-09-26 19:20:37 | INFO | {'message': 'I just loved travel! It was exciting.', 'author': 'Bob', 'timestamp': '2025-09-26 19:20:37', 'category': 'travel', 'sentiment': 0.2, 'keyword_mentioned': 'travel', 'message_length': 37}
2025-09-26 19:20:42 | INFO | {'message': 'I just saw an app! It was exciting.', 'author': 'Eve', 'timestamp': '2025-09-26 19:20:42', 'category': 'other', 'sentiment': 0.05, 'keyword_mentioned': 'other', 'message_length': 35}
2025-09-26 19:20:47 | INFO | {'message': 'I just tried a movie! It was weird.', 'author': 'Charlie', 'timestamp': '2025-09-26 19:20:47', 'category': 'entertainment', 'sentiment': 0.35, 'keyword_mentioned': 'movie', 'message_length': 35}
2025-09-26 19:20:52 | INFO | {'message': 'I just saw JavaScript! It was funny.', 'author': 'Alice', 'timestamp': '2025-09-26 19:20:52', 'category': 'tech', 'sentiment': 0.93, 'keyword_mentioned': 'JavaScript', 'message_length': 36}
2025-09-26 19:20:57 | INFO | {'message': 'I just loved an app! It was boring.', 'author': 'Eve', 'timestamp': '2025-09-26 19:20:57', 'category': 'other', 'sentiment': 0.34, 'keyword_mentioned': 'other', 'message_length': 35}
2025-09-26 19:21:02 | INFO | {'message': 'I just tried a meme! It was weird.', 'author': 'Eve', 'timestamp': '2025-09-26 19:21:02', 'category': 'humor', 'sentiment': 0.11, 'keyword_mentioned': 'meme', 'message_length': 34}
2025-09-26 19:21:07 | INFO | {'message': 'I just tried a story! It was weird.', 'author': 'Alice', 'timestamp': '2025-09-26 19:21:07', 'category': 'other', 'sentiment': 0.13, 'keyword_mentioned': 'other', 'message_length': 35}
2025-09-26 19:21:12 | INFO | {'message': 'I just shared game! It was funny.', 'author': 'Charlie', 'timestamp': '2025-09-26 19:21:12', 'category': 'gaming', 'sentiment': 0.17, 'keyword_mentioned': 'game', 'message_length': 33}
2025-09-26 19:21:17 | INFO | {'message': 'I just shared travel! It was amazing.', 'author': 'Eve', 'timestamp': '2025-09-26 19:21:17', 'category': 'travel', 'sentiment': 0.77, 'keyword_mentioned': 'travel', 'message_length': 37}
2025-09-26 19:21:22 | INFO | {'message': 'I just tried JavaScript! It was amazing.', 'author': 'Bob', 'timestamp': '2025-09-26 19:21:22', 'category': 'tech', 'sentiment': 0.95, 'keyword_mentioned': 'JavaScript', 'message_length': 40}
2025-09-26 19:21:27 | INFO | {'message': 'I just found a trick! It was boring.', 'author': 'Alice', 'timestamp': '2025-09-26 19:21:27', 'category': 'other', 'sentiment': 0.25, 'keyword_mentioned': 'other', 'message_length': 36}
2025-09-26 19:21:32 | INFO | {'message': 'I just shared a movie! It was amazing.', 'author': 'Charlie', 'timestamp': '2025-09-26 19:21:32', 'category': 'entertainment', 'sentiment': 0.18, 'keyword_mentioned': 'movie', 'message_length': 38}
2025-09-26 19:21:37 | INFO | {'message': 'I just saw an app! It was amazing.', 'author': 'Eve', 'timestamp': '2025-09-26 19:21:37', 'category': 'other', 'sentiment': 0.54, 'keyword_mentioned': 'other', 'message_length': 34}
2025-09-26 19:21:42 | INFO | {'message': 'I just found recipe! It was weird.', 'author': 'Eve', 'timestamp': '2025-09-26 19:21:42', 'category': 'food', 'sentiment': 0.25, 'keyword_mentioned': 'recipe', 'message_length': 34}
2025-09-26 19:21:47 | INFO | {'message': 'I just found JavaScript! It was boring.', 'author': 'Bob', 'timestamp': '2025-09-26 19:21:47', 'category': 'tech', 'sentiment': 0.45, 'keyword_mentioned': 'JavaScript', 'message_length': 39}
2025-09-26 19:21:52 | INFO | {'message': 'I just tried a story! It was exciting.', 'author': 'Bob', 'timestamp': '2025-09-26 19:21:52', 'category': 'other', 'sentiment': 0.38, 'keyword_mentioned': 'other', 'message_length': 38}
2025-09-26 19:21:57 | INFO | {'message': 'I just saw an app! It was funny.', 'author': 'Alice', 'timestamp': '2025-09-26 19:21:57', 'category': 'other', 'sentiment': 0.56, 'keyword_mentioned': 'other', 'message_length': 32}
2025-09-26 19:22:02 | INFO | {'message': 'I just shared recipe! It was funny.', 'author': 'Eve', 'timestamp': '2025-09-26 19:22:02', 'category': 'food', 'sentiment': 0.54, 'keyword_mentioned': 'recipe', 'message_length': 35}
2025-09-26 19:22:07 | INFO | {'message': 'I just shared an app! It was amazing.', 'author': 'Charlie', 'timestamp': '2025-09-26 19:22:07', 'category': 'other', 'sentiment': 0.82, 'keyword_mentioned': 'other', 'message_length': 37}
2025-09-26 19:22:12 | INFO | {'message': 'I just shared travel! It was boring.', 'author': 'Eve', 'timestamp': '2025-09-26 19:22:12', 'category': 'travel', 'sentiment': 0.87, 'keyword_mentioned': 'travel', 'message_length': 36}
2025-09-26 19:22:17 | INFO | {'message': 'I just found a trick! It was weird.', 'author': 'Alice', 'timestamp': '2025-09-26 19:22:17', 'category': 'other', 'sentiment': 0.45, 'keyword_mentioned': 'other', 'message_length': 35}
2025-09-26 19:22:23 | INFO | {'message': 'I just found game! It was weird.', 'author': 'Eve', 'timestamp': '2025-09-26 19:22:23', 'category': 'gaming', 'sentiment': 0.49, 'keyword_mentioned': 'game', 'message_length': 32}
2025-09-26 19:22:28 | INFO | {'message': 'I just shared a story! It was boring.', 'author': 'Alice', 'timestamp': '2025-09-26 19:22:28', 'category': 'other', 'sentiment': 0.92, 'keyword_mentioned': 'other', 'message_length': 37}
2025-09-26 19:22:33 | INFO | {'message': 'I just tried game! It was boring.', 'author': 'Charlie', 'timestamp': '2025-09-26 19:22:33', 'category': 'gaming', 'sentiment': 0.35, 'keyword_mentioned': 'game', 'message_length': 33}
2025-09-26 19:22:38 | INFO | {'message': 'I just found a meme! It was exciting.', 'author': 'Bob', 'timestamp': '2025-09-26 19:22:38', 'category': 'humor', 'sentiment': 0.19, 'keyword_mentioned': 'meme', 'message_length': 37}
2025-09-26 19:22:43 | INFO | {'message': 'I just saw Python! It was amazing.', 'author': 'Bob', 'timestamp': '2025-09-26 19:22:43', 'category': 'tech', 'sentiment': 0.53, 'keyword_mentioned': 'Python', 'message_length': 34}
2025-09-26 19:22:48 | INFO | {'message': 'I just found Python! It was exciting.', 'author': 'Charlie', 'timestamp': '2025-09-26 19:22:48', 'category': 'tech', 'sentiment': 0.57, 'keyword_mentioned': 'Python', 'message_length': 37}
2025-09-26 19:22:53 | INFO | {'message': 'I just saw travel! It was boring.', 'author': 'Eve', 'timestamp': '2025-09-26 19:22:53', 'category': 'travel', 'sentiment': 0.51, 'keyword_mentioned': 'travel', 'message_length': 33}
2025-09-26 19:22:58 | INFO | {'message': 'I just saw a trick! It was amazing.', 'author': 'Eve', 'timestamp': '2025-09-26 19:22:58', 'category': 'other', 'sentiment': 0.12, 'keyword_mentioned': 'other', 'message_length': 35}
2025-09-26 19:23:03 | INFO | {'message': 'I just found travel! It was amazing.', 'author': 'Charlie', 'timestamp': '2025-09-26 19:23:03', 'category': 'travel', 'sentiment': 0.41, 'keyword_mentioned': 'travel', 'message_length': 36}
2025-09-26 19:23:08 | INFO | {'message': 'I just saw travel! It was weird.', 'author': 'Charlie', 'timestamp': '2025-09-26 19:23:08', 'category': 'travel', 'sentiment': 0.83, 'keyword_mentioned': 'travel', 'message_length': 32}
2025-09-26 19:23:13 | INFO | {'message': 'I just saw a story! It was funny.', 'author': 'Charlie', 'timestamp': '2025-09-26 19:23:13', 'category': 'other', 'sentiment': 0.99, 'keyword_mentioned': 'other', 'message_length': 33}
2025-09-26 19:23:18 | INFO | {'message': 'I just shared game! It was amazing.', 'author': 'Eve', 'timestamp': '2025-09-26 19:23:18', 'category': 'gaming', 'sentiment': 0.76, 'keyword_mentioned': 'game', 'message_length': 35}
2025-09-26 19:23:23 | INFO | {'message': 'I just tried a story! It was amazing.', 'author': 'Charlie', 'timestamp': '2025-09-26 19:23:23', 'category': 'other', 'sentiment': 0.88, 'keyword_mentioned': 'other', 'message_length': 37}
2025-09-26 19:23:28 | INFO | {'message': 'I just shared recipe! It was funny.', 'author': 'Charlie', 'timestamp': '2025-09-26 19:23:28', 'category': 'food', 'sentiment': 0.94, 'keyword_mentioned': 'recipe', 'message_length': 35}
2025-09-26 19:23:33 | INFO | {'message': 'I just saw an app! It was boring.', 'author': 'Bob', 'timestamp': '2025-09-26 19:23:33', 'category': 'other', 'sentiment': 0.45, 'keyword_mentioned': 'other', 'message_length': 33}
2025-09-26 19:23:38 | INFO | {'message': 'I just loved a meme! It was amazing.', 'author': 'Alice', 'timestamp': '2025-09-26 19:23:38', 'category': 'humor', 'sentiment': 0.88, 'keyword_mentioned': 'meme', 'message_length': 36}
2025-09-26 19:23:43 | INFO | {'message': 'I just shared travel! It was amazing.', 'author': 'Alice', 'timestamp': '2025-09-26 19:23:43', 'category': 'travel', 'sentiment': 0.48, 'keyword_mentioned': 'travel', 'message_length': 37}
2025-09-26 19:23:48 | INFO | {'message': 'I just saw an app! It was boring.', 'author': 'Eve', 'timestamp': '2025-09-26 19:23:48', 'category': 'other', 'sentiment': 0.39, 'keyword_mentioned': 'other', 'message_length': 33}
2025-09-26 19:23:53 | INFO | {'message': 'I just saw a movie! It was boring.', 'author': 'Alice', 'timestamp': '2025-09-26 19:23:53', 'category': 'entertainment', 'sentiment': 0.4, 'keyword_mentioned': 'movie', 'message_length': 34}
2025-09-26 19:23:58 | INFO | {'message': 'I just found a story! It was funny.', 'author': 'Alice', 'timestamp': '2025-09-26 19:23:58', 'category': 'other', 'sentiment': 0.31, 'keyword_mentioned': 'other', 'message_length': 35}
2025-09-26 19:24:03 | INFO | {'message': 'I just shared a trick! It was funny.', 'author': 'Eve', 'timestamp': '2025-09-26 19:24:03', 'category': 'other', 'sentiment': 0.09, 'keyword_mentioned': 'other', 'message_length': 36}
2025-09-26 19:24:08 | INFO | {'message': 'I just saw Python! It was boring.', 'author': 'Alice', 'timestamp': '2025-09-26 19:24:08', 'category': 'tech', 'sentiment': 0.46, 'keyword_mentioned': 'Python', 'message_length': 33}
2025-09-26 19:24:13 | INFO | {'message': 'I just saw travel! It was weird.', 'author': 'Charlie', 'timestamp': '2025-09-26 19:24:13', 'category': 'travel', 'sentiment': 0.19, 'keyword_mentioned': 'travel', 'message_length': 32}
2025-09-26 19:24:18 | INFO | {'message': 'I just loved travel! It was exciting.', 'author': 'Eve', 'timestamp': '2025-09-26 19:24:18', 'category': 'travel', 'sentiment': 0.22, 'keyword_mentioned': 'travel', 'message_length': 37}
2025-09-26 19:24:23 | INFO | {'message': 'I just saw a meme! It was funny.', 'author': 'Bob', 'timestamp': '2025-09-26 19:24:23', 'category': 'humor', 'sentiment': 0.37, 'keyword_mentioned': 'meme', 'message_length': 32}
2025-09-26 19:24:28 | INFO | {'message': 'I just saw a story! It was amazing.', 'author': 'Alice', 'timestamp': '2025-09-26 19:24:28', 'category': 'other', 'sentiment': 0.71, 'keyword_mentioned': 'other', 'message_length': 35}
2025-09-26 19:24:33 | INFO | {'message': 'I just found JavaScript! It was amazing.', 'author': 'Eve', 'timestamp': '2025-09-26 19:24:33', 'category': 'tech', 'sentiment': 0.42, 'keyword_mentioned': 'JavaScript', 'message_length': 40}
2025-09-26 19:24:38 | INFO | {'message': 'I just saw a meme! It was amazing.', 'author': 'Eve', 'timestamp': '2025-09-26 19:24:38', 'category': 'humor', 'sentiment': 0.86, 'keyword_mentioned': 'meme', 'message_length': 34}
2025-09-26 19:24:43 | INFO | {'message': 'I just shared JavaScript! It was weird.', 'author': 'Charlie', 'timestamp': '2025-09-26 19:24:43', 'category': 'tech', 'sentiment': 0.03, 'keyword_mentioned': 'JavaScript', 'message_length': 39}
2025-09-26 19:24:48 | INFO | {'message': 'I just found a story! It was funny.', 'author': 'Bob', 'timestamp': '2025-09-26 19:24:48', 'category': 'other', 'sentiment': 0.12, 'keyword_mentioned': 'other', 'message_length': 35}
2025-09-26 19:24:53 | INFO | {'message': 'I just saw JavaScript! It was boring.', 'author': 'Charlie', 'timestamp': '2025-09-26 19:24:53', 'category': 'tech', 'sentiment': 0.59, 'keyword_mentioned': 'JavaScript', 'message_length': 37}
2025-09-26 19:24:58 | INFO | {'message': 'I just shared a trick! It was weird.', 'author': 'Eve', 'timestamp': '2025-09-26 19:24:58', 'category': 'other', 'sentiment': 0.76, 'keyword_mentioned': 'other', 'message_length': 36}
2025-09-26 19:25:03 | INFO | {'message': 'I just saw a trick! It was exciting.', 'author': 'Bob', 'timestamp': '2025-09-26 19:25:03', 'category': 'other', 'sentiment': 0.63, 'keyword_mentioned': 'other', 'message_length': 36}
2025-09-26 19:25:08 | INFO | {'message': 'I just saw a movie! It was boring.', 'author': 'Eve', 'timestamp': '2025-09-26 19:25:08', 'category': 'entertainment', 'sentiment': 0.58, 'keyword_mentioned': 'movie', 'message_length': 34}
2025-09-26 19:25:13 | INFO | {'message': 'I just loved a meme! It was funny.', 'author': 'Eve', 'timestamp': '2025-09-26 19:25:13', 'category': 'humor', 'sentiment': 0.47, 'keyword_mentioned': 'meme', 'message_length': 34}
2025-09-26 19:25:18 | INFO | {'message': 'I just tried Python! It was exciting.', 'author': 'Alice', 'timestamp': '2025-09-26 19:25:18', 'category': 'tech', 'sentiment': 0.62, 'keyword_mentioned': 'Python', 'message_length': 37}
2025-09-26 19:25:24 | INFO | {'message': 'I just loved game! It was funny.', 'author': 'Bob', 'timestamp': '2025-09-26 19:25:24', 'category': 'gaming', 'sentiment': 0.12, 'keyword_mentioned': 'game', 'message_length': 32}
2025-09-26 19:25:27 | INFO | Logging to file: logs/project_log.log
2025-09-26 19:25:27 | INFO | Log sanitization enabled, personal info removed
2025-09-26 19:25:27 | INFO | Starting MongoDB db testing.
2025-09-26 19:25:27 | INFO | Connected to MongoDB at mongodb://localhost:27017/, DB: buzz_test_db
2025-09-26 19:25:27 | INFO | Calling MongoDB insert_message() with:
2025-09-26 19:25:27 | INFO | message={'message': 'I just shared a meme! It was amazing.', 'author': 'Charlie', 'timestamp': '2025-01-29 14:35:20', 'category': 'humor', 'sentiment': 0.87, 'keyword_mentioned': 'meme', 'message_length': 42}
2025-09-26 19:25:27 | INFO | config={'MONGO_URI': 'mongodb://localhost:27017/', 'DB_NAME': 'buzz_test_db'}
2025-09-26 19:25:27 | INFO | Inserted message with _id: 68d72ef76f195068345381c9 into collection: messages_humor
2025-09-26 19:25:27 | ERROR | ERROR: Failed to retrieve or delete test message: name 'delete_message' is not defined
2025-09-26 19:25:27 | INFO | Finished MongoDB testing.
2025-09-26 19:25:29 | INFO | {'message': 'I just loved a trick! It was boring.', 'author': 'Eve', 'timestamp': '2025-09-26 19:25:29', 'category': 'other', 'sentiment': 0.72, 'keyword_mentioned': 'other', 'message_length': 36}
2025-09-26 19:25:34 | INFO | {'message': 'I just tried Python! It was amazing.', 'author': 'Alice', 'timestamp': '2025-09-26 19:25:34', 'category': 'tech', 'sentiment': 0.8, 'keyword_mentioned': 'Python', 'message_length': 36}
2025-09-26 19:25:39 | INFO | {'message': 'I just found a trick! It was weird.', 'author': 'Bob', 'timestamp': '2025-09-26 19:25:39', 'category': 'other', 'sentiment': 0.19, 'keyword_mentioned': 'other', 'message_length': 35}
2025-09-26 19:25:44 | INFO | {'message': 'I just shared travel! It was amazing.', 'author': 'Eve', 'timestamp': '2025-09-26 19:25:44', 'category': 'travel', 'sentiment': 0.53, 'keyword_mentioned': 'travel', 'message_length': 37}
2025-09-26 19:25:49 | INFO | {'message': 'I just found an app! It was amazing.', 'author': 'Alice', 'timestamp': '2025-09-26 19:25:49', 'category': 'other', 'sentiment': 0.05, 'keyword_mentioned': 'other', 'message_length': 36}
2025-09-26 19:25:54 | INFO | {'message': 'I just shared a trick! It was exciting.', 'author': 'Bob', 'timestamp': '2025-09-26 19:25:54', 'category': 'other', 'sentiment': 0.17, 'keyword_mentioned': 'other', 'message_length': 39}
2025-09-26 19:25:59 | INFO | {'message': 'I just loved recipe! It was amazing.', 'author': 'Eve', 'timestamp': '2025-09-26 19:25:59', 'category': 'food', 'sentiment': 0.92, 'keyword_mentioned': 'recipe', 'message_length': 36}
2025-09-26 19:26:04 | INFO | {'message': 'I just shared a meme! It was weird.', 'author': 'Alice', 'timestamp': '2025-09-26 19:26:04', 'category': 'humor', 'sentiment': 0.9, 'keyword_mentioned': 'meme', 'message_length': 35}
2025-09-26 19:26:09 | INFO | {'message': 'I just loved JavaScript! It was boring.', 'author': 'Alice', 'timestamp': '2025-09-26 19:26:09', 'category': 'tech', 'sentiment': 0.96, 'keyword_mentioned': 'JavaScript', 'message_length': 39}
2025-09-26 19:26:14 | INFO | {'message': 'I just found a meme! It was exciting.', 'author': 'Eve', 'timestamp': '2025-09-26 19:26:14', 'category': 'humor', 'sentiment': 0.74, 'keyword_mentioned': 'meme', 'message_length': 37}
2025-09-26 19:26:19 | INFO | {'message': 'I just saw a story! It was funny.', 'author': 'Alice', 'timestamp': '2025-09-26 19:26:19', 'category': 'other', 'sentiment': 0.4, 'keyword_mentioned': 'other', 'message_length': 33}
2025-09-26 19:26:24 | INFO | {'message': 'I just found Python! It was amazing.', 'author': 'Charlie', 'timestamp': '2025-09-26 19:26:24', 'category': 'tech', 'sentiment': 0.99, 'keyword_mentioned': 'Python', 'message_length': 36}
2025-09-26 19:26:29 | INFO | {'message': 'I just found travel! It was weird.', 'author': 'Alice', 'timestamp': '2025-09-26 19:26:29', 'category': 'travel', 'sentiment': 0.07, 'keyword_mentioned': 'travel', 'message_length': 34}
2025-09-26 19:26:33 | WARNING | Producer interrupted by user.
2025-09-26 19:26:33 | INFO | Kafka producer closed.
2025-09-26 19:26:33 | INFO | Producer shutting down.
2025-09-26 19:27:49 | INFO | Logging to file: logs/project_log.log
2025-09-26 19:27:49 | INFO | Log sanitization enabled, personal info removed
2025-09-26 19:27:56 | INFO | Starting Producer to run continuously.
2025-09-26 19:27:56 | INFO | Use Ctrl+C to stop.
2025-09-26 19:27:56 | INFO | MESSAGE_INTERVAL_SECONDS: 5
2025-09-26 19:27:56 | INFO | BUZZ_TOPIC: buzzline
2025-09-26 19:27:56 | INFO | KAFKA_BROKER_ADDRESS: 127.0.0.1:9092
2025-09-26 19:27:56 | INFO | BASE_DATA_DIR: PROJECT_ROOT/data
2025-09-26 19:27:56 | INFO | LIVE_DATA_PATH: PROJECT_ROOT/data/project_live.json
2025-09-26 19:27:56 | INFO | BASE_DATA_DIR: PROJECT_ROOT/data
2025-09-26 19:27:56 | INFO | SQLITE_PATH: PROJECT_ROOT/data/buzz.sqlite
2025-09-26 19:27:56 | INFO | Deleted existing live data file.
2025-09-26 19:27:56 | INFO | Kafka broker address: localhost:9092
2025-09-26 19:27:56 | INFO | Kafka is ready. Brokers: {'throttle_time_ms': 0, 'brokers': [{'node_id': 1, 'host': 'localhost', 'port': 9092, 'rack': None}], 'cluster_id': '_b0fBNnAThO1cKY76tE__g', 'controller_id': 1}
2025-09-26 19:27:57 | INFO | Kafka producer connected to 127.0.0.1:9092
2025-09-26 19:27:57 | INFO | Kafka broker address: localhost:9092
2025-09-26 19:27:57 | INFO | Topic 'buzzline' already exists. Recreating fresh...
2025-09-26 19:27:57 | INFO | Requested deletion of topic 'buzzline'.
2025-09-26 19:27:58 | INFO | Topic 'buzzline' created successfully.
2025-09-26 19:27:58 | INFO | Kafka topic 'buzzline' is ready.
2025-09-26 19:27:58 | INFO | {'message': 'I just loved game! It was boring.', 'author': 'Charlie', 'timestamp': '2025-09-26 19:27:58', 'category': 'gaming', 'sentiment': 0.01, 'keyword_mentioned': 'game', 'message_length': 33}
2025-09-26 19:28:03 | INFO | {'message': 'I just loved a meme! It was funny.', 'author': 'Eve', 'timestamp': '2025-09-26 19:28:03', 'category': 'humor', 'sentiment': 0.69, 'keyword_mentioned': 'meme', 'message_length': 34}
2025-09-26 19:28:08 | INFO | {'message': 'I just found travel! It was exciting.', 'author': 'Bob', 'timestamp': '2025-09-26 19:28:08', 'category': 'travel', 'sentiment': 0.76, 'keyword_mentioned': 'travel', 'message_length': 37}
2025-09-26 19:28:13 | INFO | {'message': 'I just shared a meme! It was exciting.', 'author': 'Alice', 'timestamp': '2025-09-26 19:28:13', 'category': 'humor', 'sentiment': 0.54, 'keyword_mentioned': 'meme', 'message_length': 38}
2025-09-26 19:28:18 | INFO | {'message': 'I just saw JavaScript! It was boring.', 'author': 'Alice', 'timestamp': '2025-09-26 19:28:18', 'category': 'tech', 'sentiment': 0.8, 'keyword_mentioned': 'JavaScript', 'message_length': 37}
2025-09-26 19:28:23 | INFO | {'message': 'I just tried a trick! It was boring.', 'author': 'Eve', 'timestamp': '2025-09-26 19:28:23', 'category': 'other', 'sentiment': 0.87, 'keyword_mentioned': 'other', 'message_length': 36}
2025-09-26 19:28:28 | INFO | {'message': 'I just found game! It was exciting.', 'author': 'Eve', 'timestamp': '2025-09-26 19:28:28', 'category': 'gaming', 'sentiment': 0.38, 'keyword_mentioned': 'game', 'message_length': 35}
2025-09-26 19:28:33 | INFO | {'message': 'I just tried a meme! It was amazing.', 'author': 'Eve', 'timestamp': '2025-09-26 19:28:33', 'category': 'humor', 'sentiment': 0.85, 'keyword_mentioned': 'meme', 'message_length': 36}
2025-09-26 19:28:38 | INFO | {'message': 'I just shared a story! It was amazing.', 'author': 'Eve', 'timestamp': '2025-09-26 19:28:38', 'category': 'other', 'sentiment': 0.52, 'keyword_mentioned': 'other', 'message_length': 38}
2025-09-26 19:28:43 | INFO | {'message': 'I just tried a movie! It was weird.', 'author': 'Bob', 'timestamp': '2025-09-26 19:28:43', 'category': 'entertainment', 'sentiment': 0.77, 'keyword_mentioned': 'movie', 'message_length': 35}
2025-09-26 19:28:45 | INFO | Logging to file: logs/project_log.log
2025-09-26 19:28:45 | INFO | Log sanitization enabled, personal info removed
2025-09-26 19:28:45 | INFO | Starting MongoDB db testing.
2025-09-26 19:28:45 | INFO | Connected to MongoDB at mongodb://localhost:27017/, DB: buzz_test_db
2025-09-26 19:28:45 | INFO | Calling MongoDB insert_message() with:
2025-09-26 19:28:45 | INFO | message={'message': 'I just shared a meme! It was amazing.', 'author': 'Charlie', 'timestamp': '2025-01-29 14:35:20', 'category': 'humor', 'sentiment': 0.87, 'keyword_mentioned': 'meme', 'message_length': 42}
2025-09-26 19:28:45 | INFO | config={'MONGO_URI': 'mongodb://localhost:27017/', 'DB_NAME': 'buzz_test_db'}
2025-09-26 19:28:45 | INFO | Inserted message with _id: 68d72fbd71c2ad2e8c4de756 into collection: messages_humor
2025-09-26 19:28:45 | INFO | Finished MongoDB testing.
2025-09-26 19:28:48 | INFO | {'message': 'I just found a meme! It was exciting.', 'author': 'Charlie', 'timestamp': '2025-09-26 19:28:48', 'category': 'humor', 'sentiment': 0.77, 'keyword_mentioned': 'meme', 'message_length': 37}
2025-09-26 19:28:53 | INFO | {'message': 'I just tried travel! It was amazing.', 'author': 'Alice', 'timestamp': '2025-09-26 19:28:53', 'category': 'travel', 'sentiment': 0.18, 'keyword_mentioned': 'travel', 'message_length': 36}
2025-09-26 19:28:58 | INFO | {'message': 'I just found a meme! It was funny.', 'author': 'Eve', 'timestamp': '2025-09-26 19:28:58', 'category': 'humor', 'sentiment': 0.3, 'keyword_mentioned': 'meme', 'message_length': 34}
2025-09-26 19:29:03 | INFO | {'message': 'I just tried an app! It was boring.', 'author': 'Alice', 'timestamp': '2025-09-26 19:29:03', 'category': 'other', 'sentiment': 0.29, 'keyword_mentioned': 'other', 'message_length': 35}
2025-09-26 19:29:08 | INFO | {'message': 'I just tried game! It was funny.', 'author': 'Charlie', 'timestamp': '2025-09-26 19:29:08', 'category': 'gaming', 'sentiment': 0.99, 'keyword_mentioned': 'game', 'message_length': 32}
2025-09-26 19:29:13 | INFO | {'message': 'I just tried travel! It was boring.', 'author': 'Alice', 'timestamp': '2025-09-26 19:29:13', 'category': 'travel', 'sentiment': 0.03, 'keyword_mentioned': 'travel', 'message_length': 35}
2025-09-26 19:29:18 | INFO | {'message': 'I just tried game! It was exciting.', 'author': 'Charlie', 'timestamp': '2025-09-26 19:29:18', 'category': 'gaming', 'sentiment': 0.5, 'keyword_mentioned': 'game', 'message_length': 35}
2025-09-26 19:29:23 | INFO | {'message': 'I just found a story! It was weird.', 'author': 'Alice', 'timestamp': '2025-09-26 19:29:23', 'category': 'other', 'sentiment': 0.97, 'keyword_mentioned': 'other', 'message_length': 35}
2025-09-26 19:29:28 | INFO | {'message': 'I just loved recipe! It was exciting.', 'author': 'Bob', 'timestamp': '2025-09-26 19:29:28', 'category': 'food', 'sentiment': 0.31, 'keyword_mentioned': 'recipe', 'message_length': 37}
2025-09-26 19:29:33 | INFO | {'message': 'I just shared game! It was weird.', 'author': 'Alice', 'timestamp': '2025-09-26 19:29:33', 'category': 'gaming', 'sentiment': 0.96, 'keyword_mentioned': 'game', 'message_length': 33}
