2025-09-24 20:21:09 | INFO | {'message': 'I just saw Python! It was funny.', 'author': 'Bob', 'timestamp': '2025-09-24 20:21:09', 'category': 'tech', 'sentiment': 0.79, 'keyword_mentioned': 'Python', 'message_length': 32}
2025-09-24 20:21:14 | INFO | {'message': 'I just tried a meme! It was boring.', 'author': 'Charlie', 'timestamp': '2025-09-24 20:21:14', 'category': 'humor', 'sentiment': 0.39, 'keyword_mentioned': 'meme', 'message_length': 35}
2025-09-24 20:21:19 | INFO | {'message': 'I just saw an app! It was boring.', 'author': 'Charlie', 'timestamp': '2025-09-24 20:21:19', 'category': 'other', 'sentiment': 0.2, 'keyword_mentioned': 'other', 'message_length': 33}
2025-09-24 20:21:24 | INFO | {'message': 'I just loved travel! It was amazing.', 'author': 'Alice', 'timestamp': '2025-09-24 20:21:24', 'category': 'travel', 'sentiment': 0.87, 'keyword_mentioned': 'travel', 'message_length': 36}
2025-09-24 20:21:29 | INFO | {'message': 'I just found JavaScript! It was weird.', 'author': 'Eve', 'timestamp': '2025-09-24 20:21:29', 'category': 'tech', 'sentiment': 0.01, 'keyword_mentioned': 'JavaScript', 'message_length': 38}
2025-09-24 20:21:34 | INFO | {'message': 'I just saw a trick! It was weird.', 'author': 'Eve', 'timestamp': '2025-09-24 20:21:34', 'category': 'other', 'sentiment': 0.75, 'keyword_mentioned': 'other', 'message_length': 33}
2025-09-24 20:21:39 | INFO | {'message': 'I just found a trick! It was exciting.', 'author': 'Alice', 'timestamp': '2025-09-24 20:21:39', 'category': 'other', 'sentiment': 0.4, 'keyword_mentioned': 'other', 'message_length': 38}
2025-09-24 20:21:44 | INFO | {'message': 'I just saw Python! It was exciting.', 'author': 'Bob', 'timestamp': '2025-09-24 20:21:44', 'category': 'tech', 'sentiment': 0.55, 'keyword_mentioned': 'Python', 'message_length': 35}
2025-09-24 20:21:49 | INFO | {'message': 'I just tried game! It was amazing.', 'author': 'Charlie', 'timestamp': '2025-09-24 20:21:49', 'category': 'gaming', 'sentiment': 0.38, 'keyword_mentioned': 'game', 'message_length': 34}
2025-09-24 20:21:54 | INFO | {'message': 'I just loved a meme! It was amazing.', 'author': 'Alice', 'timestamp': '2025-09-24 20:21:54', 'category': 'humor', 'sentiment': 0.62, 'keyword_mentioned': 'meme', 'message_length': 36}
2025-09-24 20:21:59 | INFO | {'message': 'I just tried a movie! It was funny.', 'author': 'Charlie', 'timestamp': '2025-09-24 20:21:59', 'category': 'entertainment', 'sentiment': 0.18, 'keyword_mentioned': 'movie', 'message_length': 35}
2025-09-24 20:22:04 | INFO | {'message': 'I just shared Python! It was exciting.', 'author': 'Charlie', 'timestamp': '2025-09-24 20:22:04', 'category': 'tech', 'sentiment': 0.22, 'keyword_mentioned': 'Python', 'message_length': 38}
2025-09-24 20:22:10 | INFO | {'message': 'I just found game! It was amazing.', 'author': 'Alice', 'timestamp': '2025-09-24 20:22:10', 'category': 'gaming', 'sentiment': 0.36, 'keyword_mentioned': 'game', 'message_length': 34}
2025-09-24 20:22:15 | INFO | {'message': 'I just shared game! It was boring.', 'author': 'Charlie', 'timestamp': '2025-09-24 20:22:15', 'category': 'gaming', 'sentiment': 0.59, 'keyword_mentioned': 'game', 'message_length': 34}
2025-09-24 20:22:20 | INFO | {'message': 'I just found a story! It was boring.', 'author': 'Eve', 'timestamp': '2025-09-24 20:22:20', 'category': 'other', 'sentiment': 0.31, 'keyword_mentioned': 'other', 'message_length': 36}
2025-09-24 20:22:25 | INFO | {'message': 'I just shared travel! It was exciting.', 'author': 'Charlie', 'timestamp': '2025-09-24 20:22:25', 'category': 'travel', 'sentiment': 0.92, 'keyword_mentioned': 'travel', 'message_length': 38}
2025-09-24 20:22:30 | INFO | {'message': 'I just loved JavaScript! It was boring.', 'author': 'Bob', 'timestamp': '2025-09-24 20:22:30', 'category': 'tech', 'sentiment': 0.29, 'keyword_mentioned': 'JavaScript', 'message_length': 39}
2025-09-24 20:22:35 | INFO | {'message': 'I just found a story! It was exciting.', 'author': 'Bob', 'timestamp': '2025-09-24 20:22:35', 'category': 'other', 'sentiment': 0.75, 'keyword_mentioned': 'other', 'message_length': 38}
2025-09-24 20:22:40 | INFO | {'message': 'I just tried Python! It was weird.', 'author': 'Eve', 'timestamp': '2025-09-24 20:22:40', 'category': 'tech', 'sentiment': 0.66, 'keyword_mentioned': 'Python', 'message_length': 34}
2025-09-24 20:22:46 | INFO | {'message': 'I just loved a trick! It was amazing.', 'author': 'Alice', 'timestamp': '2025-09-24 20:22:46', 'category': 'other', 'sentiment': 0.37, 'keyword_mentioned': 'other', 'message_length': 37}
2025-09-24 20:22:51 | INFO | {'message': 'I just loved Python! It was amazing.', 'author': 'Alice', 'timestamp': '2025-09-24 20:22:51', 'category': 'tech', 'sentiment': 0.91, 'keyword_mentioned': 'Python', 'message_length': 36}
2025-09-24 20:22:56 | INFO | {'message': 'I just shared travel! It was weird.', 'author': 'Bob', 'timestamp': '2025-09-24 20:22:56', 'category': 'travel', 'sentiment': 0.14, 'keyword_mentioned': 'travel', 'message_length': 35}
2025-09-24 20:23:01 | INFO | {'message': 'I just saw Python! It was funny.', 'author': 'Bob', 'timestamp': '2025-09-24 20:23:01', 'category': 'tech', 'sentiment': 0.92, 'keyword_mentioned': 'Python', 'message_length': 32}
2025-09-24 20:23:06 | INFO | {'message': 'I just found a trick! It was exciting.', 'author': 'Charlie', 'timestamp': '2025-09-24 20:23:06', 'category': 'other', 'sentiment': 0.74, 'keyword_mentioned': 'other', 'message_length': 38}
2025-09-24 20:23:11 | INFO | {'message': 'I just saw Python! It was weird.', 'author': 'Bob', 'timestamp': '2025-09-24 20:23:11', 'category': 'tech', 'sentiment': 0.45, 'keyword_mentioned': 'Python', 'message_length': 32}
2025-09-24 20:23:17 | INFO | {'message': 'I just shared an app! It was amazing.', 'author': 'Charlie', 'timestamp': '2025-09-24 20:23:17', 'category': 'other', 'sentiment': 0.6, 'keyword_mentioned': 'other', 'message_length': 37}
2025-09-24 20:23:22 | INFO | {'message': 'I just loved JavaScript! It was weird.', 'author': 'Bob', 'timestamp': '2025-09-24 20:23:22', 'category': 'tech', 'sentiment': 0.51, 'keyword_mentioned': 'JavaScript', 'message_length': 38}
2025-09-24 20:23:27 | INFO | {'message': 'I just shared travel! It was amazing.', 'author': 'Charlie', 'timestamp': '2025-09-24 20:23:27', 'category': 'travel', 'sentiment': 0.82, 'keyword_mentioned': 'travel', 'message_length': 37}
2025-09-24 20:23:32 | INFO | {'message': 'I just shared a movie! It was boring.', 'author': 'Eve', 'timestamp': '2025-09-24 20:23:32', 'category': 'entertainment', 'sentiment': 0.4, 'keyword_mentioned': 'movie', 'message_length': 37}
2025-09-24 20:23:37 | INFO | {'message': 'I just tried a trick! It was funny.', 'author': 'Bob', 'timestamp': '2025-09-24 20:23:37', 'category': 'other', 'sentiment': 0.22, 'keyword_mentioned': 'other', 'message_length': 35}
2025-09-24 20:23:42 | INFO | {'message': 'I just shared a meme! It was boring.', 'author': 'Alice', 'timestamp': '2025-09-24 20:23:42', 'category': 'humor', 'sentiment': 0.87, 'keyword_mentioned': 'meme', 'message_length': 36}
2025-09-24 20:23:47 | INFO | {'message': 'I just shared a story! It was weird.', 'author': 'Bob', 'timestamp': '2025-09-24 20:23:47', 'category': 'other', 'sentiment': 0.34, 'keyword_mentioned': 'other', 'message_length': 36}
2025-09-24 20:23:52 | INFO | {'message': 'I just found a story! It was boring.', 'author': 'Charlie', 'timestamp': '2025-09-24 20:23:52', 'category': 'other', 'sentiment': 0.21, 'keyword_mentioned': 'other', 'message_length': 36}
2025-09-24 20:23:57 | INFO | {'message': 'I just shared recipe! It was boring.', 'author': 'Eve', 'timestamp': '2025-09-24 20:23:57', 'category': 'food', 'sentiment': 0.08, 'keyword_mentioned': 'recipe', 'message_length': 36}
2025-09-24 20:24:02 | INFO | {'message': 'I just loved an app! It was funny.', 'author': 'Charlie', 'timestamp': '2025-09-24 20:24:02', 'category': 'other', 'sentiment': 0.95, 'keyword_mentioned': 'other', 'message_length': 34}
2025-09-24 20:24:07 | INFO | {'message': 'I just tried a movie! It was funny.', 'author': 'Alice', 'timestamp': '2025-09-24 20:24:07', 'category': 'entertainment', 'sentiment': 0.23, 'keyword_mentioned': 'movie', 'message_length': 35}
2025-09-24 20:24:09 | WARNING | Producer interrupted by user.
2025-09-24 20:24:09 | INFO | Kafka producer closed.
2025-09-24 20:24:09 | INFO | Producer shutting down.
