2025-09-27 08:54:29 | INFO | MONGODB_URI: mongodb://localhost:27017/
2025-09-27 08:54:29 | INFO | MONGODB_DB: mongo_buzz_database
2025-09-27 08:54:29 | INFO | Inserted message with _id: 68d7ec95eb798aaf4196a39d into collection: messages_other
2025-09-27 08:54:29 | INFO | Called process_message() with:
2025-09-27 08:54:29 | INFO |    message={'message': 'I just shared a trick! It was amazing.', 'author': 'Charlie', 'timestamp': '2025-09-27 08:52:28', 'category': 'other', 'sentiment': 0.71, 'keyword_mentioned': 'other', 'message_length': 38}
2025-09-27 08:54:29 | INFO | Processed message: {'message': 'I just shared a trick! It was amazing.', 'author': 'Charlie', 'timestamp': '2025-09-27 08:52:28', 'category': 'other', 'sentiment': 0.71, 'keyword_mentioned': 'other', 'message_length': 38}
2025-09-27 08:54:29 | INFO | Calling MongoDB insert_message() with:
2025-09-27 08:54:29 | INFO | message={'message': 'I just shared a trick! It was amazing.', 'author': 'Charlie', 'timestamp': '2025-09-27 08:52:28', 'category': 'other', 'sentiment': 0.71, 'keyword_mentioned': 'other', 'message_length': 38}
2025-09-27 08:54:29 | INFO | MONGODB_URI: mongodb://localhost:27017/
2025-09-27 08:54:29 | INFO | MONGODB_DB: mongo_buzz_database
2025-09-27 08:54:29 | INFO | Inserted message with _id: 68d7ec95eb798aaf4196a39f into collection: messages_other
2025-09-27 08:54:29 | INFO | Called process_message() with:
2025-09-27 08:54:29 | INFO |    message={'message': 'I just loved a meme! It was weird.', 'author': 'Charlie', 'timestamp': '2025-09-27 08:52:33', 'category': 'humor', 'sentiment': 0.9, 'keyword_mentioned': 'meme', 'message_length': 34}
2025-09-27 08:54:29 | INFO | Processed message: {'message': 'I just loved a meme! It was weird.', 'author': 'Charlie', 'timestamp': '2025-09-27 08:52:33', 'category': 'humor', 'sentiment': 0.9, 'keyword_mentioned': 'meme', 'message_length': 34}
2025-09-27 08:54:29 | INFO | Calling MongoDB insert_message() with:
2025-09-27 08:54:29 | INFO | message={'message': 'I just loved a meme! It was weird.', 'author': 'Charlie', 'timestamp': '2025-09-27 08:52:33', 'category': 'humor', 'sentiment': 0.9, 'keyword_mentioned': 'meme', 'message_length': 34}
2025-09-27 08:54:29 | INFO | MONGODB_URI: mongodb://localhost:27017/
2025-09-27 08:54:29 | INFO | MONGODB_DB: mongo_buzz_database
2025-09-27 08:54:29 | INFO | Inserted message with _id: 68d7ec95eb798aaf4196a3a1 into collection: messages_humor
2025-09-27 08:54:29 | INFO | Called process_message() with:
2025-09-27 08:54:29 | INFO |    message={'message': 'I just saw Python! It was exciting.', 'author': 'Eve', 'timestamp': '2025-09-27 08:52:38', 'category': 'tech', 'sentiment': 0.24, 'keyword_mentioned': 'Python', 'message_length': 35}
2025-09-27 08:54:29 | INFO | Processed message: {'message': 'I just saw Python! It was exciting.', 'author': 'Eve', 'timestamp': '2025-09-27 08:52:38', 'category': 'tech', 'sentiment': 0.24, 'keyword_mentioned': 'Python', 'message_length': 35}
2025-09-27 08:54:29 | INFO | Calling MongoDB insert_message() with:
2025-09-27 08:54:29 | INFO | message={'message': 'I just saw Python! It was exciting.', 'author': 'Eve', 'timestamp': '2025-09-27 08:52:38', 'category': 'tech', 'sentiment': 0.24, 'keyword_mentioned': 'Python', 'message_length': 35}
2025-09-27 08:54:29 | INFO | MONGODB_URI: mongodb://localhost:27017/
2025-09-27 08:54:29 | INFO | MONGODB_DB: mongo_buzz_database
2025-09-27 08:54:29 | INFO | Inserted message with _id: 68d7ec95eb798aaf4196a3a3 into collection: messages_tech
2025-09-27 08:54:29 | INFO | Called process_message() with:
2025-09-27 08:54:29 | INFO |    message={'message': 'I just tried game! It was weird.', 'author': 'Alice', 'timestamp': '2025-09-27 08:52:43', 'category': 'gaming', 'sentiment': 0.42, 'keyword_mentioned': 'game', 'message_length': 32}
2025-09-27 08:54:29 | INFO | Processed message: {'message': 'I just tried game! It was weird.', 'author': 'Alice', 'timestamp': '2025-09-27 08:52:43', 'category': 'gaming', 'sentiment': 0.42, 'keyword_mentioned': 'game', 'message_length': 32}
2025-09-27 08:54:29 | INFO | Calling MongoDB insert_message() with:
2025-09-27 08:54:29 | INFO | message={'message': 'I just tried game! It was weird.', 'author': 'Alice', 'timestamp': '2025-09-27 08:52:43', 'category': 'gaming', 'sentiment': 0.42, 'keyword_mentioned': 'game', 'message_length': 32}
2025-09-27 08:54:29 | INFO | MONGODB_URI: mongodb://localhost:27017/
2025-09-27 08:54:29 | INFO | MONGODB_DB: mongo_buzz_database
2025-09-27 08:54:29 | INFO | Inserted message with _id: 68d7ec95eb798aaf4196a3a5 into collection: messages_gaming
2025-09-27 08:54:29 | INFO | Called process_message() with:
2025-09-27 08:54:29 | INFO |    message={'message': 'I just saw travel! It was funny.', 'author': 'Eve', 'timestamp': '2025-09-27 08:52:48', 'category': 'travel', 'sentiment': 0.45, 'keyword_mentioned': 'travel', 'message_length': 32}
2025-09-27 08:54:29 | INFO | Processed message: {'message': 'I just saw travel! It was funny.', 'author': 'Eve', 'timestamp': '2025-09-27 08:52:48', 'category': 'travel', 'sentiment': 0.45, 'keyword_mentioned': 'travel', 'message_length': 32}
2025-09-27 08:54:29 | INFO | Calling MongoDB insert_message() with:
2025-09-27 08:54:29 | INFO | message={'message': 'I just saw travel! It was funny.', 'author': 'Eve', 'timestamp': '2025-09-27 08:52:48', 'category': 'travel', 'sentiment': 0.45, 'keyword_mentioned': 'travel', 'message_length': 32}
2025-09-27 08:54:29 | INFO | MONGODB_URI: mongodb://localhost:27017/
2025-09-27 08:54:29 | INFO | MONGODB_DB: mongo_buzz_database
2025-09-27 08:54:29 | INFO | Inserted message with _id: 68d7ec95eb798aaf4196a3a7 into collection: messages_travel
2025-09-27 08:54:29 | INFO | Called process_message() with:
2025-09-27 08:54:29 | INFO |    message={'message': 'I just loved an app! It was weird.', 'author': 'Charlie', 'timestamp': '2025-09-27 08:52:53', 'category': 'other', 'sentiment': 0.51, 'keyword_mentioned': 'other', 'message_length': 34}
2025-09-27 08:54:29 | INFO | Processed message: {'message': 'I just loved an app! It was weird.', 'author': 'Charlie', 'timestamp': '2025-09-27 08:52:53', 'category': 'other', 'sentiment': 0.51, 'keyword_mentioned': 'other', 'message_length': 34}
2025-09-27 08:54:29 | INFO | Calling MongoDB insert_message() with:
2025-09-27 08:54:29 | INFO | message={'message': 'I just loved an app! It was weird.', 'author': 'Charlie', 'timestamp': '2025-09-27 08:52:53', 'category': 'other', 'sentiment': 0.51, 'keyword_mentioned': 'other', 'message_length': 34}
2025-09-27 08:54:29 | INFO | MONGODB_URI: mongodb://localhost:27017/
2025-09-27 08:54:29 | INFO | MONGODB_DB: mongo_buzz_database
2025-09-27 08:54:29 | INFO | Inserted message with _id: 68d7ec95eb798aaf4196a3a9 into collection: messages_other
2025-09-27 08:54:29 | INFO | Called process_message() with:
2025-09-27 08:54:29 | INFO |    message={'message': 'I just saw Python! It was funny.', 'author': 'Eve', 'timestamp': '2025-09-27 08:52:59', 'category': 'tech', 'sentiment': 0.83, 'keyword_mentioned': 'Python', 'message_length': 32}
2025-09-27 08:54:29 | INFO | Processed message: {'message': 'I just saw Python! It was funny.', 'author': 'Eve', 'timestamp': '2025-09-27 08:52:59', 'category': 'tech', 'sentiment': 0.83, 'keyword_mentioned': 'Python', 'message_length': 32}
2025-09-27 08:54:29 | INFO | Calling MongoDB insert_message() with:
2025-09-27 08:54:29 | INFO | message={'message': 'I just saw Python! It was funny.', 'author': 'Eve', 'timestamp': '2025-09-27 08:52:59', 'category': 'tech', 'sentiment': 0.83, 'keyword_mentioned': 'Python', 'message_length': 32}
2025-09-27 08:54:29 | INFO | MONGODB_URI: mongodb://localhost:27017/
2025-09-27 08:54:29 | INFO | MONGODB_DB: mongo_buzz_database
2025-09-27 08:54:29 | INFO | Inserted message with _id: 68d7ec95eb798aaf4196a3ab into collection: messages_tech
2025-09-27 08:54:29 | INFO | Called process_message() with:
2025-09-27 08:54:29 | INFO |    message={'message': 'I just found JavaScript! It was funny.', 'author': 'Alice', 'timestamp': '2025-09-27 08:53:04', 'category': 'tech', 'sentiment': 0.64, 'keyword_mentioned': 'JavaScript', 'message_length': 38}
2025-09-27 08:54:29 | INFO | Processed message: {'message': 'I just found JavaScript! It was funny.', 'author': 'Alice', 'timestamp': '2025-09-27 08:53:04', 'category': 'tech', 'sentiment': 0.64, 'keyword_mentioned': 'JavaScript', 'message_length': 38}
2025-09-27 08:54:29 | INFO | Calling MongoDB insert_message() with:
2025-09-27 08:54:29 | INFO | message={'message': 'I just found JavaScript! It was funny.', 'author': 'Alice', 'timestamp': '2025-09-27 08:53:04', 'category': 'tech', 'sentiment': 0.64, 'keyword_mentioned': 'JavaScript', 'message_length': 38}
2025-09-27 08:54:29 | INFO | MONGODB_URI: mongodb://localhost:27017/
2025-09-27 08:54:29 | INFO | MONGODB_DB: mongo_buzz_database
2025-09-27 08:54:29 | INFO | Inserted message with _id: 68d7ec95eb798aaf4196a3ad into collection: messages_tech
2025-09-27 08:54:29 | INFO | Called process_message() with:
2025-09-27 08:54:29 | INFO |    message={'message': 'I just tried game! It was exciting.', 'author': 'Charlie', 'timestamp': '2025-09-27 08:53:09', 'category': 'gaming', 'sentiment': 0.25, 'keyword_mentioned': 'game', 'message_length': 35}
2025-09-27 08:54:29 | INFO | Processed message: {'message': 'I just tried game! It was exciting.', 'author': 'Charlie', 'timestamp': '2025-09-27 08:53:09', 'category': 'gaming', 'sentiment': 0.25, 'keyword_mentioned': 'game', 'message_length': 35}
2025-09-27 08:54:29 | INFO | Calling MongoDB insert_message() with:
2025-09-27 08:54:29 | INFO | message={'message': 'I just tried game! It was exciting.', 'author': 'Charlie', 'timestamp': '2025-09-27 08:53:09', 'category': 'gaming', 'sentiment': 0.25, 'keyword_mentioned': 'game', 'message_length': 35}
2025-09-27 08:54:29 | INFO | MONGODB_URI: mongodb://localhost:27017/
2025-09-27 08:54:29 | INFO | MONGODB_DB: mongo_buzz_database
2025-09-27 08:54:29 | INFO | Inserted message with _id: 68d7ec95eb798aaf4196a3af into collection: messages_gaming
2025-09-27 08:54:29 | INFO | Called process_message() with:
2025-09-27 08:54:29 | INFO |    message={'message': 'I just shared a trick! It was amazing.', 'author': 'Eve', 'timestamp': '2025-09-27 08:53:14', 'category': 'other', 'sentiment': 0.71, 'keyword_mentioned': 'other', 'message_length': 38}
2025-09-27 08:54:29 | INFO | Processed message: {'message': 'I just shared a trick! It was amazing.', 'author': 'Eve', 'timestamp': '2025-09-27 08:53:14', 'category': 'other', 'sentiment': 0.71, 'keyword_mentioned': 'other', 'message_length': 38}
2025-09-27 08:54:29 | INFO | Calling MongoDB insert_message() with:
2025-09-27 08:54:29 | INFO | message={'message': 'I just shared a trick! It was amazing.', 'author': 'Eve', 'timestamp': '2025-09-27 08:53:14', 'category': 'other', 'sentiment': 0.71, 'keyword_mentioned': 'other', 'message_length': 38}
2025-09-27 08:54:29 | INFO | MONGODB_URI: mongodb://localhost:27017/
2025-09-27 08:54:29 | INFO | MONGODB_DB: mongo_buzz_database
2025-09-27 08:54:29 | INFO | Inserted message with _id: 68d7ec95eb798aaf4196a3b1 into collection: messages_other
2025-09-27 08:54:29 | INFO | Called process_message() with:
2025-09-27 08:54:29 | INFO |    message={'message': 'I just saw recipe! It was funny.', 'author': 'Alice', 'timestamp': '2025-09-27 08:53:19', 'category': 'food', 'sentiment': 0.29, 'keyword_mentioned': 'recipe', 'message_length': 32}
2025-09-27 08:54:29 | INFO | Processed message: {'message': 'I just saw recipe! It was funny.', 'author': 'Alice', 'timestamp': '2025-09-27 08:53:19', 'category': 'food', 'sentiment': 0.29, 'keyword_mentioned': 'recipe', 'message_length': 32}
2025-09-27 08:54:29 | INFO | Calling MongoDB insert_message() with:
2025-09-27 08:54:29 | INFO | message={'message': 'I just saw recipe! It was funny.', 'author': 'Alice', 'timestamp': '2025-09-27 08:53:19', 'category': 'food', 'sentiment': 0.29, 'keyword_mentioned': 'recipe', 'message_length': 32}
2025-09-27 08:54:29 | INFO | MONGODB_URI: mongodb://localhost:27017/
2025-09-27 08:54:29 | INFO | MONGODB_DB: mongo_buzz_database
2025-09-27 08:54:29 | INFO | Inserted message with _id: 68d7ec95eb798aaf4196a3b3 into collection: messages_food
2025-09-27 08:54:29 | INFO | Called process_message() with:
2025-09-27 08:54:29 | INFO |    message={'message': 'I just found a movie! It was amazing.', 'author': 'Bob', 'timestamp': '2025-09-27 08:53:24', 'category': 'entertainment', 'sentiment': 0.5, 'keyword_mentioned': 'movie', 'message_length': 37}
2025-09-27 08:54:29 | INFO | Processed message: {'message': 'I just found a movie! It was amazing.', 'author': 'Bob', 'timestamp': '2025-09-27 08:53:24', 'category': 'entertainment', 'sentiment': 0.5, 'keyword_mentioned': 'movie', 'message_length': 37}
2025-09-27 08:54:29 | INFO | Calling MongoDB insert_message() with:
2025-09-27 08:54:29 | INFO | message={'message': 'I just found a movie! It was amazing.', 'author': 'Bob', 'timestamp': '2025-09-27 08:53:24', 'category': 'entertainment', 'sentiment': 0.5, 'keyword_mentioned': 'movie', 'message_length': 37}
2025-09-27 08:54:29 | INFO | MONGODB_URI: mongodb://localhost:27017/
2025-09-27 08:54:29 | INFO | MONGODB_DB: mongo_buzz_database
2025-09-27 08:54:29 | INFO | Inserted message with _id: 68d7ec95eb798aaf4196a3b5 into collection: messages_entertainment
2025-09-27 08:54:29 | INFO | Called process_message() with:
2025-09-27 08:54:29 | INFO |    message={'message': 'I just saw recipe! It was boring.', 'author': 'Eve', 'timestamp': '2025-09-27 08:53:29', 'category': 'food', 'sentiment': 0.1, 'keyword_mentioned': 'recipe', 'message_length': 33}
2025-09-27 08:54:29 | INFO | Processed message: {'message': 'I just saw recipe! It was boring.', 'author': 'Eve', 'timestamp': '2025-09-27 08:53:29', 'category': 'food', 'sentiment': 0.1, 'keyword_mentioned': 'recipe', 'message_length': 33}
2025-09-27 08:54:29 | INFO | Calling MongoDB insert_message() with:
2025-09-27 08:54:29 | INFO | message={'message': 'I just saw recipe! It was boring.', 'author': 'Eve', 'timestamp': '2025-09-27 08:53:29', 'category': 'food', 'sentiment': 0.1, 'keyword_mentioned': 'recipe', 'message_length': 33}
2025-09-27 08:54:29 | INFO | MONGODB_URI: mongodb://localhost:27017/
2025-09-27 08:54:29 | INFO | MONGODB_DB: mongo_buzz_database
2025-09-27 08:54:29 | INFO | Inserted message with _id: 68d7ec95eb798aaf4196a3b7 into collection: messages_food
2025-09-27 08:54:29 | INFO | Called process_message() with:
2025-09-27 08:54:29 | INFO |    message={'message': 'I just tried travel! It was exciting.', 'author': 'Bob', 'timestamp': '2025-09-27 08:53:34', 'category': 'travel', 'sentiment': 0.79, 'keyword_mentioned': 'travel', 'message_length': 37}
2025-09-27 08:54:29 | INFO | Processed message: {'message': 'I just tried travel! It was exciting.', 'author': 'Bob', 'timestamp': '2025-09-27 08:53:34', 'category': 'travel', 'sentiment': 0.79, 'keyword_mentioned': 'travel', 'message_length': 37}
2025-09-27 08:54:29 | INFO | Calling MongoDB insert_message() with:
2025-09-27 08:54:29 | INFO | message={'message': 'I just tried travel! It was exciting.', 'author': 'Bob', 'timestamp': '2025-09-27 08:53:34', 'category': 'travel', 'sentiment': 0.79, 'keyword_mentioned': 'travel', 'message_length': 37}
2025-09-27 08:54:29 | INFO | MONGODB_URI: mongodb://localhost:27017/
2025-09-27 08:54:29 | INFO | MONGODB_DB: mongo_buzz_database
2025-09-27 08:54:29 | INFO | Inserted message with _id: 68d7ec95eb798aaf4196a3b9 into collection: messages_travel
2025-09-27 08:54:29 | INFO | Called process_message() with:
2025-09-27 08:54:29 | INFO |    message={'message': 'I just saw a movie! It was weird.', 'author': 'Bob', 'timestamp': '2025-09-27 08:53:39', 'category': 'entertainment', 'sentiment': 0.76, 'keyword_mentioned': 'movie', 'message_length': 33}
2025-09-27 08:54:29 | INFO | Processed message: {'message': 'I just saw a movie! It was weird.', 'author': 'Bob', 'timestamp': '2025-09-27 08:53:39', 'category': 'entertainment', 'sentiment': 0.76, 'keyword_mentioned': 'movie', 'message_length': 33}
2025-09-27 08:54:29 | INFO | Calling MongoDB insert_message() with:
2025-09-27 08:54:29 | INFO | message={'message': 'I just saw a movie! It was weird.', 'author': 'Bob', 'timestamp': '2025-09-27 08:53:39', 'category': 'entertainment', 'sentiment': 0.76, 'keyword_mentioned': 'movie', 'message_length': 33}
2025-09-27 08:54:29 | INFO | MONGODB_URI: mongodb://localhost:27017/
2025-09-27 08:54:29 | INFO | MONGODB_DB: mongo_buzz_database
2025-09-27 08:54:29 | INFO | Inserted message with _id: 68d7ec95eb798aaf4196a3bb into collection: messages_entertainment
2025-09-27 08:54:29 | INFO | Called process_message() with:
2025-09-27 08:54:29 | INFO |    message={'message': 'I just tried a trick! It was weird.', 'author': 'Charlie', 'timestamp': '2025-09-27 08:53:44', 'category': 'other', 'sentiment': 0.98, 'keyword_mentioned': 'other', 'message_length': 35}
2025-09-27 08:54:29 | INFO | Processed message: {'message': 'I just tried a trick! It was weird.', 'author': 'Charlie', 'timestamp': '2025-09-27 08:53:44', 'category': 'other', 'sentiment': 0.98, 'keyword_mentioned': 'other', 'message_length': 35}
2025-09-27 08:54:29 | INFO | Calling MongoDB insert_message() with:
2025-09-27 08:54:29 | INFO | message={'message': 'I just tried a trick! It was weird.', 'author': 'Charlie', 'timestamp': '2025-09-27 08:53:44', 'category': 'other', 'sentiment': 0.98, 'keyword_mentioned': 'other', 'message_length': 35}
2025-09-27 08:54:29 | INFO | MONGODB_URI: mongodb://localhost:27017/
2025-09-27 08:54:29 | INFO | MONGODB_DB: mongo_buzz_database
2025-09-27 08:54:29 | INFO | Inserted message with _id: 68d7ec95eb798aaf4196a3bd into collection: messages_other
2025-09-27 08:54:29 | INFO | Called process_message() with:
2025-09-27 08:54:29 | INFO |    message={'message': 'I just found recipe! It was amazing.', 'author': 'Bob', 'timestamp': '2025-09-27 08:53:49', 'category': 'food', 'sentiment': 0.43, 'keyword_mentioned': 'recipe', 'message_length': 36}
2025-09-27 08:54:29 | INFO | Processed message: {'message': 'I just found recipe! It was amazing.', 'author': 'Bob', 'timestamp': '2025-09-27 08:53:49', 'category': 'food', 'sentiment': 0.43, 'keyword_mentioned': 'recipe', 'message_length': 36}
2025-09-27 08:54:29 | INFO | Calling MongoDB insert_message() with:
2025-09-27 08:54:29 | INFO | message={'message': 'I just found recipe! It was amazing.', 'author': 'Bob', 'timestamp': '2025-09-27 08:53:49', 'category': 'food', 'sentiment': 0.43, 'keyword_mentioned': 'recipe', 'message_length': 36}
2025-09-27 08:54:29 | INFO | MONGODB_URI: mongodb://localhost:27017/
2025-09-27 08:54:30 | INFO | MONGODB_DB: mongo_buzz_database
2025-09-27 08:54:30 | INFO | Inserted message with _id: 68d7ec96eb798aaf4196a3bf into collection: messages_food
2025-09-27 08:54:30 | INFO | Called process_message() with:
2025-09-27 08:54:30 | INFO |    message={'message': 'I just loved Python! It was boring.', 'author': 'Bob', 'timestamp': '2025-09-27 08:53:54', 'category': 'tech', 'sentiment': 0.01, 'keyword_mentioned': 'Python', 'message_length': 35}
2025-09-27 08:54:30 | INFO | Processed message: {'message': 'I just loved Python! It was boring.', 'author': 'Bob', 'timestamp': '2025-09-27 08:53:54', 'category': 'tech', 'sentiment': 0.01, 'keyword_mentioned': 'Python', 'message_length': 35}
2025-09-27 08:54:30 | INFO | Calling MongoDB insert_message() with:
2025-09-27 08:54:30 | INFO | message={'message': 'I just loved Python! It was boring.', 'author': 'Bob', 'timestamp': '2025-09-27 08:53:54', 'category': 'tech', 'sentiment': 0.01, 'keyword_mentioned': 'Python', 'message_length': 35}
2025-09-27 08:54:30 | INFO | MONGODB_URI: mongodb://localhost:27017/
2025-09-27 08:54:30 | INFO | MONGODB_DB: mongo_buzz_database
2025-09-27 08:54:30 | INFO | Inserted message with _id: 68d7ec96eb798aaf4196a3c1 into collection: messages_tech
2025-09-27 08:54:30 | INFO | Called process_message() with:
2025-09-27 08:54:30 | INFO |    message={'message': 'I just loved an app! It was exciting.', 'author': 'Charlie', 'timestamp': '2025-09-27 08:53:59', 'category': 'other', 'sentiment': 0.63, 'keyword_mentioned': 'other', 'message_length': 37}
2025-09-27 08:54:30 | INFO | Processed message: {'message': 'I just loved an app! It was exciting.', 'author': 'Charlie', 'timestamp': '2025-09-27 08:53:59', 'category': 'other', 'sentiment': 0.63, 'keyword_mentioned': 'other', 'message_length': 37}
2025-09-27 08:54:30 | INFO | Calling MongoDB insert_message() with:
2025-09-27 08:54:30 | INFO | message={'message': 'I just loved an app! It was exciting.', 'author': 'Charlie', 'timestamp': '2025-09-27 08:53:59', 'category': 'other', 'sentiment': 0.63, 'keyword_mentioned': 'other', 'message_length': 37}
2025-09-27 08:54:30 | INFO | MONGODB_URI: mongodb://localhost:27017/
2025-09-27 08:54:30 | INFO | MONGODB_DB: mongo_buzz_database
2025-09-27 08:54:30 | INFO | Inserted message with _id: 68d7ec96eb798aaf4196a3c3 into collection: messages_other
2025-09-27 08:54:30 | INFO | Called process_message() with:
2025-09-27 08:54:30 | INFO |    message={'message': 'I just shared a meme! It was boring.', 'author': 'Charlie', 'timestamp': '2025-09-27 08:54:04', 'category': 'humor', 'sentiment': 0.33, 'keyword_mentioned': 'meme', 'message_length': 36}
2025-09-27 08:54:30 | INFO | Processed message: {'message': 'I just shared a meme! It was boring.', 'author': 'Charlie', 'timestamp': '2025-09-27 08:54:04', 'category': 'humor', 'sentiment': 0.33, 'keyword_mentioned': 'meme', 'message_length': 36}
2025-09-27 08:54:30 | INFO | Calling MongoDB insert_message() with:
2025-09-27 08:54:30 | INFO | message={'message': 'I just shared a meme! It was boring.', 'author': 'Charlie', 'timestamp': '2025-09-27 08:54:04', 'category': 'humor', 'sentiment': 0.33, 'keyword_mentioned': 'meme', 'message_length': 36}
2025-09-27 08:54:30 | INFO | MONGODB_URI: mongodb://localhost:27017/
2025-09-27 08:54:30 | INFO | MONGODB_DB: mongo_buzz_database
2025-09-27 08:54:30 | INFO | Inserted message with _id: 68d7ec96eb798aaf4196a3c5 into collection: messages_humor
2025-09-27 08:54:30 | INFO | Called process_message() with:
2025-09-27 08:54:30 | INFO |    message={'message': 'I just saw a trick! It was weird.', 'author': 'Alice', 'timestamp': '2025-09-27 08:54:09', 'category': 'other', 'sentiment': 0.47, 'keyword_mentioned': 'other', 'message_length': 33}
2025-09-27 08:54:30 | INFO | Processed message: {'message': 'I just saw a trick! It was weird.', 'author': 'Alice', 'timestamp': '2025-09-27 08:54:09', 'category': 'other', 'sentiment': 0.47, 'keyword_mentioned': 'other', 'message_length': 33}
2025-09-27 08:54:30 | INFO | Calling MongoDB insert_message() with:
2025-09-27 08:54:30 | INFO | message={'message': 'I just saw a trick! It was weird.', 'author': 'Alice', 'timestamp': '2025-09-27 08:54:09', 'category': 'other', 'sentiment': 0.47, 'keyword_mentioned': 'other', 'message_length': 33}
2025-09-27 08:54:30 | INFO | MONGODB_URI: mongodb://localhost:27017/
2025-09-27 08:54:30 | INFO | MONGODB_DB: mongo_buzz_database
2025-09-27 08:54:30 | INFO | Inserted message with _id: 68d7ec96eb798aaf4196a3c7 into collection: messages_other
2025-09-27 08:54:30 | INFO | Called process_message() with:
2025-09-27 08:54:30 | INFO |    message={'message': 'I just found travel! It was exciting.', 'author': 'Alice', 'timestamp': '2025-09-27 08:54:14', 'category': 'travel', 'sentiment': 0.4, 'keyword_mentioned': 'travel', 'message_length': 37}
2025-09-27 08:54:30 | INFO | Processed message: {'message': 'I just found travel! It was exciting.', 'author': 'Alice', 'timestamp': '2025-09-27 08:54:14', 'category': 'travel', 'sentiment': 0.4, 'keyword_mentioned': 'travel', 'message_length': 37}
2025-09-27 08:54:30 | INFO | Calling MongoDB insert_message() with:
2025-09-27 08:54:30 | INFO | message={'message': 'I just found travel! It was exciting.', 'author': 'Alice', 'timestamp': '2025-09-27 08:54:14', 'category': 'travel', 'sentiment': 0.4, 'keyword_mentioned': 'travel', 'message_length': 37}
2025-09-27 08:54:30 | INFO | MONGODB_URI: mongodb://localhost:27017/
2025-09-27 08:54:30 | INFO | MONGODB_DB: mongo_buzz_database
2025-09-27 08:54:30 | INFO | Inserted message with _id: 68d7ec96eb798aaf4196a3c9 into collection: messages_travel
2025-09-27 08:54:30 | INFO | Called process_message() with:
2025-09-27 08:54:30 | INFO |    message={'message': 'I just shared JavaScript! It was exciting.', 'author': 'Alice', 'timestamp': '2025-09-27 08:54:19', 'category': 'tech', 'sentiment': 0.47, 'keyword_mentioned': 'JavaScript', 'message_length': 42}
2025-09-27 08:54:30 | INFO | Processed message: {'message': 'I just shared JavaScript! It was exciting.', 'author': 'Alice', 'timestamp': '2025-09-27 08:54:19', 'category': 'tech', 'sentiment': 0.47, 'keyword_mentioned': 'JavaScript', 'message_length': 42}
2025-09-27 08:54:30 | INFO | Calling MongoDB insert_message() with:
2025-09-27 08:54:30 | INFO | message={'message': 'I just shared JavaScript! It was exciting.', 'author': 'Alice', 'timestamp': '2025-09-27 08:54:19', 'category': 'tech', 'sentiment': 0.47, 'keyword_mentioned': 'JavaScript', 'message_length': 42}
2025-09-27 08:54:30 | INFO | MONGODB_URI: mongodb://localhost:27017/
2025-09-27 08:54:30 | INFO | MONGODB_DB: mongo_buzz_database
2025-09-27 08:54:30 | INFO | Inserted message with _id: 68d7ec96eb798aaf4196a3cb into collection: messages_tech
2025-09-27 08:54:30 | INFO | Called process_message() with:
2025-09-27 08:54:30 | INFO |    message={'message': 'I just loved a movie! It was funny.', 'author': 'Alice', 'timestamp': '2025-09-27 08:54:24', 'category': 'entertainment', 'sentiment': 0.6, 'keyword_mentioned': 'movie', 'message_length': 35}
2025-09-27 08:54:30 | INFO | Processed message: {'message': 'I just loved a movie! It was funny.', 'author': 'Alice', 'timestamp': '2025-09-27 08:54:24', 'category': 'entertainment', 'sentiment': 0.6, 'keyword_mentioned': 'movie', 'message_length': 35}
2025-09-27 08:54:30 | INFO | Calling MongoDB insert_message() with:
2025-09-27 08:54:30 | INFO | message={'message': 'I just loved a movie! It was funny.', 'author': 'Alice', 'timestamp': '2025-09-27 08:54:24', 'category': 'entertainment', 'sentiment': 0.6, 'keyword_mentioned': 'movie', 'message_length': 35}
2025-09-27 08:54:30 | INFO | MONGODB_URI: mongodb://localhost:27017/
2025-09-27 08:54:30 | INFO | MONGODB_DB: mongo_buzz_database
2025-09-27 08:54:30 | INFO | Inserted message with _id: 68d7ec96eb798aaf4196a3cd into collection: messages_entertainment
2025-09-27 08:54:30 | INFO | Called process_message() with:
2025-09-27 08:54:30 | INFO |    message={'message': 'I just found JavaScript! It was funny.', 'author': 'Eve', 'timestamp': '2025-09-27 08:54:29', 'category': 'tech', 'sentiment': 0.3, 'keyword_mentioned': 'JavaScript', 'message_length': 38}
2025-09-27 08:54:30 | INFO | Processed message: {'message': 'I just found JavaScript! It was funny.', 'author': 'Eve', 'timestamp': '2025-09-27 08:54:29', 'category': 'tech', 'sentiment': 0.3, 'keyword_mentioned': 'JavaScript', 'message_length': 38}
2025-09-27 08:54:30 | INFO | Calling MongoDB insert_message() with:
2025-09-27 08:54:30 | INFO | message={'message': 'I just found JavaScript! It was funny.', 'author': 'Eve', 'timestamp': '2025-09-27 08:54:29', 'category': 'tech', 'sentiment': 0.3, 'keyword_mentioned': 'JavaScript', 'message_length': 38}
2025-09-27 08:54:30 | INFO | MONGODB_URI: mongodb://localhost:27017/
2025-09-27 08:54:30 | INFO | MONGODB_DB: mongo_buzz_database
2025-09-27 08:54:30 | INFO | Inserted message with _id: 68d7ec96eb798aaf4196a3cf into collection: messages_tech
2025-09-27 08:54:34 | INFO | Called process_message() with:
2025-09-27 08:54:34 | INFO |    message={'message': 'I just loved game! It was amazing.', 'author': 'Alice', 'timestamp': '2025-09-27 08:54:34', 'category': 'gaming', 'sentiment': 0.26, 'keyword_mentioned': 'game', 'message_length': 34}
2025-09-27 08:54:34 | INFO | Processed message: {'message': 'I just loved game! It was amazing.', 'author': 'Alice', 'timestamp': '2025-09-27 08:54:34', 'category': 'gaming', 'sentiment': 0.26, 'keyword_mentioned': 'game', 'message_length': 34}
2025-09-27 08:54:34 | INFO | Calling MongoDB insert_message() with:
2025-09-27 08:54:34 | INFO | message={'message': 'I just loved game! It was amazing.', 'author': 'Alice', 'timestamp': '2025-09-27 08:54:34', 'category': 'gaming', 'sentiment': 0.26, 'keyword_mentioned': 'game', 'message_length': 34}
2025-09-27 08:54:34 | INFO | MONGODB_URI: mongodb://localhost:27017/
2025-09-27 08:54:34 | INFO | MONGODB_DB: mongo_buzz_database
2025-09-27 08:54:34 | INFO | Inserted message with _id: 68d7ec9aeb798aaf4196a3d1 into collection: messages_gaming
2025-09-27 08:54:39 | INFO | Called process_message() with:
2025-09-27 08:54:39 | INFO |    message={'message': 'I just shared travel! It was exciting.', 'author': 'Bob', 'timestamp': '2025-09-27 08:54:39', 'category': 'travel', 'sentiment': 0.9, 'keyword_mentioned': 'travel', 'message_length': 38}
2025-09-27 08:54:39 | INFO | Processed message: {'message': 'I just shared travel! It was exciting.', 'author': 'Bob', 'timestamp': '2025-09-27 08:54:39', 'category': 'travel', 'sentiment': 0.9, 'keyword_mentioned': 'travel', 'message_length': 38}
2025-09-27 08:54:39 | INFO | Calling MongoDB insert_message() with:
2025-09-27 08:54:39 | INFO | message={'message': 'I just shared travel! It was exciting.', 'author': 'Bob', 'timestamp': '2025-09-27 08:54:39', 'category': 'travel', 'sentiment': 0.9, 'keyword_mentioned': 'travel', 'message_length': 38}
2025-09-27 08:54:39 | INFO | MONGODB_URI: mongodb://localhost:27017/
2025-09-27 08:54:39 | INFO | MONGODB_DB: mongo_buzz_database
2025-09-27 08:54:39 | INFO | Inserted message with _id: 68d7ec9feb798aaf4196a3d3 into collection: messages_travel
2025-09-27 08:54:44 | INFO | Called process_message() with:
2025-09-27 08:54:44 | INFO |    message={'message': 'I just found a movie! It was boring.', 'author': 'Charlie', 'timestamp': '2025-09-27 08:54:44', 'category': 'entertainment', 'sentiment': 0.25, 'keyword_mentioned': 'movie', 'message_length': 36}
2025-09-27 08:54:44 | INFO | Processed message: {'message': 'I just found a movie! It was boring.', 'author': 'Charlie', 'timestamp': '2025-09-27 08:54:44', 'category': 'entertainment', 'sentiment': 0.25, 'keyword_mentioned': 'movie', 'message_length': 36}
2025-09-27 08:54:44 | INFO | Calling MongoDB insert_message() with:
2025-09-27 08:54:44 | INFO | message={'message': 'I just found a movie! It was boring.', 'author': 'Charlie', 'timestamp': '2025-09-27 08:54:44', 'category': 'entertainment', 'sentiment': 0.25, 'keyword_mentioned': 'movie', 'message_length': 36}
2025-09-27 08:54:44 | INFO | MONGODB_URI: mongodb://localhost:27017/
2025-09-27 08:54:44 | INFO | MONGODB_DB: mongo_buzz_database
2025-09-27 08:54:44 | INFO | Inserted message with _id: 68d7eca4eb798aaf4196a3d5 into collection: messages_entertainment
2025-09-27 08:54:49 | INFO | Called process_message() with:
2025-09-27 08:54:49 | INFO |    message={'message': 'I just loved a meme! It was amazing.', 'author': 'Charlie', 'timestamp': '2025-09-27 08:54:49', 'category': 'humor', 'sentiment': 0.84, 'keyword_mentioned': 'meme', 'message_length': 36}
2025-09-27 08:54:49 | INFO | Processed message: {'message': 'I just loved a meme! It was amazing.', 'author': 'Charlie', 'timestamp': '2025-09-27 08:54:49', 'category': 'humor', 'sentiment': 0.84, 'keyword_mentioned': 'meme', 'message_length': 36}
2025-09-27 08:54:49 | INFO | Calling MongoDB insert_message() with:
2025-09-27 08:54:49 | INFO | message={'message': 'I just loved a meme! It was amazing.', 'author': 'Charlie', 'timestamp': '2025-09-27 08:54:49', 'category': 'humor', 'sentiment': 0.84, 'keyword_mentioned': 'meme', 'message_length': 36}
2025-09-27 08:54:49 | INFO | MONGODB_URI: mongodb://localhost:27017/
2025-09-27 08:54:49 | INFO | MONGODB_DB: mongo_buzz_database
2025-09-27 08:54:49 | INFO | Inserted message with _id: 68d7eca9eb798aaf4196a3d7 into collection: messages_humor
2025-09-27 08:54:59 | INFO | Called process_message() with:
2025-09-27 08:54:59 | INFO |    message={'message': 'I just loved a meme! It was exciting.', 'author': 'Bob', 'timestamp': '2025-09-27 08:54:54', 'category': 'humor', 'sentiment': 0.31, 'keyword_mentioned': 'meme', 'message_length': 37}
2025-09-27 08:54:59 | INFO | Processed message: {'message': 'I just loved a meme! It was exciting.', 'author': 'Bob', 'timestamp': '2025-09-27 08:54:54', 'category': 'humor', 'sentiment': 0.31, 'keyword_mentioned': 'meme', 'message_length': 37}
2025-09-27 08:54:59 | INFO | Calling MongoDB insert_message() with:
2025-09-27 08:54:59 | INFO | message={'message': 'I just loved a meme! It was exciting.', 'author': 'Bob', 'timestamp': '2025-09-27 08:54:54', 'category': 'humor', 'sentiment': 0.31, 'keyword_mentioned': 'meme', 'message_length': 37}
2025-09-27 08:54:59 | INFO | MONGODB_URI: mongodb://localhost:27017/
2025-09-27 08:54:59 | INFO | MONGODB_DB: mongo_buzz_database
2025-09-27 08:54:59 | INFO | Inserted message with _id: 68d7ecb3eb798aaf4196a3d9 into collection: messages_humor
2025-09-27 08:55:02 | WARNING | Consumer interrupted by user.
2025-09-27 08:55:02 | INFO | Consumer shutting down.
