2025-09-25 19:42:13 | INFO | Processed message: {'message': 'I just shared a trick! It was weird.', 'author': 'Eve', 'timestamp': '2025-09-25 19:42:13', 'category': 'other', 'sentiment': 0.14, 'keyword_mentioned': 'other', 'message_length': 36}
2025-09-25 19:42:13 | INFO | Calling SQLite insert_message() with:
2025-09-25 19:42:13 | INFO | message={'message': 'I just shared a trick! It was weird.', 'author': 'Eve', 'timestamp': '2025-09-25 19:42:13', 'category': 'other', 'sentiment': 0.14, 'keyword_mentioned': 'other', 'message_length': 36}
2025-09-25 19:42:13 | INFO | db_path=PosixPath('PROJECT_ROOT/data/buzz.sqlite')
2025-09-25 19:42:13 | INFO | Inserted one message into table: messages_other
2025-09-25 19:42:18 | INFO | Called process_message() with:
2025-09-25 19:42:18 | INFO |    message={'message': 'I just shared a meme! It was amazing.', 'author': 'Charlie', 'timestamp': '2025-09-25 19:42:18', 'category': 'humor', 'sentiment': 0.81, 'keyword_mentioned': 'meme', 'message_length': 37}
2025-09-25 19:42:18 | INFO | Processed message: {'message': 'I just shared a meme! It was amazing.', 'author': 'Charlie', 'timestamp': '2025-09-25 19:42:18', 'category': 'humor', 'sentiment': 0.81, 'keyword_mentioned': 'meme', 'message_length': 37}
2025-09-25 19:42:18 | INFO | Calling SQLite insert_message() with:
2025-09-25 19:42:18 | INFO | message={'message': 'I just shared a meme! It was amazing.', 'author': 'Charlie', 'timestamp': '2025-09-25 19:42:18', 'category': 'humor', 'sentiment': 0.81, 'keyword_mentioned': 'meme', 'message_length': 37}
2025-09-25 19:42:18 | INFO | db_path=PosixPath('PROJECT_ROOT/data/buzz.sqlite')
2025-09-25 19:42:19 | INFO | Inserted one message into table: messages_humor
2025-09-25 19:42:23 | INFO | Called process_message() with:
2025-09-25 19:42:23 | INFO |    message={'message': 'I just loved travel! It was exciting.', 'author': 'Alice', 'timestamp': '2025-09-25 19:42:23', 'category': 'travel', 'sentiment': 0.19, 'keyword_mentioned': 'travel', 'message_length': 37}
2025-09-25 19:42:23 | INFO | Processed message: {'message': 'I just loved travel! It was exciting.', 'author': 'Alice', 'timestamp': '2025-09-25 19:42:23', 'category': 'travel', 'sentiment': 0.19, 'keyword_mentioned': 'travel', 'message_length': 37}
2025-09-25 19:42:23 | INFO | Calling SQLite insert_message() with:
2025-09-25 19:42:23 | INFO | message={'message': 'I just loved travel! It was exciting.', 'author': 'Alice', 'timestamp': '2025-09-25 19:42:23', 'category': 'travel', 'sentiment': 0.19, 'keyword_mentioned': 'travel', 'message_length': 37}
2025-09-25 19:42:23 | INFO | db_path=PosixPath('PROJECT_ROOT/data/buzz.sqlite')
2025-09-25 19:42:23 | INFO | Inserted one message into table: messages_travel
2025-09-25 19:42:28 | INFO | Called process_message() with:
2025-09-25 19:42:28 | INFO |    message={'message': 'I just shared a trick! It was boring.', 'author': 'Eve', 'timestamp': '2025-09-25 19:42:28', 'category': 'other', 'sentiment': 0.65, 'keyword_mentioned': 'other', 'message_length': 37}
2025-09-25 19:42:28 | INFO | Processed message: {'message': 'I just shared a trick! It was boring.', 'author': 'Eve', 'timestamp': '2025-09-25 19:42:28', 'category': 'other', 'sentiment': 0.65, 'keyword_mentioned': 'other', 'message_length': 37}
2025-09-25 19:42:28 | INFO | Calling SQLite insert_message() with:
2025-09-25 19:42:28 | INFO | message={'message': 'I just shared a trick! It was boring.', 'author': 'Eve', 'timestamp': '2025-09-25 19:42:28', 'category': 'other', 'sentiment': 0.65, 'keyword_mentioned': 'other', 'message_length': 37}
2025-09-25 19:42:28 | INFO | db_path=PosixPath('PROJECT_ROOT/data/buzz.sqlite')
2025-09-25 19:42:28 | INFO | Inserted one message into table: messages_other
2025-09-25 19:42:33 | INFO | Called process_message() with:
2025-09-25 19:42:33 | INFO |    message={'message': 'I just tried a story! It was amazing.', 'author': 'Charlie', 'timestamp': '2025-09-25 19:42:33', 'category': 'other', 'sentiment': 0.46, 'keyword_mentioned': 'other', 'message_length': 37}
2025-09-25 19:42:33 | INFO | Processed message: {'message': 'I just tried a story! It was amazing.', 'author': 'Charlie', 'timestamp': '2025-09-25 19:42:33', 'category': 'other', 'sentiment': 0.46, 'keyword_mentioned': 'other', 'message_length': 37}
2025-09-25 19:42:33 | INFO | Calling SQLite insert_message() with:
2025-09-25 19:42:33 | INFO | message={'message': 'I just tried a story! It was amazing.', 'author': 'Charlie', 'timestamp': '2025-09-25 19:42:33', 'category': 'other', 'sentiment': 0.46, 'keyword_mentioned': 'other', 'message_length': 37}
2025-09-25 19:42:33 | INFO | db_path=PosixPath('PROJECT_ROOT/data/buzz.sqlite')
2025-09-25 19:42:34 | INFO | Inserted one message into table: messages_other
2025-09-25 19:42:39 | INFO | Called process_message() with:
2025-09-25 19:42:39 | INFO |    message={'message': 'I just shared Python! It was weird.', 'author': 'Charlie', 'timestamp': '2025-09-25 19:42:39', 'category': 'tech', 'sentiment': 0.71, 'keyword_mentioned': 'Python', 'message_length': 35}
2025-09-25 19:42:39 | INFO | Processed message: {'message': 'I just shared Python! It was weird.', 'author': 'Charlie', 'timestamp': '2025-09-25 19:42:39', 'category': 'tech', 'sentiment': 0.71, 'keyword_mentioned': 'Python', 'message_length': 35}
2025-09-25 19:42:39 | INFO | Calling SQLite insert_message() with:
2025-09-25 19:42:39 | INFO | message={'message': 'I just shared Python! It was weird.', 'author': 'Charlie', 'timestamp': '2025-09-25 19:42:39', 'category': 'tech', 'sentiment': 0.71, 'keyword_mentioned': 'Python', 'message_length': 35}
2025-09-25 19:42:39 | INFO | db_path=PosixPath('PROJECT_ROOT/data/buzz.sqlite')
2025-09-25 19:42:39 | INFO | Inserted one message into table: messages_tech
2025-09-25 19:42:44 | INFO | Called process_message() with:
2025-09-25 19:42:44 | INFO |    message={'message': 'I just loved a trick! It was boring.', 'author': 'Eve', 'timestamp': '2025-09-25 19:42:44', 'category': 'other', 'sentiment': 0.23, 'keyword_mentioned': 'other', 'message_length': 36}
2025-09-25 19:42:44 | INFO | Processed message: {'message': 'I just loved a trick! It was boring.', 'author': 'Eve', 'timestamp': '2025-09-25 19:42:44', 'category': 'other', 'sentiment': 0.23, 'keyword_mentioned': 'other', 'message_length': 36}
2025-09-25 19:42:44 | INFO | Calling SQLite insert_message() with:
2025-09-25 19:42:44 | INFO | message={'message': 'I just loved a trick! It was boring.', 'author': 'Eve', 'timestamp': '2025-09-25 19:42:44', 'category': 'other', 'sentiment': 0.23, 'keyword_mentioned': 'other', 'message_length': 36}
2025-09-25 19:42:44 | INFO | db_path=PosixPath('PROJECT_ROOT/data/buzz.sqlite')
2025-09-25 19:42:44 | INFO | Inserted one message into table: messages_other
2025-09-25 19:42:49 | INFO | Called process_message() with:
2025-09-25 19:42:49 | INFO |    message={'message': 'I just found Python! It was funny.', 'author': 'Charlie', 'timestamp': '2025-09-25 19:42:49', 'category': 'tech', 'sentiment': 0.32, 'keyword_mentioned': 'Python', 'message_length': 34}
2025-09-25 19:42:49 | INFO | Processed message: {'message': 'I just found Python! It was funny.', 'author': 'Charlie', 'timestamp': '2025-09-25 19:42:49', 'category': 'tech', 'sentiment': 0.32, 'keyword_mentioned': 'Python', 'message_length': 34}
2025-09-25 19:42:49 | INFO | Calling SQLite insert_message() with:
2025-09-25 19:42:49 | INFO | message={'message': 'I just found Python! It was funny.', 'author': 'Charlie', 'timestamp': '2025-09-25 19:42:49', 'category': 'tech', 'sentiment': 0.32, 'keyword_mentioned': 'Python', 'message_length': 34}
2025-09-25 19:42:49 | INFO | db_path=PosixPath('PROJECT_ROOT/data/buzz.sqlite')
2025-09-25 19:42:49 | INFO | Inserted one message into table: messages_tech
2025-09-25 19:42:54 | INFO | Called process_message() with:
2025-09-25 19:42:54 | INFO |    message={'message': 'I just saw a story! It was amazing.', 'author': 'Alice', 'timestamp': '2025-09-25 19:42:54', 'category': 'other', 'sentiment': 0.26, 'keyword_mentioned': 'other', 'message_length': 35}
2025-09-25 19:42:54 | INFO | Processed message: {'message': 'I just saw a story! It was amazing.', 'author': 'Alice', 'timestamp': '2025-09-25 19:42:54', 'category': 'other', 'sentiment': 0.26, 'keyword_mentioned': 'other', 'message_length': 35}
2025-09-25 19:42:54 | INFO | Calling SQLite insert_message() with:
2025-09-25 19:42:54 | INFO | message={'message': 'I just saw a story! It was amazing.', 'author': 'Alice', 'timestamp': '2025-09-25 19:42:54', 'category': 'other', 'sentiment': 0.26, 'keyword_mentioned': 'other', 'message_length': 35}
2025-09-25 19:42:54 | INFO | db_path=PosixPath('PROJECT_ROOT/data/buzz.sqlite')
2025-09-25 19:42:54 | INFO | Inserted one message into table: messages_other
2025-09-25 19:42:59 | INFO | Called process_message() with:
2025-09-25 19:42:59 | INFO |    message={'message': 'I just saw JavaScript! It was amazing.', 'author': 'Charlie', 'timestamp': '2025-09-25 19:42:59', 'category': 'tech', 'sentiment': 0.15, 'keyword_mentioned': 'JavaScript', 'message_length': 38}
2025-09-25 19:42:59 | INFO | Processed message: {'message': 'I just saw JavaScript! It was amazing.', 'author': 'Charlie', 'timestamp': '2025-09-25 19:42:59', 'category': 'tech', 'sentiment': 0.15, 'keyword_mentioned': 'JavaScript', 'message_length': 38}
2025-09-25 19:42:59 | INFO | Calling SQLite insert_message() with:
2025-09-25 19:42:59 | INFO | message={'message': 'I just saw JavaScript! It was amazing.', 'author': 'Charlie', 'timestamp': '2025-09-25 19:42:59', 'category': 'tech', 'sentiment': 0.15, 'keyword_mentioned': 'JavaScript', 'message_length': 38}
2025-09-25 19:42:59 | INFO | db_path=PosixPath('PROJECT_ROOT/data/buzz.sqlite')
2025-09-25 19:43:00 | INFO | Inserted one message into table: messages_tech
2025-09-25 19:43:04 | INFO | Called process_message() with:
2025-09-25 19:43:04 | INFO |    message={'message': 'I just saw a movie! It was exciting.', 'author': 'Alice', 'timestamp': '2025-09-25 19:43:04', 'category': 'entertainment', 'sentiment': 0.09, 'keyword_mentioned': 'movie', 'message_length': 36}
2025-09-25 19:43:04 | INFO | Processed message: {'message': 'I just saw a movie! It was exciting.', 'author': 'Alice', 'timestamp': '2025-09-25 19:43:04', 'category': 'entertainment', 'sentiment': 0.09, 'keyword_mentioned': 'movie', 'message_length': 36}
2025-09-25 19:43:04 | INFO | Calling SQLite insert_message() with:
2025-09-25 19:43:04 | INFO | message={'message': 'I just saw a movie! It was exciting.', 'author': 'Alice', 'timestamp': '2025-09-25 19:43:04', 'category': 'entertainment', 'sentiment': 0.09, 'keyword_mentioned': 'movie', 'message_length': 36}
2025-09-25 19:43:04 | INFO | db_path=PosixPath('PROJECT_ROOT/data/buzz.sqlite')
2025-09-25 19:43:05 | INFO | Inserted one message into table: messages_entertainment
2025-09-25 19:43:09 | INFO | Called process_message() with:
2025-09-25 19:43:09 | INFO |    message={'message': 'I just shared Python! It was funny.', 'author': 'Alice', 'timestamp': '2025-09-25 19:43:09', 'category': 'tech', 'sentiment': 0.68, 'keyword_mentioned': 'Python', 'message_length': 35}
2025-09-25 19:43:09 | INFO | Processed message: {'message': 'I just shared Python! It was funny.', 'author': 'Alice', 'timestamp': '2025-09-25 19:43:09', 'category': 'tech', 'sentiment': 0.68, 'keyword_mentioned': 'Python', 'message_length': 35}
2025-09-25 19:43:09 | INFO | Calling SQLite insert_message() with:
2025-09-25 19:43:09 | INFO | message={'message': 'I just shared Python! It was funny.', 'author': 'Alice', 'timestamp': '2025-09-25 19:43:09', 'category': 'tech', 'sentiment': 0.68, 'keyword_mentioned': 'Python', 'message_length': 35}
2025-09-25 19:43:09 | INFO | db_path=PosixPath('PROJECT_ROOT/data/buzz.sqlite')
2025-09-25 19:43:11 | INFO | Inserted one message into table: messages_tech
2025-09-25 19:43:15 | INFO | Called process_message() with:
2025-09-25 19:43:15 | INFO |    message={'message': 'I just tried JavaScript! It was weird.', 'author': 'Charlie', 'timestamp': '2025-09-25 19:43:15', 'category': 'tech', 'sentiment': 0.35, 'keyword_mentioned': 'JavaScript', 'message_length': 38}
2025-09-25 19:43:15 | INFO | Processed message: {'message': 'I just tried JavaScript! It was weird.', 'author': 'Charlie', 'timestamp': '2025-09-25 19:43:15', 'category': 'tech', 'sentiment': 0.35, 'keyword_mentioned': 'JavaScript', 'message_length': 38}
2025-09-25 19:43:15 | INFO | Calling SQLite insert_message() with:
2025-09-25 19:43:15 | INFO | message={'message': 'I just tried JavaScript! It was weird.', 'author': 'Charlie', 'timestamp': '2025-09-25 19:43:15', 'category': 'tech', 'sentiment': 0.35, 'keyword_mentioned': 'JavaScript', 'message_length': 38}
2025-09-25 19:43:15 | INFO | db_path=PosixPath('PROJECT_ROOT/data/buzz.sqlite')
2025-09-25 19:43:16 | INFO | Inserted one message into table: messages_tech
2025-09-25 19:43:20 | INFO | Called process_message() with:
2025-09-25 19:43:20 | INFO |    message={'message': 'I just saw a story! It was exciting.', 'author': 'Bob', 'timestamp': '2025-09-25 19:43:20', 'category': 'other', 'sentiment': 0.01, 'keyword_mentioned': 'other', 'message_length': 36}
2025-09-25 19:43:20 | INFO | Processed message: {'message': 'I just saw a story! It was exciting.', 'author': 'Bob', 'timestamp': '2025-09-25 19:43:20', 'category': 'other', 'sentiment': 0.01, 'keyword_mentioned': 'other', 'message_length': 36}
2025-09-25 19:43:20 | INFO | Calling SQLite insert_message() with:
2025-09-25 19:43:20 | INFO | message={'message': 'I just saw a story! It was exciting.', 'author': 'Bob', 'timestamp': '2025-09-25 19:43:20', 'category': 'other', 'sentiment': 0.01, 'keyword_mentioned': 'other', 'message_length': 36}
2025-09-25 19:43:20 | INFO | db_path=PosixPath('PROJECT_ROOT/data/buzz.sqlite')
2025-09-25 19:43:20 | INFO | Inserted one message into table: messages_other
2025-09-25 19:43:25 | INFO | Called process_message() with:
2025-09-25 19:43:25 | INFO |    message={'message': 'I just shared a movie! It was funny.', 'author': 'Eve', 'timestamp': '2025-09-25 19:43:25', 'category': 'entertainment', 'sentiment': 0.71, 'keyword_mentioned': 'movie', 'message_length': 36}
2025-09-25 19:43:25 | INFO | Processed message: {'message': 'I just shared a movie! It was funny.', 'author': 'Eve', 'timestamp': '2025-09-25 19:43:25', 'category': 'entertainment', 'sentiment': 0.71, 'keyword_mentioned': 'movie', 'message_length': 36}
2025-09-25 19:43:25 | INFO | Calling SQLite insert_message() with:
2025-09-25 19:43:25 | INFO | message={'message': 'I just shared a movie! It was funny.', 'author': 'Eve', 'timestamp': '2025-09-25 19:43:25', 'category': 'entertainment', 'sentiment': 0.71, 'keyword_mentioned': 'movie', 'message_length': 36}
2025-09-25 19:43:25 | INFO | db_path=PosixPath('PROJECT_ROOT/data/buzz.sqlite')
2025-09-25 19:43:25 | INFO | Inserted one message into table: messages_entertainment
2025-09-25 19:43:30 | INFO | Called process_message() with:
2025-09-25 19:43:30 | INFO |    message={'message': 'I just saw a movie! It was amazing.', 'author': 'Charlie', 'timestamp': '2025-09-25 19:43:30', 'category': 'entertainment', 'sentiment': 0.95, 'keyword_mentioned': 'movie', 'message_length': 35}
2025-09-25 19:43:30 | INFO | Processed message: {'message': 'I just saw a movie! It was amazing.', 'author': 'Charlie', 'timestamp': '2025-09-25 19:43:30', 'category': 'entertainment', 'sentiment': 0.95, 'keyword_mentioned': 'movie', 'message_length': 35}
2025-09-25 19:43:30 | INFO | Calling SQLite insert_message() with:
2025-09-25 19:43:30 | INFO | message={'message': 'I just saw a movie! It was amazing.', 'author': 'Charlie', 'timestamp': '2025-09-25 19:43:30', 'category': 'entertainment', 'sentiment': 0.95, 'keyword_mentioned': 'movie', 'message_length': 35}
2025-09-25 19:43:30 | INFO | db_path=PosixPath('PROJECT_ROOT/data/buzz.sqlite')
2025-09-25 19:43:30 | INFO | Inserted one message into table: messages_entertainment
2025-09-25 19:43:35 | INFO | Called process_message() with:
2025-09-25 19:43:35 | INFO |    message={'message': 'I just shared Python! It was exciting.', 'author': 'Bob', 'timestamp': '2025-09-25 19:43:35', 'category': 'tech', 'sentiment': 0.29, 'keyword_mentioned': 'Python', 'message_length': 38}
2025-09-25 19:43:35 | INFO | Processed message: {'message': 'I just shared Python! It was exciting.', 'author': 'Bob', 'timestamp': '2025-09-25 19:43:35', 'category': 'tech', 'sentiment': 0.29, 'keyword_mentioned': 'Python', 'message_length': 38}
2025-09-25 19:43:35 | INFO | Calling SQLite insert_message() with:
2025-09-25 19:43:35 | INFO | message={'message': 'I just shared Python! It was exciting.', 'author': 'Bob', 'timestamp': '2025-09-25 19:43:35', 'category': 'tech', 'sentiment': 0.29, 'keyword_mentioned': 'Python', 'message_length': 38}
2025-09-25 19:43:35 | INFO | db_path=PosixPath('PROJECT_ROOT/data/buzz.sqlite')
2025-09-25 19:43:35 | INFO | Inserted one message into table: messages_tech
2025-09-25 19:43:40 | INFO | Called process_message() with:
2025-09-25 19:43:40 | INFO |    message={'message': 'I just saw a story! It was amazing.', 'author': 'Charlie', 'timestamp': '2025-09-25 19:43:40', 'category': 'other', 'sentiment': 0.53, 'keyword_mentioned': 'other', 'message_length': 35}
2025-09-25 19:43:40 | INFO | Processed message: {'message': 'I just saw a story! It was amazing.', 'author': 'Charlie', 'timestamp': '2025-09-25 19:43:40', 'category': 'other', 'sentiment': 0.53, 'keyword_mentioned': 'other', 'message_length': 35}
2025-09-25 19:43:40 | INFO | Calling SQLite insert_message() with:
2025-09-25 19:43:40 | INFO | message={'message': 'I just saw a story! It was amazing.', 'author': 'Charlie', 'timestamp': '2025-09-25 19:43:40', 'category': 'other', 'sentiment': 0.53, 'keyword_mentioned': 'other', 'message_length': 35}
2025-09-25 19:43:40 | INFO | db_path=PosixPath('PROJECT_ROOT/data/buzz.sqlite')
2025-09-25 19:43:44 | INFO | Inserted one message into table: messages_other
2025-09-25 19:43:45 | WARNING | Consumer interrupted by user.
2025-09-25 19:43:45 | INFO | Consumer shutting down.
