2025-09-25 19:38:01 | INFO | {'message': 'I just tried JavaScript! It was weird.', 'author': 'Charlie', 'timestamp': '2025-09-25 19:38:01', 'category': 'tech', 'sentiment': 0.5, 'keyword_mentioned': 'JavaScript', 'message_length': 38}
2025-09-25 19:38:06 | INFO | {'message': 'I just shared JavaScript! It was weird.', 'author': 'Bob', 'timestamp': '2025-09-25 19:38:06', 'category': 'tech', 'sentiment': 0.01, 'keyword_mentioned': 'JavaScript', 'message_length': 39}
2025-09-25 19:38:11 | INFO | {'message': 'I just found a trick! It was funny.', 'author': 'Bob', 'timestamp': '2025-09-25 19:38:11', 'category': 'other', 'sentiment': 0.34, 'keyword_mentioned': 'other', 'message_length': 35}
2025-09-25 19:38:17 | INFO | {'message': 'I just saw a story! It was boring.', 'author': 'Alice', 'timestamp': '2025-09-25 19:38:17', 'category': 'other', 'sentiment': 0.89, 'keyword_mentioned': 'other', 'message_length': 34}
2025-09-25 19:38:22 | INFO | {'message': 'I just shared travel! It was amazing.', 'author': 'Bob', 'timestamp': '2025-09-25 19:38:22', 'category': 'travel', 'sentiment': 0.0, 'keyword_mentioned': 'travel', 'message_length': 37}
2025-09-25 19:38:27 | INFO | {'message': 'I just saw recipe! It was boring.', 'author': 'Bob', 'timestamp': '2025-09-25 19:38:27', 'category': 'food', 'sentiment': 0.34, 'keyword_mentioned': 'recipe', 'message_length': 33}
2025-09-25 19:38:32 | INFO | {'message': 'I just loved recipe! It was boring.', 'author': 'Bob', 'timestamp': '2025-09-25 19:38:32', 'category': 'food', 'sentiment': 0.09, 'keyword_mentioned': 'recipe', 'message_length': 35}
2025-09-25 19:38:37 | INFO | {'message': 'I just shared Python! It was weird.', 'author': 'Alice', 'timestamp': '2025-09-25 19:38:37', 'category': 'tech', 'sentiment': 0.35, 'keyword_mentioned': 'Python', 'message_length': 35}
2025-09-25 19:38:42 | INFO | {'message': 'I just found game! It was weird.', 'author': 'Bob', 'timestamp': '2025-09-25 19:38:42', 'category': 'gaming', 'sentiment': 0.98, 'keyword_mentioned': 'game', 'message_length': 32}
2025-09-25 19:38:48 | INFO | {'message': 'I just tried recipe! It was weird.', 'author': 'Charlie', 'timestamp': '2025-09-25 19:38:48', 'category': 'food', 'sentiment': 0.57, 'keyword_mentioned': 'recipe', 'message_length': 34}
2025-09-25 19:38:53 | INFO | {'message': 'I just found JavaScript! It was boring.', 'author': 'Bob', 'timestamp': '2025-09-25 19:38:53', 'category': 'tech', 'sentiment': 0.58, 'keyword_mentioned': 'JavaScript', 'message_length': 39}
2025-09-25 19:38:58 | INFO | {'message': 'I just saw JavaScript! It was amazing.', 'author': 'Charlie', 'timestamp': '2025-09-25 19:38:58', 'category': 'tech', 'sentiment': 0.92, 'keyword_mentioned': 'JavaScript', 'message_length': 38}
2025-09-25 19:39:03 | INFO | {'message': 'I just shared a meme! It was weird.', 'author': 'Bob', 'timestamp': '2025-09-25 19:39:03', 'category': 'humor', 'sentiment': 0.74, 'keyword_mentioned': 'meme', 'message_length': 35}
2025-09-25 19:39:08 | INFO | {'message': 'I just shared JavaScript! It was exciting.', 'author': 'Bob', 'timestamp': '2025-09-25 19:39:08', 'category': 'tech', 'sentiment': 0.03, 'keyword_mentioned': 'JavaScript', 'message_length': 42}
2025-09-25 19:39:13 | INFO | {'message': 'I just shared a story! It was funny.', 'author': 'Bob', 'timestamp': '2025-09-25 19:39:13', 'category': 'other', 'sentiment': 0.11, 'keyword_mentioned': 'other', 'message_length': 36}
2025-09-25 19:39:18 | INFO | {'message': 'I just loved a meme! It was weird.', 'author': 'Eve', 'timestamp': '2025-09-25 19:39:18', 'category': 'humor', 'sentiment': 0.77, 'keyword_mentioned': 'meme', 'message_length': 34}
2025-09-25 19:39:23 | INFO | {'message': 'I just saw Python! It was weird.', 'author': 'Eve', 'timestamp': '2025-09-25 19:39:23', 'category': 'tech', 'sentiment': 0.31, 'keyword_mentioned': 'Python', 'message_length': 32}
2025-09-25 19:39:28 | INFO | {'message': 'I just loved a trick! It was amazing.', 'author': 'Charlie', 'timestamp': '2025-09-25 19:39:28', 'category': 'other', 'sentiment': 0.74, 'keyword_mentioned': 'other', 'message_length': 37}
2025-09-25 19:39:34 | INFO | {'message': 'I just saw Python! It was weird.', 'author': 'Eve', 'timestamp': '2025-09-25 19:39:34', 'category': 'tech', 'sentiment': 0.22, 'keyword_mentioned': 'Python', 'message_length': 32}
2025-09-25 19:39:39 | INFO | {'message': 'I just shared a trick! It was funny.', 'author': 'Charlie', 'timestamp': '2025-09-25 19:39:39', 'category': 'other', 'sentiment': 0.07, 'keyword_mentioned': 'other', 'message_length': 36}
2025-09-25 19:39:44 | INFO | {'message': 'I just shared a story! It was boring.', 'author': 'Eve', 'timestamp': '2025-09-25 19:39:44', 'category': 'other', 'sentiment': 0.89, 'keyword_mentioned': 'other', 'message_length': 37}
2025-09-25 19:39:49 | INFO | {'message': 'I just loved an app! It was funny.', 'author': 'Eve', 'timestamp': '2025-09-25 19:39:49', 'category': 'other', 'sentiment': 0.32, 'keyword_mentioned': 'other', 'message_length': 34}
2025-09-25 19:39:55 | INFO | {'message': 'I just tried a meme! It was weird.', 'author': 'Eve', 'timestamp': '2025-09-25 19:39:55', 'category': 'humor', 'sentiment': 0.89, 'keyword_mentioned': 'meme', 'message_length': 34}
2025-09-25 19:40:00 | INFO | {'message': 'I just shared game! It was amazing.', 'author': 'Bob', 'timestamp': '2025-09-25 19:40:00', 'category': 'gaming', 'sentiment': 0.86, 'keyword_mentioned': 'game', 'message_length': 35}
2025-09-25 19:40:05 | INFO | {'message': 'I just saw a trick! It was amazing.', 'author': 'Bob', 'timestamp': '2025-09-25 19:40:05', 'category': 'other', 'sentiment': 0.41, 'keyword_mentioned': 'other', 'message_length': 35}
2025-09-25 19:40:10 | INFO | {'message': 'I just saw a meme! It was funny.', 'author': 'Eve', 'timestamp': '2025-09-25 19:40:10', 'category': 'humor', 'sentiment': 0.89, 'keyword_mentioned': 'meme', 'message_length': 32}
2025-09-25 19:40:15 | INFO | {'message': 'I just saw a trick! It was funny.', 'author': 'Eve', 'timestamp': '2025-09-25 19:40:15', 'category': 'other', 'sentiment': 0.22, 'keyword_mentioned': 'other', 'message_length': 33}
2025-09-25 19:40:20 | INFO | {'message': 'I just saw recipe! It was weird.', 'author': 'Bob', 'timestamp': '2025-09-25 19:40:20', 'category': 'food', 'sentiment': 0.38, 'keyword_mentioned': 'recipe', 'message_length': 32}
2025-09-25 19:40:25 | INFO | {'message': 'I just loved an app! It was exciting.', 'author': 'Alice', 'timestamp': '2025-09-25 19:40:25', 'category': 'other', 'sentiment': 0.66, 'keyword_mentioned': 'other', 'message_length': 37}
2025-09-25 19:40:30 | INFO | {'message': 'I just shared Python! It was exciting.', 'author': 'Eve', 'timestamp': '2025-09-25 19:40:30', 'category': 'tech', 'sentiment': 0.68, 'keyword_mentioned': 'Python', 'message_length': 38}
2025-09-25 19:40:35 | INFO | {'message': 'I just loved game! It was weird.', 'author': 'Charlie', 'timestamp': '2025-09-25 19:40:35', 'category': 'gaming', 'sentiment': 0.18, 'keyword_mentioned': 'game', 'message_length': 32}
2025-09-25 19:40:40 | INFO | {'message': 'I just found a trick! It was funny.', 'author': 'Bob', 'timestamp': '2025-09-25 19:40:40', 'category': 'other', 'sentiment': 0.36, 'keyword_mentioned': 'other', 'message_length': 35}
2025-09-25 19:40:45 | INFO | {'message': 'I just shared JavaScript! It was weird.', 'author': 'Bob', 'timestamp': '2025-09-25 19:40:45', 'category': 'tech', 'sentiment': 0.24, 'keyword_mentioned': 'JavaScript', 'message_length': 39}
2025-09-25 19:40:50 | INFO | {'message': 'I just shared a trick! It was boring.', 'author': 'Bob', 'timestamp': '2025-09-25 19:40:50', 'category': 'other', 'sentiment': 0.91, 'keyword_mentioned': 'other', 'message_length': 37}
2025-09-25 19:40:55 | INFO | {'message': 'I just tried travel! It was exciting.', 'author': 'Alice', 'timestamp': '2025-09-25 19:40:55', 'category': 'travel', 'sentiment': 0.01, 'keyword_mentioned': 'travel', 'message_length': 37}
2025-09-25 19:41:01 | INFO | {'message': 'I just found travel! It was funny.', 'author': 'Eve', 'timestamp': '2025-09-25 19:41:01', 'category': 'travel', 'sentiment': 0.34, 'keyword_mentioned': 'travel', 'message_length': 34}
2025-09-25 19:41:06 | INFO | {'message': 'I just loved a movie! It was amazing.', 'author': 'Alice', 'timestamp': '2025-09-25 19:41:06', 'category': 'entertainment', 'sentiment': 0.04, 'keyword_mentioned': 'movie', 'message_length': 37}
2025-09-25 19:41:11 | INFO | {'message': 'I just found travel! It was boring.', 'author': 'Eve', 'timestamp': '2025-09-25 19:41:11', 'category': 'travel', 'sentiment': 0.94, 'keyword_mentioned': 'travel', 'message_length': 35}
2025-09-25 19:41:16 | INFO | {'message': 'I just tried a movie! It was weird.', 'author': 'Charlie', 'timestamp': '2025-09-25 19:41:16', 'category': 'entertainment', 'sentiment': 0.81, 'keyword_mentioned': 'movie', 'message_length': 35}
2025-09-25 19:41:21 | INFO | {'message': 'I just tried travel! It was weird.', 'author': 'Eve', 'timestamp': '2025-09-25 19:41:21', 'category': 'travel', 'sentiment': 0.98, 'keyword_mentioned': 'travel', 'message_length': 34}
2025-09-25 19:41:26 | INFO | {'message': 'I just found Python! It was boring.', 'author': 'Charlie', 'timestamp': '2025-09-25 19:41:26', 'category': 'tech', 'sentiment': 0.86, 'keyword_mentioned': 'Python', 'message_length': 35}
2025-09-25 19:41:32 | INFO | {'message': 'I just loved recipe! It was funny.', 'author': 'Eve', 'timestamp': '2025-09-25 19:41:32', 'category': 'food', 'sentiment': 0.42, 'keyword_mentioned': 'recipe', 'message_length': 34}
2025-09-25 19:41:37 | INFO | {'message': 'I just tried an app! It was exciting.', 'author': 'Charlie', 'timestamp': '2025-09-25 19:41:37', 'category': 'other', 'sentiment': 0.23, 'keyword_mentioned': 'other', 'message_length': 37}
2025-09-25 19:41:42 | INFO | {'message': 'I just tried recipe! It was boring.', 'author': 'Alice', 'timestamp': '2025-09-25 19:41:42', 'category': 'food', 'sentiment': 0.68, 'keyword_mentioned': 'recipe', 'message_length': 35}
2025-09-25 19:41:47 | INFO | {'message': 'I just saw game! It was amazing.', 'author': 'Charlie', 'timestamp': '2025-09-25 19:41:47', 'category': 'gaming', 'sentiment': 0.71, 'keyword_mentioned': 'game', 'message_length': 32}
2025-09-25 19:41:52 | INFO | {'message': 'I just saw Python! It was weird.', 'author': 'Eve', 'timestamp': '2025-09-25 19:41:52', 'category': 'tech', 'sentiment': 0.23, 'keyword_mentioned': 'Python', 'message_length': 32}
2025-09-25 19:41:57 | INFO | {'message': 'I just shared game! It was boring.', 'author': 'Bob', 'timestamp': '2025-09-25 19:41:57', 'category': 'gaming', 'sentiment': 0.65, 'keyword_mentioned': 'game', 'message_length': 34}
2025-09-25 19:42:02 | INFO | {'message': 'I just found a story! It was boring.', 'author': 'Bob', 'timestamp': '2025-09-25 19:42:02', 'category': 'other', 'sentiment': 0.01, 'keyword_mentioned': 'other', 'message_length': 36}
2025-09-25 19:42:08 | INFO | {'message': 'I just shared recipe! It was weird.', 'author': 'Alice', 'timestamp': '2025-09-25 19:42:08', 'category': 'food', 'sentiment': 0.45, 'keyword_mentioned': 'recipe', 'message_length': 35}
2025-09-25 19:42:13 | INFO | {'message': 'I just shared a trick! It was weird.', 'author': 'Eve', 'timestamp': '2025-09-25 19:42:13', 'category': 'other', 'sentiment': 0.14, 'keyword_mentioned': 'other', 'message_length': 36}
2025-09-25 19:42:18 | INFO | {'message': 'I just shared a meme! It was amazing.', 'author': 'Charlie', 'timestamp': '2025-09-25 19:42:18', 'category': 'humor', 'sentiment': 0.81, 'keyword_mentioned': 'meme', 'message_length': 37}
2025-09-25 19:42:23 | INFO | {'message': 'I just loved travel! It was exciting.', 'author': 'Alice', 'timestamp': '2025-09-25 19:42:23', 'category': 'travel', 'sentiment': 0.19, 'keyword_mentioned': 'travel', 'message_length': 37}
2025-09-25 19:42:28 | INFO | {'message': 'I just shared a trick! It was boring.', 'author': 'Eve', 'timestamp': '2025-09-25 19:42:28', 'category': 'other', 'sentiment': 0.65, 'keyword_mentioned': 'other', 'message_length': 37}
2025-09-25 19:42:33 | INFO | {'message': 'I just tried a story! It was amazing.', 'author': 'Charlie', 'timestamp': '2025-09-25 19:42:33', 'category': 'other', 'sentiment': 0.46, 'keyword_mentioned': 'other', 'message_length': 37}
2025-09-25 19:42:39 | INFO | {'message': 'I just shared Python! It was weird.', 'author': 'Charlie', 'timestamp': '2025-09-25 19:42:39', 'category': 'tech', 'sentiment': 0.71, 'keyword_mentioned': 'Python', 'message_length': 35}
2025-09-25 19:42:44 | INFO | {'message': 'I just loved a trick! It was boring.', 'author': 'Eve', 'timestamp': '2025-09-25 19:42:44', 'category': 'other', 'sentiment': 0.23, 'keyword_mentioned': 'other', 'message_length': 36}
2025-09-25 19:42:49 | INFO | {'message': 'I just found Python! It was funny.', 'author': 'Charlie', 'timestamp': '2025-09-25 19:42:49', 'category': 'tech', 'sentiment': 0.32, 'keyword_mentioned': 'Python', 'message_length': 34}
2025-09-25 19:42:54 | INFO | {'message': 'I just saw a story! It was amazing.', 'author': 'Alice', 'timestamp': '2025-09-25 19:42:54', 'category': 'other', 'sentiment': 0.26, 'keyword_mentioned': 'other', 'message_length': 35}
2025-09-25 19:42:59 | INFO | {'message': 'I just saw JavaScript! It was amazing.', 'author': 'Charlie', 'timestamp': '2025-09-25 19:42:59', 'category': 'tech', 'sentiment': 0.15, 'keyword_mentioned': 'JavaScript', 'message_length': 38}
2025-09-25 19:43:04 | INFO | {'message': 'I just saw a movie! It was exciting.', 'author': 'Alice', 'timestamp': '2025-09-25 19:43:04', 'category': 'entertainment', 'sentiment': 0.09, 'keyword_mentioned': 'movie', 'message_length': 36}
2025-09-25 19:43:09 | INFO | {'message': 'I just shared Python! It was funny.', 'author': 'Alice', 'timestamp': '2025-09-25 19:43:09', 'category': 'tech', 'sentiment': 0.68, 'keyword_mentioned': 'Python', 'message_length': 35}
2025-09-25 19:43:15 | INFO | {'message': 'I just tried JavaScript! It was weird.', 'author': 'Charlie', 'timestamp': '2025-09-25 19:43:15', 'category': 'tech', 'sentiment': 0.35, 'keyword_mentioned': 'JavaScript', 'message_length': 38}
2025-09-25 19:43:20 | INFO | {'message': 'I just saw a story! It was exciting.', 'author': 'Bob', 'timestamp': '2025-09-25 19:43:20', 'category': 'other', 'sentiment': 0.01, 'keyword_mentioned': 'other', 'message_length': 36}
2025-09-25 19:43:25 | INFO | {'message': 'I just shared a movie! It was funny.', 'author': 'Eve', 'timestamp': '2025-09-25 19:43:25', 'category': 'entertainment', 'sentiment': 0.71, 'keyword_mentioned': 'movie', 'message_length': 36}
2025-09-25 19:43:30 | INFO | {'message': 'I just saw a movie! It was amazing.', 'author': 'Charlie', 'timestamp': '2025-09-25 19:43:30', 'category': 'entertainment', 'sentiment': 0.95, 'keyword_mentioned': 'movie', 'message_length': 35}
2025-09-25 19:43:35 | INFO | {'message': 'I just shared Python! It was exciting.', 'author': 'Bob', 'timestamp': '2025-09-25 19:43:35', 'category': 'tech', 'sentiment': 0.29, 'keyword_mentioned': 'Python', 'message_length': 38}
2025-09-25 19:43:40 | INFO | {'message': 'I just saw a story! It was amazing.', 'author': 'Charlie', 'timestamp': '2025-09-25 19:43:40', 'category': 'other', 'sentiment': 0.53, 'keyword_mentioned': 'other', 'message_length': 35}
2025-09-25 19:43:46 | INFO | {'message': 'I just shared a movie! It was exciting.', 'author': 'Alice', 'timestamp': '2025-09-25 19:43:46', 'category': 'entertainment', 'sentiment': 0.08, 'keyword_mentioned': 'movie', 'message_length': 39}
2025-09-25 19:43:47 | WARNING | Producer interrupted by user.
2025-09-25 19:43:47 | INFO | Kafka producer closed.
2025-09-25 19:43:47 | INFO | Producer shutting down.
